ID|Created_DTS|Problem|Solution
1|2019-10-14 20:34:36.153|649,411|411,649
2|2019-10-14 20:34:36.153|491,284|284,491
3|2019-10-14 20:34:36.153|422,274|274,422
4|2019-10-14 20:34:36.153|717,355|355,717
5|2019-10-14 20:34:36.153|547,861|547,861
6|2019-10-14 20:34:36.153|774|774
7|2019-10-14 20:34:36.153|760,229|229,760
8|2019-10-14 20:34:36.153|484,579|484,579
9|2019-10-14 20:34:36.153|734|734
10|2019-10-14 20:34:36.153|555,682|555,682
11|2019-10-14 20:34:36.153|434|434
12|2019-10-14 20:34:36.153|317,439|317,439
13|2019-10-14 20:34:36.153|738|738
14|2019-10-14 20:34:36.153|397,354|354,397
15|2019-10-14 20:34:36.153|227|227
16|2019-10-14 20:34:36.153|44,943|44,943
17|2019-10-14 20:34:36.153|181|181
18|2019-10-14 20:34:36.153|346|346
19|2019-10-14 20:34:36.153|711,53|53,711
20|2019-10-14 20:34:36.157|599,406|406,599
21|2019-10-14 20:34:36.157|548,415|415,548
22|2019-10-14 20:34:36.157|680,714|680,714
23|2019-10-14 20:34:36.157|250|250
24|2019-10-14 20:34:36.157|569,917|569,917
25|2019-10-14 20:34:36.157|333|333
26|2019-10-14 20:34:36.157|244,447|244,447
27|2019-10-14 20:34:36.157|615|615
28|2019-10-14 20:34:36.157|971|971
29|2019-10-14 20:34:36.157|937|937
30|2019-10-14 20:34:36.157|449,247|247,449
31|2019-10-14 20:34:36.157|351,699|351,699
32|2019-10-14 20:34:36.157|542,2|2,542
33|2019-10-14 20:34:36.157|460,336|336,460
34|2019-10-14 20:34:36.157|230|230
35|2019-10-14 20:34:36.157|223|223
36|2019-10-14 20:34:36.157|180|180
37|2019-10-14 20:34:36.157|824|824
38|2019-10-14 20:34:36.157|276|276
39|2019-10-14 20:34:36.157|317|317
40|2019-10-14 20:34:36.157|984|984
41|2019-10-14 20:34:36.157|454|454
42|2019-10-14 20:34:36.157|88|88
43|2019-10-14 20:34:36.157|680|680
44|2019-10-14 20:34:36.157|114,556|114,556
45|2019-10-14 20:34:36.157|756|756
46|2019-10-14 20:34:36.157|433|433
47|2019-10-14 20:34:36.157|888|888
48|2019-10-14 20:34:36.157|900|900
49|2019-10-14 20:34:36.157|119|119
50|2019-10-14 20:34:36.160|874,647|647,874
51|2019-10-14 20:34:36.160|172|172
52|2019-10-14 20:34:36.160|825,520|520,825
53|2019-10-14 20:34:36.160|523|523
54|2019-10-14 20:34:36.160|767,190|190,767
55|2019-10-14 20:34:36.160|214|214
56|2019-10-14 20:34:36.160|557,638|557,638
57|2019-10-14 20:34:36.160|69,121|69,121
58|2019-10-14 20:34:36.160|457,794|457,794
59|2019-10-14 20:34:36.160|470,927|470,927
60|2019-10-14 20:34:36.160|101|101
61|2019-10-14 20:34:36.160|790|790
62|2019-10-14 20:34:36.160|920|920
63|2019-10-14 20:34:36.160|215,89|89,215
64|2019-10-14 20:34:36.160|447|447
65|2019-10-14 20:34:36.160|291,741|291,741
66|2019-10-14 20:34:36.160|324,875|324,875
67|2019-10-14 20:34:36.160|263,415|263,415
68|2019-10-14 20:34:36.160|220,925|220,925
69|2019-10-14 20:34:36.160|677,184|184,677
70|2019-10-14 20:34:36.160|782,221|221,782
71|2019-10-14 20:34:36.160|386,708|386,708
72|2019-10-14 20:34:36.160|962|962
73|2019-10-14 20:34:36.160|670,674|670,674
74|2019-10-14 20:34:36.160|211|211
75|2019-10-14 20:34:36.160|128,813|128,813
76|2019-10-14 20:34:36.160|48|48
77|2019-10-14 20:34:36.160|846|846
78|2019-10-14 20:34:36.160|172|172
79|2019-10-14 20:34:36.160|143,140|140,143
80|2019-10-14 20:34:36.160|335|335
81|2019-10-14 20:34:36.160|855,9|9,855
82|2019-10-14 20:34:36.160|298,3|3,298
83|2019-10-14 20:34:36.160|29,698|29,698
84|2019-10-14 20:34:36.160|297|297
85|2019-10-14 20:34:36.160|457|457
86|2019-10-14 20:34:36.160|489|489
87|2019-10-14 20:34:36.160|68,284|68,284
88|2019-10-14 20:34:36.160|580|580
89|2019-10-14 20:34:36.160|15|15
90|2019-10-14 20:34:36.160|446|446
91|2019-10-14 20:34:36.160|486,765|486,765
92|2019-10-14 20:34:36.160|605|605
93|2019-10-14 20:34:36.160|536|536
94|2019-10-14 20:34:36.160|542,144|144,542
95|2019-10-14 20:34:36.160|691|691
96|2019-10-14 20:34:36.160|71,878|71,878
97|2019-10-14 20:34:36.160|349,482|349,482
98|2019-10-14 20:34:36.160|918,232|232,918
99|2019-10-14 20:34:36.160|690,944|690,944
100|2019-10-14 20:34:36.160|395,180|180,395
101|2019-10-14 20:34:36.160|939,925|925,939
102|2019-10-14 20:34:36.160|632,222|222,632
103|2019-10-14 20:34:36.160|551,733|551,733
104|2019-10-14 20:34:36.160|145|145
105|2019-10-14 20:34:36.160|157|157
106|2019-10-14 20:34:36.160|822|822
107|2019-10-14 20:34:36.160|458,668|458,668
108|2019-10-14 20:34:36.160|394,424|394,424
109|2019-10-14 20:34:36.160|91,537|91,537
110|2019-10-14 20:34:36.160|398|398
111|2019-10-14 20:34:36.160|867|867
112|2019-10-14 20:34:36.160|809|809
113|2019-10-14 20:34:36.163|49|49
114|2019-10-14 20:34:36.163|741,576|576,741
115|2019-10-14 20:34:36.163|78,379|78,379
116|2019-10-14 20:34:36.163|779,961|779,961
117|2019-10-14 20:34:36.163|89|89
118|2019-10-14 20:34:36.163|855|855
119|2019-10-14 20:34:36.163|44|44
120|2019-10-14 20:34:36.163|13|13
121|2019-10-14 20:34:36.163|166,142|142,166
122|2019-10-14 20:34:36.163|476|476
123|2019-10-14 20:34:36.163|821,675|675,821
124|2019-10-14 20:34:36.163|881|881
125|2019-10-14 20:34:36.163|905|905
126|2019-10-14 20:34:36.163|237|237
127|2019-10-14 20:34:36.163|536,893|536,893
128|2019-10-14 20:34:36.163|331,387|331,387
129|2019-10-14 20:34:36.163|67,592|67,592
130|2019-10-14 20:34:36.163|996,615|615,996
131|2019-10-14 20:34:36.163|128,167|128,167
132|2019-10-14 20:34:36.163|813,132|132,813
133|2019-10-14 20:34:36.163|776|776
134|2019-10-14 20:34:36.163|837|837
135|2019-10-14 20:34:36.163|452|452
136|2019-10-14 20:34:36.163|866,247|247,866
137|2019-10-14 20:34:36.163|340,688|340,688
138|2019-10-14 20:34:36.163|970,582|582,970
139|2019-10-14 20:34:36.163|164|164
140|2019-10-14 20:34:36.163|596|596
141|2019-10-14 20:34:36.163|787|787
142|2019-10-14 20:34:36.163|279,116|116,279
143|2019-10-14 20:34:36.163|37|37
144|2019-10-14 20:34:36.163|246,658|246,658
145|2019-10-14 20:34:36.163|944|944
146|2019-10-14 20:34:36.163|884,579|579,884
147|2019-10-14 20:34:36.163|240|240
148|2019-10-14 20:34:36.163|446|446
149|2019-10-14 20:34:36.163|597,890|597,890
150|2019-10-14 20:34:36.163|931|931
151|2019-10-14 20:34:36.163|43|43
152|2019-10-14 20:34:36.163|741|741
153|2019-10-14 20:34:36.163|794|794
154|2019-10-14 20:34:36.163|58|58
155|2019-10-14 20:34:36.163|467,677|467,677
156|2019-10-14 20:34:36.163|647,365|365,647
157|2019-10-14 20:34:36.163|487,383|383,487
158|2019-10-14 20:34:36.167|269,91|91,269
159|2019-10-14 20:34:36.167|742|742
160|2019-10-14 20:34:36.167|468|468
161|2019-10-14 20:34:36.167|362,778|362,778
162|2019-10-14 20:34:36.167|424,349|349,424
163|2019-10-14 20:34:36.167|36,385|36,385
164|2019-10-14 20:34:36.167|259,141|141,259
165|2019-10-14 20:34:36.167|823|823
166|2019-10-14 20:34:36.167|113|113
167|2019-10-14 20:34:36.167|797,243|243,797
168|2019-10-14 20:34:36.167|631,953|631,953
169|2019-10-14 20:34:36.167|121|121
170|2019-10-14 20:34:36.167|525,203|203,525
171|2019-10-14 20:34:36.167|127,264|127,264
172|2019-10-14 20:34:36.167|453,974|453,974
173|2019-10-14 20:34:36.167|475,354|354,475
174|2019-10-14 20:34:36.167|893|893
175|2019-10-14 20:34:36.167|575|575
176|2019-10-14 20:34:36.167|935,41|41,935
177|2019-10-14 20:34:36.167|56|56
178|2019-10-14 20:34:36.167|560|560
179|2019-10-14 20:34:36.167|321|321
180|2019-10-14 20:34:36.167|612,270|270,612
181|2019-10-14 20:34:36.167|948|948
182|2019-10-14 20:34:36.167|288|288
183|2019-10-14 20:34:36.167|866|866
184|2019-10-14 20:34:36.167|853,220|220,853
185|2019-10-14 20:34:36.167|300,355|300,355
186|2019-10-14 20:34:36.167|637|637
187|2019-10-14 20:34:36.167|686,972|686,972
188|2019-10-14 20:34:36.167|232,653|232,653
189|2019-10-14 20:34:36.167|687,106|106,687
190|2019-10-14 20:34:36.167|971,949|949,971
191|2019-10-14 20:34:36.167|615,581|581,615
192|2019-10-14 20:34:36.167|829|829
193|2019-10-14 20:34:36.167|360,114|114,360
194|2019-10-14 20:34:36.167|275,721|275,721
195|2019-10-14 20:34:36.167|291,845|291,845
196|2019-10-14 20:34:36.167|200|200
197|2019-10-14 20:34:36.167|303,580|303,580
198|2019-10-14 20:34:36.167|877,514|514,877
199|2019-10-14 20:34:36.167|256,198|198,256
200|2019-10-14 20:34:36.167|404,171|171,404

(200 rows affected)

