Id,RowVersion,Create_DTS,Update_DTS,Generation,Group_TrainingScore,Group_TestScore,EligibleParents_TrainingScore,EligibleParents_TestScore,TestCase_Best_Individuals_TrainingScore,TestCase_Best_leIndividuals_TestScore,BestIndividual_TrainingScore,BestIndividual_TestScore,Elite_Size,Elite_TestCases,Total_TestCases,Opening_Balance,Population_Size,Alternation_Rate,Uniform_Mutation_Rate
1,0x0000000000041181,2019-01-13 00:05:12.473,2019-01-13 00:05:12.473,1,-1.79769313486232E+308,-1.79769313486232E+308,25311.1624372005,-8782.56973791122,44673.6701350212,-9055.63129615784,70082.4552106857,-8356.54982948303,4,0,23,10000,25,0.2,0.2
2,0x0000000000041182,2019-01-13 00:29:27.577,2019-01-13 00:29:27.577,2,-1.79769313486232E+308,-1.79769313486232E+308,-1.79769313486232E+308,-1.79769313486232E+308,71443.1589269638,-8357.03984355927,-6146.57532000542,3886.71130037308,3,0,23,10000,25,0.2,0.2
3,0x0000000000041183,2019-01-13 00:43:44.533,2019-01-13 00:43:44.533,3,-1.79769313486232E+308,-1.79769313486232E+308,-5575.33006060123,-5545.55935287476,10268.7819206715,-9993.3412899971,70082.4552106857,-8356.54982948303,8,0,23,10000,25,0.2,0.2
4,0x0000000000041184,2019-01-13 01:09:38.400,2019-01-13 01:09:38.400,4,70082.4552106857,-8356.54982948303,70082.4552106857,-8356.54982948303,70082.4552106857,-8356.54982948303,70082.4552106857,-8356.54982948303,13,0,23,10000,25,0.2,0.2
5,0x0000000000041185,2019-01-13 01:16:42.000,2019-01-13 01:16:42.000,5,70082.4552106857,-8356.54982948303,70082.4552106857,-8356.54982948303,70082.4552106857,-8356.54982948303,70082.4552106857,-8356.54982948303,14,0,23,10000,25,0.2,0.2
6,0x0000000000041186,2019-01-13 01:23:48.393,2019-01-13 01:23:48.393,6,70082.4552106857,-8356.54982948303,70082.4552106857,-8356.54982948303,70082.4552106857,-8356.54982948303,70082.4552106857,-8356.54982948303,13,0,23,10000,25,0.2,0.2
7,0x0000000000041187,2019-01-13 01:30:00.900,2019-01-13 01:30:00.900,7,-1.79769313486232E+308,-1.79769313486232E+308,70082.4552106857,-8356.54982948303,70082.4552106857,-8356.54982948303,70082.4552106857,-8356.54982948303,11,0,23,10000,25,0.2,0.2
8,0x0000000000041188,2019-01-13 01:36:47.157,2019-01-13 01:36:47.157,8,-1.79769313486232E+308,-1.79769313486232E+308,70082.4552106857,-8356.54982948303,70082.4552106857,-8356.54982948303,70082.4552106857,-8356.54982948303,9,0,23,10000,25,0.2,0.2
9,0x0000000000041189,2019-01-13 01:43:05.187,2019-01-13 01:43:05.187,9,-1.79769313486232E+308,-1.79769313486232E+308,70082.4552106857,-8356.54982948303,70082.4552106857,-8356.54982948303,70082.4552106857,-8356.54982948303,10,0,23,10000,25,0.2,0.2
10,0x000000000004118A,2019-01-13 01:51:38.903,2019-01-13 01:51:38.903,10,-1.79769313486232E+308,-1.79769313486232E+308,70082.4552106857,-8356.54982948303,70082.4552106857,-8356.54982948303,70082.4552106857,-8356.54982948303,10,0,23,10000,25,0.2,0.2
11,0x000000000004118B,2019-01-13 02:00:30.267,2019-01-13 02:00:30.267,11,-1.79769313486232E+308,-1.79769313486232E+308,70082.4552106857,-8356.54982948303,70082.4552106857,-8356.54982948303,70082.4552106857,-8356.54982948303,3,0,23,10000,25,0.2,0.2
12,0x000000000004118C,2019-01-13 02:09:36.530,2019-01-13 02:09:36.530,12,-1.79769313486232E+308,-1.79769313486232E+308,70082.4552106857,-8356.54982948303,70082.4552106857,-8356.54982948303,70082.4552106857,-8356.54982948303,9,0,23,10000,25,0.2,0.2
13,0x000000000004118D,2019-01-13 02:17:44.380,2019-01-13 02:17:44.380,13,-1.79769313486232E+308,-1.79769313486232E+308,70082.4552106857,-8356.54982948303,70082.4552106857,-8356.54982948303,70082.4552106857,-8356.54982948303,9,0,23,10000,25,0.2,0.2
14,0x000000000004118E,2019-01-13 02:24:22.680,2019-01-13 02:24:22.680,14,70082.4552106857,-8356.54982948303,70082.4552106857,-8356.54982948303,70082.4552106857,-8356.54982948303,70082.4552106857,-8356.54982948303,12,0,23,10000,25,0.2,0.2
15,0x000000000004118F,2019-01-13 02:29:13.750,2019-01-13 02:29:13.750,15,70082.4552106857,-8356.54982948303,70082.4552106857,-8356.54982948303,70082.4552106857,-8356.54982948303,70082.4552106857,-8356.54982948303,14,0,23,10000,25,0.2,0.2
16,0x0000000000041190,2019-01-13 02:32:16.210,2019-01-13 02:32:16.210,16,70082.4552106857,-8356.54982948303,70082.4552106857,-8356.54982948303,70082.4552106857,-8356.54982948303,70082.4552106857,-8356.54982948303,13,0,23,10000,25,0.2,0.2
17,0x0000000000041191,2019-01-13 02:35:20.497,2019-01-13 02:35:20.497,17,70082.4552106857,-8356.54982948303,70082.4552106857,-8356.54982948303,70082.4552106857,-8356.54982948303,70082.4552106857,-8356.54982948303,17,0,23,10000,25,0.2,0.2
18,0x0000000000041192,2019-01-13 02:48:14.560,2019-01-13 02:48:14.560,18,-1.79769313486232E+308,-1.79769313486232E+308,70082.4552106857,-8356.54982948303,70082.4552106857,-8356.54982948303,70082.4552106857,-8356.54982948303,11,0,23,10000,25,0.2,0.2
19,0x0000000000041193,2019-01-13 03:55:57.560,2019-01-13 03:55:57.560,19,-1.79769313486232E+308,-1.79769313486232E+308,70082.4552106857,-8356.54982948303,70082.4552106857,-8356.54982948303,70082.4552106857,-8356.54982948303,10,0,23,10000,25,0.2,0.2
20,0x0000000000041194,2019-01-13 04:00:03.610,2019-01-13 04:00:03.610,20,-1.79769313486232E+308,-1.79769313486232E+308,70082.4552106857,-8356.54982948303,70082.4552106857,-8356.54982948303,70082.4552106857,-8356.54982948303,6,0,23,10000,25,0.2,0.2
21,0x0000000000041195,2019-01-13 04:03:27.080,2019-01-13 04:03:27.080,21,70082.4552106857,-8356.54982948303,70082.4552106857,-8356.54982948303,70082.4552106857,-8356.54982948303,70082.4552106857,-8356.54982948303,12,0,23,10000,25,0.2,0.2
22,0x0000000000041196,2019-01-13 04:08:15.633,2019-01-13 04:08:15.633,22,-1.79769313486232E+308,-1.79769313486232E+308,70082.4552106857,-8356.54982948303,70082.4552106857,-8356.54982948303,70082.4552106857,-8356.54982948303,10,0,23,10000,25,0.2,0.2
23,0x0000000000041197,2019-01-13 04:13:03.097,2019-01-13 04:13:03.097,23,-1.79769313486232E+308,-1.79769313486232E+308,70082.4552106857,-8356.54982948303,70082.4552106857,-8356.54982948303,70082.4552106857,-8356.54982948303,12,0,23,10000,25,0.2,0.2
24,0x0000000000041198,2019-01-13 04:22:45.223,2019-01-13 04:22:45.223,24,-1.79769313486232E+308,-1.79769313486232E+308,70082.4552106857,-8356.54982948303,70082.4552106857,-8356.54982948303,70082.4552106857,-8356.54982948303,11,0,23,10000,25,0.2,0.2
25,0x0000000000041199,2019-01-13 04:30:41.157,2019-01-13 04:30:41.157,25,-1.79769313486232E+308,-1.79769313486232E+308,70082.4552106857,-8356.54982948303,70082.4552106857,-8356.54982948303,70082.4552106857,-8356.54982948303,8,0,23,10000,25,0.2,0.2
26,0x000000000004119A,2019-01-13 04:36:00.480,2019-01-13 04:36:00.480,26,-1.79769313486232E+308,-1.79769313486232E+308,70082.4552106857,-8356.54982948303,70082.4552106857,-8356.54982948303,70082.4552106857,-8356.54982948303,12,0,23,10000,25,0.2,0.2
27,0x000000000004119B,2019-01-13 04:42:02.563,2019-01-13 04:42:02.563,27,70082.4552106857,-8356.54982948303,70082.4552106857,-8356.54982948303,70082.4552106857,-8356.54982948303,70082.4552106857,-8356.54982948303,14,0,23,10000,25,0.2,0.2
28,0x000000000004119C,2019-01-13 04:54:38.833,2019-01-13 04:54:38.833,28,-1.79769313486232E+308,-1.79769313486232E+308,70082.4552106857,-8356.54982948303,70082.4552106857,-8356.54982948303,70082.4552106857,-8356.54982948303,9,0,23,10000,25,0.2,0.2
29,0x000000000004119D,2019-01-13 04:59:42.153,2019-01-13 04:59:42.153,29,70082.4552106857,-8356.54982948303,70082.4552106857,-8356.54982948303,70082.4552106857,-8356.54982948303,70082.4552106857,-8356.54982948303,15,0,23,10000,25,0.2,0.2
30,0x000000000004119E,2019-01-13 05:04:52.437,2019-01-13 05:04:52.437,30,70082.4552106857,-8356.54982948303,70082.4552106857,-8356.54982948303,70082.4552106857,-8356.54982948303,70082.4552106857,-8356.54982948303,14,0,23,10000,25,0.2,0.2
31,0x000000000004119F,2019-01-13 05:13:03.317,2019-01-13 05:13:03.317,31,35118.8917655945,-5326.60999965668,70082.4552106857,-8356.54982948303,70082.4552106857,-8356.54982948303,70082.4552106857,-8356.54982948303,12,0,23,10000,25,0.2,0.2
32,0x00000000000411A0,2019-01-13 05:21:42.343,2019-01-13 05:21:42.343,32,-1.79769313486232E+308,-1.79769313486232E+308,70082.4552106857,-8356.54982948303,70082.4552106857,-8356.54982948303,70082.4552106857,-8356.54982948303,9,0,23,10000,25,0.2,0.2
33,0x00000000000411A1,2019-01-13 05:29:13.353,2019-01-13 05:29:13.353,33,-1.79769313486232E+308,-1.79769313486232E+308,-1.79769313486232E+308,-1.79769313486232E+308,70082.4552106857,-8356.54982948303,70082.4552106857,-8356.54982948303,6,0,23,10000,25,0.2,0.2
34,0x00000000000411A2,2019-01-13 05:35:51.313,2019-01-13 05:35:51.313,34,-1.79769313486232E+308,-1.79769313486232E+308,70082.4552106857,-8356.54982948303,70082.4552106857,-8356.54982948303,70082.4552106857,-8356.54982948303,8,0,23,10000,25,0.2,0.2
35,0x00000000000411A3,2019-01-13 05:44:03.567,2019-01-13 05:44:03.567,35,-1.79769313486232E+308,-1.79769313486232E+308,70082.4552106857,-8356.54982948303,70082.4552106857,-8356.54982948303,70082.4552106857,-8356.54982948303,11,0,23,10000,25,0.2,0.2
36,0x00000000000411A4,2019-01-13 05:48:40.040,2019-01-13 05:48:40.040,36,70082.4552106857,-8356.54982948303,70082.4552106857,-8356.54982948303,70082.4552106857,-8356.54982948303,70082.4552106857,-8356.54982948303,13,0,23,10000,25,0.2,0.2
37,0x00000000000411A5,2019-01-13 05:57:32.077,2019-01-13 05:57:32.077,37,-1.79769313486232E+308,-1.79769313486232E+308,70082.4552106857,-8356.54982948303,70082.4552106857,-8356.54982948303,70082.4552106857,-8356.54982948303,10,0,23,10000,25,0.2,0.2
38,0x00000000000411A6,2019-01-13 06:04:03.973,2019-01-13 06:04:03.973,38,-1.79769313486232E+308,-1.79769313486232E+308,70082.4552106857,-8356.54982948303,70082.4552106857,-8356.54982948303,70082.4552106857,-8356.54982948303,11,0,23,10000,25,0.2,0.2
39,0x00000000000411A7,2019-01-13 06:11:53.407,2019-01-13 06:11:53.407,39,70082.4552106857,-8356.54982948303,70082.4552106857,-8356.54982948303,70082.4552106857,-8356.54982948303,70082.4552106857,-8356.54982948303,15,0,23,10000,25,0.2,0.2
40,0x00000000000411A8,2019-01-13 06:26:28.650,2019-01-13 06:26:28.650,40,70082.4552106857,-8356.54982948303,70082.4552106857,-8356.54982948303,70082.4552106857,-8356.54982948303,70082.4552106857,-8356.54982948303,22,0,23,10000,25,0.2,0.2
41,0x00000000000411A9,2019-01-13 06:39:54.583,2019-01-13 06:39:54.583,41,70082.4552106857,-8356.54982948303,70082.4552106857,-8356.54982948303,70082.4552106857,-8356.54982948303,70082.4552106857,-8356.54982948303,16,0,23,10000,25,0.2,0.2
42,0x00000000000411AA,2019-01-13 06:51:24.660,2019-01-13 06:51:24.660,42,70082.4552106857,-8356.54982948303,70082.4552106857,-8356.54982948303,70082.4552106857,-8356.54982948303,70082.4552106857,-8356.54982948303,18,0,23,10000,25,0.2,0.2
43,0x00000000000411AB,2019-01-13 07:00:14.417,2019-01-13 07:00:14.417,43,70082.4552106857,-8356.54982948303,70082.4552106857,-8356.54982948303,70082.4552106857,-8356.54982948303,70082.4552106857,-8356.54982948303,24,0,23,10000,25,0.2,0.2
44,0x00000000000411AC,2019-01-13 07:05:18.547,2019-01-13 07:05:18.547,44,70082.4552106857,-8356.54982948303,70082.4552106857,-8356.54982948303,70082.4552106857,-8356.54982948303,70082.4552106857,-8356.54982948303,22,0,23,10000,25,0.2,0.2
45,0x00000000000411AD,2019-01-13 07:10:56.167,2019-01-13 07:10:56.167,45,70082.4552106857,-8356.54982948303,70082.4552106857,-8356.54982948303,70082.4552106857,-8356.54982948303,70082.4552106857,-8356.54982948303,22,0,23,10000,25,0.2,0.2
46,0x00000000000411AE,2019-01-13 07:16:49.790,2019-01-13 07:16:49.790,46,70082.4552106857,-8356.54982948303,70082.4552106857,-8356.54982948303,70082.4552106857,-8356.54982948303,70082.4552106857,-8356.54982948303,14,0,23,10000,25,0.2,0.2
47,0x00000000000411AF,2019-01-13 07:22:40.823,2019-01-13 07:22:40.823,47,70082.4552106857,-8356.54982948303,70082.4552106857,-8356.54982948303,70082.4552106857,-8356.54982948303,70082.4552106857,-8356.54982948303,21,0,23,10000,25,0.2,0.2
48,0x00000000000411B0,2019-01-13 07:24:46.473,2019-01-13 07:24:46.473,48,70082.4552106857,-8356.54982948303,70082.4552106857,-8356.54982948303,70082.4552106857,-8356.54982948303,70082.4552106857,-8356.54982948303,16,0,23,10000,25,0.2,0.2
49,0x00000000000411B1,2019-01-13 07:26:56.783,2019-01-13 07:26:56.783,49,70082.4552106857,-8356.54982948303,70082.4552106857,-8356.54982948303,70082.4552106857,-8356.54982948303,70082.4552106857,-8356.54982948303,20,0,23,10000,25,0.2,0.2
50,0x00000000000411B2,2019-01-13 07:29:15.100,2019-01-13 07:29:15.100,50,70082.4552106857,-8356.54982948303,70082.4552106857,-8356.54982948303,70082.4552106857,-8356.54982948303,70082.4552106857,-8356.54982948303,19,0,23,10000,25,0.2,0.2
51,0x00000000000411B3,2019-01-13 07:31:25.170,2019-01-13 07:31:25.170,51,70082.4552106857,-8356.54982948303,70082.4552106857,-8356.54982948303,70082.4552106857,-8356.54982948303,70082.4552106857,-8356.54982948303,17,0,23,10000,25,0.2,0.2
52,0x00000000000411B4,2019-01-13 07:34:45.657,2019-01-13 07:34:45.657,52,70082.4552106857,-8356.54982948303,70082.4552106857,-8356.54982948303,70082.4552106857,-8356.54982948303,70082.4552106857,-8356.54982948303,18,0,23,10000,25,0.2,0.2
53,0x00000000000411B5,2019-01-13 07:36:59.813,2019-01-13 07:36:59.813,53,70082.4552106857,-8356.54982948303,70082.4552106857,-8356.54982948303,70082.4552106857,-8356.54982948303,70082.4552106857,-8356.54982948303,18,0,23,10000,25,0.2,0.2
54,0x00000000000411B6,2019-01-13 07:39:18.790,2019-01-13 07:39:18.790,54,70082.4552106857,-8356.54982948303,70082.4552106857,-8356.54982948303,70082.4552106857,-8356.54982948303,70082.4552106857,-8356.54982948303,19,0,23,10000,25,0.2,0.2
55,0x00000000000411B7,2019-01-13 07:41:39.777,2019-01-13 07:41:39.777,55,70082.4552106857,-8356.54982948303,70082.4552106857,-8356.54982948303,70082.4552106857,-8356.54982948303,70082.4552106857,-8356.54982948303,20,0,23,10000,25,0.2,0.2
56,0x00000000000411B8,2019-01-13 07:43:57.070,2019-01-13 07:43:57.070,56,70082.4552106857,-8356.54982948303,70082.4552106857,-8356.54982948303,70082.4552106857,-8356.54982948303,70082.4552106857,-8356.54982948303,20,0,23,10000,25,0.2,0.2
57,0x00000000000411B9,2019-01-13 07:46:18.430,2019-01-13 07:46:18.430,57,70082.4552106857,-8356.54982948303,70082.4552106857,-8356.54982948303,70082.4552106857,-8356.54982948303,70082.4552106857,-8356.54982948303,19,0,23,10000,25,0.2,0.2
58,0x00000000000411BA,2019-01-13 07:48:40.793,2019-01-13 07:48:40.793,58,70082.4552106857,-8356.54982948303,70082.4552106857,-8356.54982948303,70082.4552106857,-8356.54982948303,70082.4552106857,-8356.54982948303,21,0,23,10000,25,0.2,0.2
59,0x00000000000411BB,2019-01-13 07:53:30.673,2019-01-13 07:53:30.673,59,70082.4552106857,-8356.54982948303,70082.4552106857,-8356.54982948303,70082.4552106857,-8356.54982948303,70082.4552106857,-8356.54982948303,20,0,23,10000,25,0.2,0.2
60,0x00000000000411BC,2019-01-13 07:55:45.797,2019-01-13 07:55:45.797,60,70082.4552106857,-8356.54982948303,70082.4552106857,-8356.54982948303,70082.4552106857,-8356.54982948303,70082.4552106857,-8356.54982948303,19,0,23,10000,25,0.2,0.2
61,0x00000000000411BD,2019-01-13 07:58:00.880,2019-01-13 07:58:00.880,61,70082.4552106857,-8356.54982948303,70082.4552106857,-8356.54982948303,70082.4552106857,-8356.54982948303,70082.4552106857,-8356.54982948303,14,0,23,10000,25,0.2,0.2
62,0x00000000000411BE,2019-01-13 08:00:24.363,2019-01-13 08:00:24.363,62,70082.4552106857,-8356.54982948303,70082.4552106857,-8356.54982948303,70082.4552106857,-8356.54982948303,70082.4552106857,-8356.54982948303,22,0,23,10000,25,0.2,0.2
63,0x00000000000411BF,2019-01-13 08:02:43.917,2019-01-13 08:02:43.917,63,70082.4552106857,-8356.54982948303,70082.4552106857,-8356.54982948303,70082.4552106857,-8356.54982948303,70082.4552106857,-8356.54982948303,20,0,23,10000,25,0.2,0.2
64,0x00000000000411C0,2019-01-13 08:04:59.217,2019-01-13 08:04:59.217,64,70082.4552106857,-8356.54982948303,70082.4552106857,-8356.54982948303,70082.4552106857,-8356.54982948303,70082.4552106857,-8356.54982948303,17,0,23,10000,25,0.2,0.2
65,0x00000000000411C1,2019-01-13 08:07:21.190,2019-01-13 08:07:21.190,65,70082.4552106857,-8356.54982948303,70082.4552106857,-8356.54982948303,70082.4552106857,-8356.54982948303,70082.4552106857,-8356.54982948303,21,0,23,10000,25,0.2,0.2
66,0x00000000000411C2,2019-01-13 08:09:43.670,2019-01-13 08:09:43.670,66,70082.4552106857,-8356.54982948303,70082.4552106857,-8356.54982948303,70082.4552106857,-8356.54982948303,70082.4552106857,-8356.54982948303,22,0,23,10000,25,0.2,0.2
67,0x00000000000411C3,2019-01-13 08:12:01.603,2019-01-13 08:12:01.603,67,70082.4552106857,-8356.54982948303,70082.4552106857,-8356.54982948303,70082.4552106857,-8356.54982948303,70082.4552106857,-8356.54982948303,20,0,23,10000,25,0.2,0.2
68,0x00000000000411C4,2019-01-13 08:14:39.070,2019-01-13 08:14:39.070,68,70082.4552106857,-8356.54982948303,70082.4552106857,-8356.54982948303,70082.4552106857,-8356.54982948303,70082.4552106857,-8356.54982948303,14,0,23,10000,25,0.2,0.2
69,0x00000000000411C5,2019-01-13 08:17:03.563,2019-01-13 08:17:03.563,69,70082.4552106857,-8356.54982948303,70082.4552106857,-8356.54982948303,70082.4552106857,-8356.54982948303,70082.4552106857,-8356.54982948303,15,0,23,10000,25,0.2,0.2
70,0x00000000000411C6,2019-01-13 08:19:33.700,2019-01-13 08:19:33.700,70,70082.4552106857,-8356.54982948303,70082.4552106857,-8356.54982948303,70082.4552106857,-8356.54982948303,70082.4552106857,-8356.54982948303,14,0,23,10000,25,0.2,0.2
71,0x00000000000411C7,2019-01-13 08:22:01.597,2019-01-13 08:22:01.597,71,70082.4552106857,-8356.54982948303,70082.4552106857,-8356.54982948303,70082.4552106857,-8356.54982948303,70082.4552106857,-8356.54982948303,18,0,23,10000,25,0.2,0.2
72,0x00000000000411C8,2019-01-13 08:24:46.370,2019-01-13 08:24:46.370,72,70082.4552106857,-8356.54982948303,70082.4552106857,-8356.54982948303,70082.4552106857,-8356.54982948303,70082.4552106857,-8356.54982948303,20,0,23,10000,25,0.2,0.2
73,0x00000000000411C9,2019-01-13 08:31:00.840,2019-01-13 08:31:00.840,73,70082.4552106857,-8356.54982948303,70082.4552106857,-8356.54982948303,70082.4552106857,-8356.54982948303,70082.4552106857,-8356.54982948303,14,0,23,10000,25,0.2,0.2
74,0x00000000000411CA,2019-01-13 08:33:35.907,2019-01-13 08:33:35.907,74,70082.4552106857,-8356.54982948303,70082.4552106857,-8356.54982948303,70082.4552106857,-8356.54982948303,70082.4552106857,-8356.54982948303,17,0,23,10000,25,0.2,0.2
75,0x00000000000411CB,2019-01-13 08:36:08.130,2019-01-13 08:36:08.130,75,70082.4552106857,-8356.54982948303,70082.4552106857,-8356.54982948303,70082.4552106857,-8356.54982948303,70082.4552106857,-8356.54982948303,16,0,23,10000,25,0.2,0.2
76,0x00000000000411CC,2019-01-13 08:38:28.710,2019-01-13 08:38:28.710,76,70082.4552106857,-8356.54982948303,70082.4552106857,-8356.54982948303,70082.4552106857,-8356.54982948303,70082.4552106857,-8356.54982948303,13,0,23,10000,25,0.2,0.2
77,0x00000000000411CD,2019-01-13 08:41:04.357,2019-01-13 08:41:04.357,77,70082.4552106857,-8356.54982948303,70082.4552106857,-8356.54982948303,70082.4552106857,-8356.54982948303,70082.4552106857,-8356.54982948303,20,0,23,10000,25,0.2,0.2
78,0x00000000000411CE,2019-01-13 08:43:42.297,2019-01-13 08:43:42.297,78,70082.4552106857,-8356.54982948303,70082.4552106857,-8356.54982948303,70082.4552106857,-8356.54982948303,70082.4552106857,-8356.54982948303,18,0,23,10000,25,0.2,0.2
79,0x00000000000411CF,2019-01-13 08:46:20.640,2019-01-13 08:46:20.640,79,70082.4552106857,-8356.54982948303,70082.4552106857,-8356.54982948303,70082.4552106857,-8356.54982948303,70082.4552106857,-8356.54982948303,18,0,23,10000,25,0.2,0.2
80,0x00000000000411D0,2019-01-13 08:48:31.080,2019-01-13 08:48:31.080,80,70082.4552106857,-8356.54982948303,70082.4552106857,-8356.54982948303,70082.4552106857,-8356.54982948303,70082.4552106857,-8356.54982948303,13,0,23,10000,25,0.2,0.2
81,0x00000000000411D1,2019-01-13 08:51:08.790,2019-01-13 08:51:08.790,81,70082.4552106857,-8356.54982948303,70082.4552106857,-8356.54982948303,70082.4552106857,-8356.54982948303,70082.4552106857,-8356.54982948303,17,0,23,10000,25,0.2,0.2
82,0x00000000000411D2,2019-01-13 08:53:40.537,2019-01-13 08:53:40.537,82,70082.4552106857,-8356.54982948303,70082.4552106857,-8356.54982948303,70082.4552106857,-8356.54982948303,70082.4552106857,-8356.54982948303,14,0,23,10000,25,0.2,0.2
83,0x00000000000411D3,2019-01-13 08:56:23.870,2019-01-13 08:56:23.870,83,70082.4552106857,-8356.54982948303,70082.4552106857,-8356.54982948303,70082.4552106857,-8356.54982948303,70082.4552106857,-8356.54982948303,21,0,23,10000,25,0.2,0.2
84,0x00000000000411D4,2019-01-13 09:00:19.590,2019-01-13 09:00:19.590,84,70082.4552106857,-8356.54982948303,70082.4552106857,-8356.54982948303,70082.4552106857,-8356.54982948303,70082.4552106857,-8356.54982948303,16,0,23,10000,25,0.2,0.2
85,0x00000000000411D5,2019-01-13 09:03:39.370,2019-01-13 09:03:39.370,85,70082.4552106857,-8356.54982948303,70082.4552106857,-8356.54982948303,70082.4552106857,-8356.54982948303,70082.4552106857,-8356.54982948303,18,0,23,10000,25,0.2,0.2
86,0x00000000000411D6,2019-01-13 09:05:56.797,2019-01-13 09:05:56.797,86,70082.4552106857,-8356.54982948303,70082.4552106857,-8356.54982948303,70082.4552106857,-8356.54982948303,70082.4552106857,-8356.54982948303,20,0,23,10000,25,0.2,0.2
87,0x00000000000411D7,2019-01-13 09:08:07.603,2019-01-13 09:08:07.603,87,70082.4552106857,-8356.54982948303,70082.4552106857,-8356.54982948303,70082.4552106857,-8356.54982948303,70082.4552106857,-8356.54982948303,16,0,23,10000,25,0.2,0.2
88,0x00000000000411D8,2019-01-13 09:10:22.580,2019-01-13 09:10:22.580,88,70082.4552106857,-8356.54982948303,70082.4552106857,-8356.54982948303,70082.4552106857,-8356.54982948303,70082.4552106857,-8356.54982948303,19,0,23,10000,25,0.2,0.2
89,0x00000000000411D9,2019-01-13 09:12:33.563,2019-01-13 09:12:33.563,89,70082.4552106857,-8356.54982948303,70082.4552106857,-8356.54982948303,70082.4552106857,-8356.54982948303,70082.4552106857,-8356.54982948303,17,0,23,10000,25,0.2,0.2
90,0x00000000000411DA,2019-01-13 09:14:47.223,2019-01-13 09:14:47.223,90,70082.4552106857,-8356.54982948303,70082.4552106857,-8356.54982948303,70082.4552106857,-8356.54982948303,70082.4552106857,-8356.54982948303,14,0,23,10000,25,0.2,0.2
91,0x00000000000411DB,2019-01-13 09:17:00.290,2019-01-13 09:17:00.290,91,70082.4552106857,-8356.54982948303,70082.4552106857,-8356.54982948303,70082.4552106857,-8356.54982948303,70082.4552106857,-8356.54982948303,19,0,23,10000,25,0.2,0.2
92,0x00000000000411DC,2019-01-13 09:19:26.857,2019-01-13 09:19:26.857,92,70082.4552106857,-8356.54982948303,70082.4552106857,-8356.54982948303,70082.4552106857,-8356.54982948303,70082.4552106857,-8356.54982948303,15,0,23,10000,25,0.2,0.2
93,0x00000000000411DD,2019-01-13 09:22:10.053,2019-01-13 09:22:10.053,93,70082.4552106857,-8356.54982948303,70082.4552106857,-8356.54982948303,70082.4552106857,-8356.54982948303,70082.4552106857,-8356.54982948303,15,0,23,10000,25,0.2,0.2
94,0x00000000000411DE,2019-01-13 09:24:51.577,2019-01-13 09:24:51.577,94,70082.4552106857,-8356.54982948303,70082.4552106857,-8356.54982948303,70082.4552106857,-8356.54982948303,70082.4552106857,-8356.54982948303,16,0,23,10000,25,0.2,0.2
95,0x00000000000411DF,2019-01-13 09:27:31.697,2019-01-13 09:27:31.697,95,70082.4552106857,-8356.54982948303,70082.4552106857,-8356.54982948303,70082.4552106857,-8356.54982948303,70082.4552106857,-8356.54982948303,17,0,23,10000,25,0.2,0.2
96,0x00000000000411E0,2019-01-13 09:30:09.640,2019-01-13 09:30:09.640,96,70082.4552106857,-8356.54982948303,70082.4552106857,-8356.54982948303,70082.4552106857,-8356.54982948303,70082.4552106857,-8356.54982948303,13,0,23,10000,25,0.2,0.2
97,0x00000000000411E1,2019-01-13 09:33:09.093,2019-01-13 09:33:09.093,97,70082.4552106857,-8356.54982948303,70082.4552106857,-8356.54982948303,70082.4552106857,-8356.54982948303,70082.4552106857,-8356.54982948303,19,0,23,10000,25,0.2,0.2
98,0x00000000000411E2,2019-01-13 09:35:57.277,2019-01-13 09:35:57.277,98,70082.4552106857,-8356.54982948303,70082.4552106857,-8356.54982948303,70082.4552106857,-8356.54982948303,70082.4552106857,-8356.54982948303,15,0,23,10000,25,0.2,0.2
99,0x00000000000411E3,2019-01-13 09:38:43.427,2019-01-13 09:38:43.427,99,70082.4552106857,-8356.54982948303,70082.4552106857,-8356.54982948303,70082.4552106857,-8356.54982948303,70082.4552106857,-8356.54982948303,17,0,23,10000,25,0.2,0.2
100,0x00000000000411E4,2019-01-13 09:41:33.227,2019-01-13 09:41:33.227,100,70082.4552106857,-8356.54982948303,70082.4552106857,-8356.54982948303,70082.4552106857,-8356.54982948303,70082.4552106857,-8356.54982948303,18,0,23,10000,25,0.2,0.2
101,0x00000000000411E5,2019-01-13 09:44:32.110,2019-01-13 09:44:32.110,101,70082.4552106857,-8356.54982948303,70082.4552106857,-8356.54982948303,70082.4552106857,-8356.54982948303,70082.4552106857,-8356.54982948303,18,0,23,10000,25,0.2,0.2
102,0x00000000000411E6,2019-01-13 09:46:15.000,2019-01-13 09:46:15.000,102,70082.4552106857,-8356.54982948303,70082.4552106857,-8356.54982948303,70082.4552106857,-8356.54982948303,70082.4552106857,-8356.54982948303,22,0,23,10000,25,0.2,0.2
103,0x00000000000411E7,2019-01-13 09:47:57.230,2019-01-13 09:47:57.230,103,70082.4552106857,-8356.54982948303,70082.4552106857,-8356.54982948303,70082.4552106857,-8356.54982948303,70082.4552106857,-8356.54982948303,21,0,23,10000,25,0.2,0.2
104,0x00000000000411E8,2019-01-13 09:49:38.400,2019-01-13 09:49:38.400,104,70082.4552106857,-8356.54982948303,70082.4552106857,-8356.54982948303,70082.4552106857,-8356.54982948303,70082.4552106857,-8356.54982948303,19,0,23,10000,25,0.2,0.2
105,0x00000000000411E9,2019-01-13 09:51:21.373,2019-01-13 09:51:21.373,105,70082.4552106857,-8356.54982948303,70082.4552106857,-8356.54982948303,70082.4552106857,-8356.54982948303,70082.4552106857,-8356.54982948303,22,0,23,10000,25,0.2,0.2
106,0x00000000000411EA,2019-01-13 09:53:04.500,2019-01-13 09:53:04.500,106,70082.4552106857,-8356.54982948303,70082.4552106857,-8356.54982948303,70082.4552106857,-8356.54982948303,70082.4552106857,-8356.54982948303,21,0,23,10000,25,0.2,0.2
107,0x00000000000411EB,2019-01-13 09:54:51.490,2019-01-13 09:54:51.490,107,70082.4552106857,-8356.54982948303,70082.4552106857,-8356.54982948303,70082.4552106857,-8356.54982948303,70082.4552106857,-8356.54982948303,25,0,23,10000,25,0.2,0.2
108,0x00000000000411EC,2019-01-13 09:56:34.630,2019-01-13 09:56:34.630,108,70082.4552106857,-8356.54982948303,70082.4552106857,-8356.54982948303,70082.4552106857,-8356.54982948303,70082.4552106857,-8356.54982948303,22,0,23,10000,25,0.2,0.2
109,0x00000000000411ED,2019-01-13 09:58:20.580,2019-01-13 09:58:20.580,109,70082.4552106857,-8356.54982948303,70082.4552106857,-8356.54982948303,70082.4552106857,-8356.54982948303,70082.4552106857,-8356.54982948303,23,0,23,10000,25,0.2,0.2
110,0x00000000000411EE,2019-01-13 10:00:05.593,2019-01-13 10:00:05.593,110,70082.4552106857,-8356.54982948303,70082.4552106857,-8356.54982948303,70082.4552106857,-8356.54982948303,70082.4552106857,-8356.54982948303,23,0,23,10000,25,0.2,0.2
111,0x00000000000411EF,2019-01-13 10:01:52.280,2019-01-13 10:01:52.280,111,70082.4552106857,-8356.54982948303,70082.4552106857,-8356.54982948303,70082.4552106857,-8356.54982948303,70082.4552106857,-8356.54982948303,23,0,23,10000,25,0.2,0.2
112,0x00000000000411F0,2019-01-13 10:03:35.310,2019-01-13 10:03:35.310,112,70082.4552106857,-8356.54982948303,70082.4552106857,-8356.54982948303,70082.4552106857,-8356.54982948303,70082.4552106857,-8356.54982948303,24,0,23,10000,25,0.2,0.2
113,0x00000000000411F1,2019-01-13 10:05:17.053,2019-01-13 10:05:17.053,113,70082.4552106857,-8356.54982948303,70082.4552106857,-8356.54982948303,70082.4552106857,-8356.54982948303,70082.4552106857,-8356.54982948303,19,0,23,10000,25,0.2,0.2
114,0x00000000000411F2,2019-01-13 10:07:00.257,2019-01-13 10:07:00.257,114,70082.4552106857,-8356.54982948303,70082.4552106857,-8356.54982948303,70082.4552106857,-8356.54982948303,70082.4552106857,-8356.54982948303,23,0,23,10000,25,0.2,0.2
115,0x00000000000411F3,2019-01-13 10:08:45.197,2019-01-13 10:08:45.197,115,70082.4552106857,-8356.54982948303,70082.4552106857,-8356.54982948303,70082.4552106857,-8356.54982948303,70082.4552106857,-8356.54982948303,22,0,23,10000,25,0.2,0.2
116,0x00000000000411F4,2019-01-13 10:10:28.337,2019-01-13 10:10:28.337,116,70082.4552106857,-8356.54982948303,70082.4552106857,-8356.54982948303,70082.4552106857,-8356.54982948303,70082.4552106857,-8356.54982948303,23,0,23,10000,25,0.2,0.2
117,0x00000000000411F5,2019-01-13 10:12:08.777,2019-01-13 10:12:08.777,117,70082.4552106857,-8356.54982948303,70082.4552106857,-8356.54982948303,70082.4552106857,-8356.54982948303,70082.4552106857,-8356.54982948303,20,0,23,10000,25,0.2,0.2
118,0x00000000000411F6,2019-01-13 10:13:48.763,2019-01-13 10:13:48.763,118,70082.4552106857,-8356.54982948303,70082.4552106857,-8356.54982948303,70082.4552106857,-8356.54982948303,70082.4552106857,-8356.54982948303,20,0,23,10000,25,0.2,0.2
119,0x00000000000411F7,2019-01-13 10:15:33.067,2019-01-13 10:15:33.067,119,70082.4552106857,-8356.54982948303,70082.4552106857,-8356.54982948303,70082.4552106857,-8356.54982948303,70082.4552106857,-8356.54982948303,24,0,23,10000,25,0.2,0.2
120,0x00000000000411F8,2019-01-13 10:17:13.540,2019-01-13 10:17:13.540,120,70082.4552106857,-8356.54982948303,70082.4552106857,-8356.54982948303,70082.4552106857,-8356.54982948303,70082.4552106857,-8356.54982948303,19,0,23,10000,25,0.2,0.2
121,0x00000000000411F9,2019-01-13 10:18:57.020,2019-01-13 10:18:57.020,121,70082.4552106857,-8356.54982948303,70082.4552106857,-8356.54982948303,70082.4552106857,-8356.54982948303,70082.4552106857,-8356.54982948303,21,0,23,10000,25,0.2,0.2
122,0x00000000000411FA,2019-01-13 10:20:39.657,2019-01-13 10:20:39.657,122,70082.4552106857,-8356.54982948303,70082.4552106857,-8356.54982948303,70082.4552106857,-8356.54982948303,70082.4552106857,-8356.54982948303,22,0,23,10000,25,0.2,0.2
123,0x00000000000411FB,2019-01-13 10:22:24.190,2019-01-13 10:22:24.190,123,70082.4552106857,-8356.54982948303,70082.4552106857,-8356.54982948303,70082.4552106857,-8356.54982948303,70082.4552106857,-8356.54982948303,23,0,23,10000,25,0.2,0.2
124,0x00000000000411FC,2019-01-13 10:24:05.150,2019-01-13 10:24:05.150,124,70082.4552106857,-8356.54982948303,70082.4552106857,-8356.54982948303,70082.4552106857,-8356.54982948303,70082.4552106857,-8356.54982948303,20,0,23,10000,25,0.2,0.2
125,0x00000000000411FD,2019-01-13 10:25:48.310,2019-01-13 10:25:48.310,125,70082.4552106857,-8356.54982948303,70082.4552106857,-8356.54982948303,70082.4552106857,-8356.54982948303,70082.4552106857,-8356.54982948303,20,0,23,10000,25,0.2,0.2
126,0x00000000000411FE,2019-01-13 10:27:25.837,2019-01-13 10:27:25.837,126,70082.4552106857,-8356.54982948303,70082.4552106857,-8356.54982948303,70082.4552106857,-8356.54982948303,70082.4552106857,-8356.54982948303,18,0,23,10000,25,0.2,0.2
127,0x00000000000411FF,2019-01-13 10:29:08.243,2019-01-13 10:29:08.243,127,70082.4552106857,-8356.54982948303,70082.4552106857,-8356.54982948303,70082.4552106857,-8356.54982948303,70082.4552106857,-8356.54982948303,21,0,23,10000,25,0.2,0.2
128,0x0000000000041201,2019-01-13 10:30:50.253,2019-01-13 10:30:50.253,128,70082.4552106857,-8356.54982948303,70082.4552106857,-8356.54982948303,70082.4552106857,-8356.54982948303,70082.4552106857,-8356.54982948303,21,0,23,10000,25,0.2,0.2
129,0x0000000000041202,2019-01-13 10:32:33.517,2019-01-13 10:32:33.517,129,70082.4552106857,-8356.54982948303,70082.4552106857,-8356.54982948303,70082.4552106857,-8356.54982948303,70082.4552106857,-8356.54982948303,22,0,23,10000,25,0.2,0.2
130,0x0000000000041203,2019-01-13 10:34:17.340,2019-01-13 10:34:17.340,130,70082.4552106857,-8356.54982948303,70082.4552106857,-8356.54982948303,70082.4552106857,-8356.54982948303,70082.4552106857,-8356.54982948303,21,0,23,10000,25,0.2,0.2
131,0x0000000000041204,2019-01-13 10:36:02.163,2019-01-13 10:36:02.163,131,70082.4552106857,-8356.54982948303,70082.4552106857,-8356.54982948303,70082.4552106857,-8356.54982948303,70082.4552106857,-8356.54982948303,23,0,23,10000,25,0.2,0.2
132,0x0000000000041205,2019-01-13 10:37:45.023,2019-01-13 10:37:45.023,132,70082.4552106857,-8356.54982948303,70082.4552106857,-8356.54982948303,70082.4552106857,-8356.54982948303,70082.4552106857,-8356.54982948303,21,0,23,10000,25,0.2,0.2
133,0x0000000000041206,2019-01-13 10:39:29.893,2019-01-13 10:39:29.893,133,70082.4552106857,-8356.54982948303,70082.4552106857,-8356.54982948303,70082.4552106857,-8356.54982948303,70082.4552106857,-8356.54982948303,22,0,23,10000,25,0.2,0.2
134,0x0000000000041207,2019-01-13 11:45:24.760,2019-01-13 11:45:24.760,0,-1.79769313486232E+308,-1.79769313486232E+308,67560.6005523205,-8468.45976257324,70082.4552106857,-8356.54982948303,259326.97600925,-9857.0701675415,5,0,23,10000,25,0.2,0.2
135,0x0000000000041208,2019-01-13 12:31:12.097,2019-01-13 12:31:12.097,1,-1.79769313486232E+308,-1.79769313486232E+308,70082.4552106857,-8356.54982948303,70082.4552106857,-8356.54982948303,214800.166782737,-9988.19019365311,8,0,23,10000,25,0.2,0.2
136,0x0000000000041209,2019-01-13 13:00:03.780,2019-01-13 13:00:03.780,2,186931.566162705,-9995.11259698868,70082.5168418884,-8356.54982948303,279461.847569585,-9693.02202558517,214800.166782737,-9988.19019365311,14,0,23,10000,25,0.2,0.2
137,0x000000000004120A,2019-01-13 13:15:48.667,2019-01-13 13:15:48.667,3,-1.79769313486232E+308,-1.79769313486232E+308,302262.063599348,-9988.19019365311,70082.4552106857,-8356.54982948303,214800.166782737,-9988.19019365311,9,0,23,10000,25,0.2,0.2
138,0x000000000004120B,2019-01-13 13:26:03.330,2019-01-13 13:26:03.330,4,70082.4552106857,-8356.54982948303,70082.4552106857,-8356.54982948303,70082.4552106857,-8356.54982948303,90872.2796821594,-8343.8097205162,15,0,23,10000,25,0.2,0.2
139,0x000000000004120C,2019-01-13 13:37:33.487,2019-01-13 13:37:33.487,5,70082.4552106857,-8356.54982948303,70082.4552106857,-8356.54982948303,70082.4552106857,-8356.54982948303,214800.166782737,-9988.19019365311,14,0,23,10000,25,0.2,0.2
140,0x000000000004120D,2019-01-13 13:45:21.490,2019-01-13 13:45:21.490,6,70082.4552106857,-8356.54982948303,70082.4552106857,-8356.54982948303,70082.4552106857,-8356.54982948303,70082.4552106857,-8356.54982948303,16,0,23,10000,25,0.2,0.2
141,0x000000000004120E,2019-01-13 13:53:36.623,2019-01-13 13:53:36.623,7,70082.4552106857,-8356.54982948303,70082.4552106857,-8356.54982948303,70082.4552106857,-8356.54982948303,70082.4552106857,-8356.54982948303,12,0,23,10000,25,0.2,0.2
142,0x000000000004120F,2019-01-13 13:59:07.850,2019-01-13 13:59:07.850,8,-1.79769313486232E+308,-1.79769313486232E+308,70082.4552106857,-8356.54982948303,70082.4552106857,-8356.54982948303,70082.4552106857,-8356.54982948303,11,0,23,10000,25,0.2,0.2
143,0x0000000000041210,2019-01-13 14:09:13.157,2019-01-13 14:09:13.157,9,-1.79769313486232E+308,-1.79769313486232E+308,70082.4552106857,-8356.54982948303,22171.3065223694,-8356.54982948303,70082.4552106857,-8356.54982948303,8,0,23,10000,25,0.2,0.2
144,0x0000000000041211,2019-01-13 14:21:28.640,2019-01-13 14:21:28.640,10,-1.79769313486232E+308,-1.79769313486232E+308,70082.4552106857,-8356.54982948303,22171.3065223694,-8356.54982948303,70082.4552106857,-8356.54982948303,12,0,23,10000,25,0.2,0.2
145,0x0000000000041212,2019-01-13 14:27:58.260,2019-01-13 14:27:58.260,11,-1.79769313486232E+308,-1.79769313486232E+308,70082.4552106857,-8356.54982948303,70082.4552106857,-8356.54982948303,70082.4552106857,-8356.54982948303,8,0,23,10000,25,0.2,0.2
146,0x0000000000041213,2019-01-13 14:56:55.507,2019-01-13 14:56:55.507,12,70082.4552106857,-8356.54982948303,70082.4552106857,-8356.54982948303,70082.4552106857,-8356.54982948303,70082.4552106857,-8356.54982948303,11,0,23,10000,25,0.2,0.2
147,0x0000000000041214,2019-01-13 15:09:51.880,2019-01-13 15:09:51.880,13,22171.3065223694,-8356.54982948303,70082.4552106857,-8356.54982948303,70082.4552106857,-8356.54982948303,70082.4552106857,-8356.54982948303,12,0,23,10000,25,0.2,0.2
148,0x0000000000041215,2019-01-13 15:21:25.340,2019-01-13 15:21:25.340,14,22171.3065223694,-8356.54982948303,70082.4552106857,-8356.54982948303,70082.4552106857,-8356.54982948303,70082.4552106857,-8356.54982948303,9,0,23,10000,25,0.2,0.2
149,0x0000000000041216,2019-01-13 15:53:12.293,2019-01-13 15:53:12.293,15,-1.79769313486232E+308,-1.79769313486232E+308,70082.4552106857,-8356.54982948303,70082.4552106857,-8356.54982948303,70082.4552106857,-8356.54982948303,9,0,23,10000,25,0.2,0.2
150,0x0000000000041217,2019-01-13 16:03:16.863,2019-01-13 16:03:16.863,16,70082.4552106857,-8356.54982948303,70082.4552106857,-8356.54982948303,70082.4552106857,-8356.54982948303,70082.4552106857,-8356.54982948303,10,0,23,10000,25,0.2,0.2
151,0x0000000000041218,2019-01-13 16:10:39.467,2019-01-13 16:10:39.467,17,70082.4552106857,-8356.54982948303,70082.4552106857,-8356.54982948303,70082.4552106857,-8356.54982948303,70082.4552106857,-8356.54982948303,13,0,23,10000,25,0.2,0.2
152,0x0000000000041219,2019-01-13 16:23:41.170,2019-01-13 16:23:41.170,18,70082.4552106857,-8356.54982948303,70082.4552106857,-8356.54982948303,70082.4552106857,-8356.54982948303,70082.4552106857,-8356.54982948303,13,0,23,10000,25,0.2,0.2
153,0x000000000004121A,2019-01-13 16:37:23.710,2019-01-13 16:37:23.710,19,-1.79769313486232E+308,-1.79769313486232E+308,-1.79769313486232E+308,-1.79769313486232E+308,70082.4552106857,-8356.54982948303,70082.4552106857,-8356.54982948303,3,0,23,10000,25,0.2,0.2
154,0x000000000004121B,2019-01-13 17:02:10.283,2019-01-13 17:02:10.283,20,-1.79769313486232E+308,-1.79769313486232E+308,70082.4552106857,-8356.54982948303,70082.4552106857,-8356.54982948303,70082.4552106857,-8356.54982948303,7,0,23,10000,25,0.2,0.2
155,0x000000000004121C,2019-01-13 17:18:50.077,2019-01-13 17:18:50.077,21,-1.79769313486232E+308,-1.79769313486232E+308,70082.5168418884,-8356.54982948303,124854.596457243,-8752.86921882629,190309.837141514,-9994.22662830353,11,0,23,10000,25,0.2,0.2
156,0x000000000004121D,2019-01-13 17:37:52.130,2019-01-13 17:37:52.130,22,70082.4552106857,-8356.54982948303,70082.4552106857,-8356.54982948303,172127.979318857,-9467.95997810364,299030.256837368,-9750.38996887207,16,0,23,10000,25,0.2,0.2
157,0x000000000004121E,2019-01-13 17:49:12.180,2019-01-13 17:49:12.180,23,-1.79769313486232E+308,-1.79769313486232E+308,-5646.66804993153,-9336.17036867142,70082.4552106857,-8356.54982948303,29258.1689453125,-8270.35017967224,10,0,23,10000,25,0.2,0.2
158,0x000000000004121F,2019-01-13 18:02:39.177,2019-01-13 18:02:39.177,24,-1.79769313486232E+308,-1.79769313486232E+308,70082.4552106857,-8356.54982948303,70082.4552106857,-8356.54982948303,299030.256837368,-9750.38996887207,10,0,23,10000,25,0.2,0.2
159,0x0000000000041220,2019-01-13 18:41:29.540,2019-01-13 18:41:29.540,25,97619.975315094,-1.79769313486232E+308,70082.4552106857,-8356.54982948303,299030.256837368,-9750.38996887207,71286.5972933769,5179.07149982452,12,0,23,10000,25,0.2,0.2
160,0x0000000000041221,2019-01-13 18:58:11.807,2019-01-13 18:58:11.807,26,70082.4552106857,-8356.54982948303,70082.4552106857,-8356.54982948303,104827.115738153,-8884.03993988037,70082.4552106857,-8356.54982948303,19,0,23,10000,25,0.2,0.2
161,0x0000000000041222,2019-01-13 19:04:52.180,2019-01-13 19:04:52.180,27,-1.79769313486232E+308,-1.79769313486232E+308,70082.4552106857,-8356.54982948303,62712.0199587345,-8948.76012611389,70082.4552106857,-8356.54982948303,12,0,23,10000,25,0.2,0.2
162,0x0000000000041223,2019-01-13 19:20:29.377,2019-01-13 19:20:29.377,28,-1.79769313486232E+308,-1.79769313486232E+308,70082.4552106857,-8356.54982948303,70082.4552106857,-8356.54982948303,299030.256837368,-9750.38996887207,12,0,23,10000,25,0.2,0.2
163,0x0000000000041224,2019-01-13 19:32:28.537,2019-01-13 19:32:28.537,29,70082.4552106857,-8356.54982948303,70082.4552106857,-8356.54982948303,70082.4552106857,-8356.54982948303,70082.4552106857,-8356.54982948303,16,0,23,10000,25,0.2,0.2
164,0x0000000000041225,2019-01-13 19:43:20.163,2019-01-13 19:43:20.163,30,-1.79769313486232E+308,-1.79769313486232E+308,299030.256837368,-9750.38996887207,299030.256837368,-9750.38996887207,299030.256837368,-9750.38996887207,10,0,23,10000,25,0.2,0.2
165,0x0000000000041226,2019-01-13 19:48:16.120,2019-01-13 19:48:16.120,31,-1.79769313486232E+308,-1.79769313486232E+308,70082.4552106857,-8356.54982948303,70082.4552106857,-8356.54982948303,299030.256837368,-9750.38996887207,8,0,23,10000,25,0.2,0.2
166,0x0000000000041227,2019-01-13 19:57:41.447,2019-01-13 19:57:41.447,32,70082.4552106857,-8356.54982948303,70082.4552106857,-8356.54982948303,70082.4552106857,-8356.54982948303,299030.256837368,-9750.38996887207,15,0,23,10000,25,0.2,0.2
167,0x0000000000041228,2019-01-13 20:03:31.190,2019-01-13 20:03:31.190,33,70082.4552106857,-8356.54982948303,70082.4552106857,-8356.54982948303,299030.256837368,-9750.38996887207,70082.4552106857,-8356.54982948303,13,0,23,10000,25,0.2,0.2
168,0x0000000000041229,2019-01-13 20:08:50.063,2019-01-13 20:08:50.063,34,70082.4552106857,-8356.54982948303,70082.4552106857,-8356.54982948303,70082.4552106857,-8356.54982948303,70082.4552106857,-8356.54982948303,16,0,23,10000,25,0.2,0.2
169,0x000000000004122A,2019-01-13 20:13:47.020,2019-01-13 20:13:47.020,35,70082.4552106857,-8356.54982948303,70082.4552106857,-8356.54982948303,70082.4552106857,-8356.54982948303,70082.4552106857,-8356.54982948303,19,0,23,10000,25,0.2,0.2
170,0x000000000004122B,2019-01-13 20:28:44.153,2019-01-13 20:28:44.153,36,70082.4552106857,-8356.54982948303,70082.4552106857,-8356.54982948303,70082.4552106857,-8356.54982948303,70082.4552106857,-8356.54982948303,19,0,23,10000,25,0.2,0.2
171,0x000000000004122C,2019-01-13 21:00:15.823,2019-01-13 21:00:15.823,37,-1.79769313486232E+308,-1.79769313486232E+308,70082.5168418884,-8329.51005744934,70082.4552106857,-8356.54982948303,70082.4552106857,-8356.54982948303,6,0,23,10000,25,0.2,0.2
172,0x000000000004122D,2019-01-13 21:20:56.057,2019-01-13 21:20:56.057,38,-1.79769313486232E+308,-1.79769313486232E+308,68721.4666223526,-8311.08959197998,70082.4552106857,-8356.54982948303,70082.4552106857,-8356.54982948303,6,0,23,10000,25,0.2,0.2
173,0x000000000004122E,2019-01-13 21:34:40.150,2019-01-13 21:34:40.150,39,48267.5767230988,-8311.44959068298,70082.4552106857,-8356.54982948303,70082.4552106857,-8356.54982948303,70082.4552106857,-8356.54982948303,10,0,23,10000,25,0.2,0.2
174,0x000000000004122F,2019-01-13 21:42:05.090,2019-01-13 21:42:05.090,40,-1.79769313486232E+308,-1.79769313486232E+308,27839.3833624125,-9989.59857273102,70082.4552106857,-8308.66998672485,70082.4552106857,-8356.54982948303,6,0,23,10000,25,0.2,0.2
175,0x0000000000041230,2019-01-13 21:53:54.160,2019-01-13 21:53:54.160,41,-1.79769313486232E+308,-1.79769313486232E+308,70082.4552106857,-8356.54982948303,70082.4552106857,-8356.54982948303,70082.4552106857,-8356.54982948303,6,0,23,10000,25,0.2,0.2
176,0x0000000000041231,2019-01-13 22:31:08.477,2019-01-13 22:31:08.477,42,70082.4552106857,-8356.54982948303,70082.4552106857,-8356.54982948303,70082.4552106857,-8356.54982948303,70082.4552106857,-8356.54982948303,17,0,23,10000,25,0.2,0.2
177,0x0000000000041232,2019-01-13 22:53:59.710,2019-01-13 22:53:59.710,43,70082.4552106857,-8356.54982948303,70082.4552106857,-8356.54982948303,70082.4552106857,-8356.54982948303,70082.4552106857,-8356.54982948303,13,0,23,10000,25,0.2,0.2
178,0x0000000000041233,2019-01-13 23:37:29.423,2019-01-13 23:37:29.423,44,50279.9186500311,-9198.75935983658,43652.5784645081,-9198.75935983658,3431.91942059994,-9052.91988897324,70082.4552106857,-8356.54982948303,18,0,23,10000,25,0.2,0.2
179,0x0000000000041234,2019-01-14 00:08:43.610,2019-01-14 00:08:43.610,45,70082.4552106857,-8356.54982948303,70082.4552106857,-8356.54982948303,70082.4552106857,-8356.54982948303,70082.4552106857,-8356.54982948303,14,0,23,10000,25,0.2,0.2
180,0x0000000000041235,2019-01-14 00:54:37.070,2019-01-14 00:54:37.070,46,70082.4552106857,-8356.54982948303,70082.4552106857,-8356.54982948303,70082.4552106857,-8356.54982948303,70082.4552106857,-8356.54982948303,17,0,23,10000,25,0.2,0.2
181,0x0000000000041236,2019-01-14 01:16:02.377,2019-01-14 01:16:02.377,47,70082.4552106857,-8356.54982948303,70082.4552106857,-8356.54982948303,160945.373378754,-9329.30064725876,150248.508458614,-9329.30064725876,15,0,23,10000,25,0.2,0.2
182,0x0000000000041237,2019-01-14 01:48:35.270,2019-01-14 01:48:35.270,48,-1.79769313486232E+308,-1.79769313486232E+308,-1.79769313486232E+308,-8121.27975273132,50263.9215397835,-8874.92867469788,150248.508458614,-9329.30064725876,8,0,23,10000,25,0.2,0.2
183,0x0000000000041238,2019-01-14 02:31:10.177,2019-01-14 02:31:10.177,49,-1.79769313486232E+308,-1.79769313486232E+308,70082.4552106857,-8356.54982948303,70082.4552106857,-8356.54982948303,70082.4552106857,-8356.54982948303,10,0,23,10000,25,0.2,0.2
184,0x0000000000041239,2019-01-14 03:04:09.180,2019-01-14 03:04:09.180,50,-1.79769313486232E+308,-1.79769313486232E+308,70082.4552106857,-8356.54982948303,59935.745164752,-7839.99980735779,70082.4552106857,-8356.54982948303,8,0,23,10000,25,0.2,0.2
185,0x000000000004123A,2019-01-14 03:19:31.553,2019-01-14 03:19:31.553,51,-1.79769313486232E+308,-1.79769313486232E+308,70082.4552106857,-8356.54982948303,-7665.53139042854,-9779.74715709686,70082.4552106857,-8356.54982948303,10,0,23,10000,25,0.2,0.2
186,0x000000000004123B,2019-01-14 03:32:15.323,2019-01-14 03:32:15.323,52,70082.5168418884,-8356.54982948303,70082.4552106857,-8356.54982948303,70082.5168418884,-8356.54982948303,70082.5168418884,-8356.54982948303,15,0,23,10000,25,0.2,0.2
187,0x000000000004123C,2019-01-14 03:54:57.147,2019-01-14 03:54:57.147,53,-1.79769313486232E+308,-1.79769313486232E+308,70082.4552106857,-8356.54982948303,70082.4552106857,-8356.54982948303,70082.4552106857,-8356.54982948303,7,0,23,10000,25,0.2,0.2
188,0x000000000004123D,2019-01-14 04:17:55.610,2019-01-14 04:17:55.610,54,70082.5168418884,-8356.54982948303,70082.4552106857,-8356.54982948303,70082.4552106857,-8356.54982948303,70082.5168418884,-8356.54982948303,14,0,23,10000,25,0.2,0.2
189,0x000000000004123E,2019-01-14 05:22:48.350,2019-01-14 05:22:48.350,55,-1.79769313486232E+308,-1.79769313486232E+308,-9993.79325830936,-8772.27144956589,60883.0512309074,-8362.35969161987,70082.4552106857,-8356.54982948303,9,0,23,10000,25,0.2,0.2
190,0x000000000004123F,2019-01-14 06:35:15.580,2019-01-14 06:35:15.580,56,22775.6383666992,-8282.8598690033,70082.4552106857,-8356.54982948303,50937.1331424713,-8844.75996828079,70082.4552106857,-8356.54982948303,13,0,23,10000,25,0.2,0.2
191,0x0000000000041240,2019-01-14 07:44:18.233,2019-01-14 07:44:18.233,57,-1.79769313486232E+308,-1.79769313486232E+308,18859.0020420551,-2252.08222007751,18859.0020420551,-2252.08222007751,70082.4552106857,-8356.54982948303,7,0,23,10000,25,0.2,0.2
192,0x0000000000041241,2019-01-14 08:29:32.143,2019-01-14 08:29:32.143,58,-1.79769313486232E+308,-1.79769313486232E+308,22775.6383666992,-8282.8598690033,70082.4552106857,-8356.54982948303,70082.4552106857,-8356.54982948303,11,0,23,10000,25,0.2,0.2
193,0x0000000000041242,2019-01-14 09:39:19.827,2019-01-14 09:39:19.827,59,-1.79769313486232E+308,-1.79769313486232E+308,70082.4552106857,-8356.54982948303,70082.4552106857,-8356.54982948303,70082.5168418884,-8356.54982948303,11,0,23,10000,25,0.2,0.2
194,0x0000000000041243,2019-01-14 10:52:55.193,2019-01-14 10:52:55.193,60,-1.79769313486232E+308,-1.79769313486232E+308,61380.4090437889,-8032.76988315582,50937.1331424713,-8844.75996828079,70082.4552106857,-8356.54982948303,9,0,23,10000,25,0.2,0.2
195,0x0000000000041244,2019-01-14 11:57:53.467,2019-01-14 11:57:53.467,61,-1.79769313486232E+308,-1.79769313486232E+308,22775.9400446415,-8282.8598690033,70082.4552106857,-8356.54982948303,70082.4552106857,-8356.54982948303,9,0,23,10000,25,0.2,0.2
196,0x0000000000041245,2019-01-14 13:17:19.480,2019-01-14 13:17:19.480,62,-1.79769313486232E+308,-1.79769313486232E+308,18859.0020420551,-2252.08222007751,70082.4552106857,-8356.54982948303,70082.4552106857,-8356.54982948303,8,0,23,10000,25,0.2,0.2
197,0x0000000000041246,2019-01-14 14:13:15.077,2019-01-14 14:13:15.077,63,20798.4504787922,-8336.38047218323,18859.0020420551,-2252.08222007751,120758.709091902,-8451.02939462662,70082.4552106857,-8356.54982948303,12,0,23,10000,25,0.2,0.2
198,0x0000000000041247,2019-01-14 15:09:14.610,2019-01-14 15:09:14.610,64,-1.79769313486232E+308,-1.79769313486232E+308,76772.8851846457,-8246.23838043213,76772.8851846457,-8246.23838043213,70082.4552106857,-8356.54982948303,12,0,23,10000,25,0.2,0.2
199,0x0000000000041248,2019-01-14 16:08:15.193,2019-01-14 16:08:15.193,65,3876.3605581522,-2736.29362249374,70082.4552106857,-8356.54982948303,78302.2615531683,-8427.44981098175,70082.4552106857,-8356.54982948303,10,0,23,10000,25,0.2,0.2
200,0x0000000000041249,2019-01-14 17:24:54.930,2019-01-14 17:24:54.930,66,-1.79769313486232E+308,-1.79769313486232E+308,70082.4552106857,-8356.54982948303,37570.7461374998,-8815.60853481293,70082.4552106857,-8356.54982948303,8,0,23,10000,25,0.2,0.2
201,0x000000000004124A,2019-01-14 18:26:08.373,2019-01-14 18:26:08.373,67,-1.79769313486232E+308,-1.79769313486232E+308,70082.4552106857,-8356.54982948303,49035.5997686386,-8529.60847187042,70082.4552106857,-8356.54982948303,10,0,23,10000,25,0.2,0.2
202,0x000000000004124B,2019-01-14 19:39:10.943,2019-01-14 19:39:10.943,68,70082.4552106857,-8356.54982948303,70082.4552106857,-8356.54982948303,25881.1467415094,-8760.75003671646,70082.4552106857,-8356.54982948303,15,0,23,10000,25,0.2,0.2
203,0x000000000004124C,2019-01-14 20:36:18.797,2019-01-14 20:36:18.797,69,-1.79769313486232E+308,-1.79769313486232E+308,70082.4552106857,-8356.54982948303,5602.01718866825,-8704.74999713898,70082.4552106857,-8356.54982948303,11,0,23,10000,25,0.2,0.2
204,0x0000000000041266,2019-01-15 21:43:41.583,2019-01-15 21:43:41.583,70,-1.79769313486232E+308,-1.79769313486232E+308,70082.4552106857,-8356.54982948303,47114.7907829285,-8169.25023841858,105454.160056591,-3593.47964477539,10,23,23,10000,25,0.2,0.2
205,0x0000000000041280,2019-01-15 22:22:20.123,2019-01-15 22:22:20.123,71,-1.79769313486232E+308,-1.79769313486232E+308,-1.79769313486232E+308,-1.79769313486232E+308,8220.31874322891,-8224.70992660522,70082.4552106857,-8356.54982948303,6,23,23,10000,25,0.2,0.2
206,0x000000000004129A,2019-01-15 22:59:01.817,2019-01-15 22:59:01.817,72,-1.79769313486232E+308,-1.79769313486232E+308,39429.6023058891,-8322.54010391235,9833.13899970055,-8322.54010391235,70082.4552106857,-8356.54982948303,10,23,23,10000,25,0.2,0.2
207,0x00000000000412B4,2019-01-15 23:31:01.450,2019-01-15 23:31:01.450,73,-1.79769313486232E+308,-1.79769313486232E+308,70082.4552106857,-8356.54982948303,70082.4552106857,-8356.54982948303,70082.4552106857,-8356.54982948303,11,23,23,10000,25,0.2,0.2
208,0x00000000000412CE,2019-01-16 00:21:57.873,2019-01-16 00:21:57.873,74,-1.79769313486232E+308,-1.79769313486232E+308,-1.79769313486232E+308,-1.79769313486232E+308,45213.7688215971,-8815.60853481293,70082.4552106857,-8356.54982948303,4,23,23,10000,25,0.2,0.2
209,0x00000000000412E8,2019-01-16 01:19:38.343,2019-01-16 01:19:38.343,75,-1.79769313486232E+308,-1.79769313486232E+308,70082.4552106857,-8356.54982948303,70082.4552106857,-8356.54982948303,70082.4552106857,-8356.54982948303,8,23,23,10000,25,0.2,0.2
210,0x0000000000041303,2019-01-16 01:53:44.080,2019-01-16 01:53:44.080,76,-1.79769313486232E+308,-1.79769313486232E+308,70082.4552106857,-8356.54982948303,70082.4552106857,-8356.54982948303,70082.4552106857,-8356.54982948303,11,23,23,10000,25,0.2,0.2
211,0x000000000004131D,2019-01-16 02:54:32.627,2019-01-16 02:54:32.627,77,-1.79769313486232E+308,-1.79769313486232E+308,70082.4552106857,-8356.54982948303,46907.5114002228,-8522.3098783493,70082.4552106857,-8356.54982948303,10,23,23,10000,25,0.2,0.2
212,0x0000000000041337,2019-01-16 03:47:36.180,2019-01-16 03:47:36.180,78,-1.79769313486232E+308,-1.79769313486232E+308,70082.4552106857,-8356.54982948303,46907.5114002228,-8522.3098783493,72532.599606514,-8356.54982948303,10,23,23,10000,25,0.2,0.2
213,0x0000000000041351,2019-01-16 04:27:31.270,2019-01-16 04:27:31.270,79,-1.79769313486232E+308,-1.79769313486232E+308,70082.4552106857,-8356.54982948303,46907.5114002228,-8522.3098783493,72532.599606514,-8356.54982948303,8,23,23,10000,25,0.2,0.2
214,0x000000000004136B,2019-01-16 04:54:17.220,2019-01-16 04:54:17.220,80,-1.79769313486232E+308,-1.79769313486232E+308,70082.4552106857,-8356.54982948303,70082.4552106857,-8356.54982948303,70082.4552106857,-8356.54982948303,5,23,23,10000,25,0.2,0.2
215,0x0000000000041385,2019-01-16 05:13:52.403,2019-01-16 05:13:52.403,81,-1.79769313486232E+308,-1.79769313486232E+308,70082.4552106857,-8356.54982948303,70082.4552106857,-8356.54982948303,70082.4552106857,-8356.54982948303,9,23,23,10000,25,0.2,0.2
216,0x000000000004139F,2019-01-16 05:22:01.300,2019-01-16 05:22:01.300,82,-1.79769313486232E+308,-1.79769313486232E+308,70082.4552106857,-8356.54982948303,70082.5168418884,-8356.54982948303,70082.4552106857,-8356.54982948303,9,23,23,10000,25,0.2,0.2
217,0x00000000000413B9,2019-01-16 05:27:51.733,2019-01-16 05:27:51.733,83,-1.79769313486232E+308,-1.79769313486232E+308,70082.4552106857,-8356.54982948303,70082.4552106857,-8356.54982948303,70082.4552106857,-8356.54982948303,10,23,23,10000,25,0.2,0.2
218,0x00000000000413D3,2019-01-16 05:34:03.157,2019-01-16 05:34:03.157,84,-1.79769313486232E+308,-1.79769313486232E+308,70082.4552106857,-8356.54982948303,67829.9651794434,-8356.54982948303,70082.4552106857,-8356.54982948303,9,23,23,10000,25,0.2,0.2
219,0x00000000000413ED,2019-01-16 05:40:24.587,2019-01-16 05:40:24.587,85,70082.4552106857,-8356.54982948303,70082.4552106857,-8356.54982948303,70082.4552106857,-8356.54982948303,70082.4552106857,-8356.54982948303,13,23,23,10000,25,0.2,0.2
220,0x0000000000041408,2019-01-16 05:46:25.707,2019-01-16 05:46:25.707,86,-1.79769313486232E+308,-1.79769313486232E+308,70082.4552106857,-8356.54982948303,48175.5844910145,-8783.66842508316,70082.4552106857,-8356.54982948303,7,23,23,10000,25,0.2,0.2
221,0x0000000000041422,2019-01-16 05:55:05.333,2019-01-16 05:55:05.333,87,32018.5723419189,-8090.91984176636,70082.4552106857,-8356.54982948303,32018.5723419189,-8090.91984176636,70082.4552106857,-8356.54982948303,14,23,23,10000,25,0.2,0.2
222,0x000000000004143C,2019-01-16 06:04:16.183,2019-01-16 06:04:16.183,88,-1.79769313486232E+308,-1.79769313486232E+308,70082.4552106857,-8356.54982948303,70082.4552106857,-8356.54982948303,70082.4552106857,-8356.54982948303,11,23,23,10000,25,0.2,0.2
223,0x0000000000041456,2019-01-16 06:11:12.767,2019-01-16 06:11:12.767,89,-1.79769313486232E+308,-1.79769313486232E+308,70082.4552106857,-8356.54982948303,70082.4552106857,-8356.54982948303,70082.4552106857,-8356.54982948303,8,23,23,10000,25,0.2,0.2
224,0x0000000000041470,2019-01-16 06:22:14.727,2019-01-16 06:22:14.727,90,-1.79769313486232E+308,-1.79769313486232E+308,7655.9601829052,-9611.8971323967,70082.4552106857,-8356.54982948303,70082.4552106857,-8356.54982948303,8,23,23,10000,25,0.2,0.2
225,0x000000000004148A,2019-01-16 06:30:23.107,2019-01-16 06:30:23.107,91,-1.79769313486232E+308,-1.79769313486232E+308,70082.4552106857,-8356.54982948303,112514.905094624,-6156.15836763382,70082.4552106857,-8356.54982948303,12,23,23,10000,25,0.2,0.2
226,0x00000000000414A4,2019-01-16 06:49:11.977,2019-01-16 06:49:11.977,92,-1.79769313486232E+308,-1.79769313486232E+308,70082.4552106857,-8356.54982948303,121275.738873005,-9406.12992048264,92713.2505187988,-8356.54982948303,7,23,23,10000,25,0.2,0.2
227,0x00000000000414BE,2019-01-16 07:12:56.057,2019-01-16 07:12:56.057,93,53792.2447509766,-8356.54982948303,70082.4552106857,-8356.54982948303,237775.792552471,-5418.01881361008,237775.792552471,-5418.01881361008,13,23,23,10000,25,0.2,0.2
228,0x00000000000414F1,2019-01-16 20:36:20.480,2019-01-16 20:36:20.480,94,-1.79769313486232E+308,-1.79769313486232E+308,-1.79769313486232E+308,-1.79769313486232E+308,70082.4552106857,-8356.54982948303,-1.79769313486232E+308,-1.79769313486232E+308,3,23,23,10000,25,0.2,0.2
229,0x000000000004153E,2019-01-16 21:21:23.363,2019-01-16 21:21:23.363,95,-1.79769313486232E+308,-1.79769313486232E+308,70082.4552106857,-8356.54982948303,70082.4552106857,-8356.54982948303,70082.4552106857,-8356.54982948303,6,15,23,10000,25,0.2,0.2
230,0x0000000000041558,2019-01-16 21:31:38.623,2019-01-16 21:31:38.623,96,-1.79769313486232E+308,-1.79769313486232E+308,70082.4552106857,-8356.54982948303,70082.4552106857,-8356.54982948303,70489.4699444771,-8356.54982948303,5,15,23,10000,25,0.2,0.2
231,0x0000000000041572,2019-01-16 22:04:11.677,2019-01-16 22:04:11.677,97,70082.5168418884,-8356.54982948303,70082.4552106857,-8356.54982948303,63066.6263365746,-8397.2798371315,70489.4699444771,-8356.54982948303,14,15,23,10000,25,0.2,0.2
232,0x000000000004158C,2019-01-16 22:34:28.710,2019-01-16 22:34:28.710,98,-1.79769313486232E+308,-1.79769313486232E+308,70082.5168418884,-8687.69051074982,70082.4552106857,-8356.54982948303,70082.4552106857,-8356.54982948303,8,18,23,10000,25,0.2,0.2
233,0x00000000000415A6,2019-01-16 23:21:54.980,2019-01-16 23:21:54.980,99,70082.5168418884,-8687.69051074982,70082.5168418884,-8687.69051074982,70082.5168418884,-8716.36043930054,70082.5168418884,-8716.36043930054,19,18,23,10000,25,0.2,0.2
234,0x00000000000415C0,2019-01-17 00:14:43.100,2019-01-17 00:14:43.100,100,-1.79769313486232E+308,-1.79769313486232E+308,70082.5168418884,-8716.36043930054,70082.5168418884,-8716.36043930054,70082.5168418884,-8716.36043930054,9,18,23,10000,25,0.2,0.2
235,0x00000000000415DA,2019-01-17 00:37:09.563,2019-01-17 00:37:09.563,101,70354.456659317,-8635.40992164612,70354.456659317,-8635.40992164612,70082.5168418884,-8716.36043930054,70082.5168418884,-8716.36043930054,14,18,23,10000,25,0.2,0.2
236,0x00000000000415F4,2019-01-17 00:55:42.870,2019-01-17 00:55:42.870,102,47114.7907829285,-8324.76010322571,7508.51535522938,-7756.14105892181,70082.4552106857,-8356.54982948303,70082.4552106857,-8356.54982948303,12,19,23,10000,25,0.2,0.2
237,0x000000000004160F,2019-01-17 01:48:14.443,2019-01-17 01:48:14.443,103,-1.79769313486232E+308,-1.79769313486232E+308,70082.4552106857,-8356.54982948303,70082.4552106857,-8356.54982948303,70082.4552106857,-8356.54982948303,12,20,23,10000,25,0.2,0.2
238,0x0000000000041629,2019-01-17 02:02:38.810,2019-01-17 02:02:38.810,104,25925.9287934303,-7919.39118909836,70082.5168418884,-8631.25060272217,342777.322822809,-9989.95150279999,192826.566076279,-9999.10232877731,12,20,23,10000,25,0.2,0.2
239,0x0000000000041643,2019-01-17 02:15:13.453,2019-01-17 02:15:13.453,105,-1.79769313486232E+308,-1.79769313486232E+308,62483.4173564911,-8442.28972291946,260315.082563639,-9987.48357248306,70082.4552106857,-8356.54982948303,10,20,23,10000,25,0.2,0.2
240,0x000000000004165D,2019-01-17 02:34:18.433,2019-01-17 02:34:18.433,106,66099.0103707314,-8525.70979309082,70082.4552106857,-8356.54982948303,71879.5837512016,-8442.28972291946,70082.4552106857,-8356.54982948303,12,20,23,10000,25,0.2,0.2
241,0x0000000000041677,2019-01-17 02:44:42.630,2019-01-17 02:44:42.630,107,70354.456659317,-8313.89959144592,70082.4552106857,-8356.54982948303,63335.0504097939,-8530.06974172592,70082.4552106857,-8356.54982948303,13,20,23,10000,25,0.2,0.2
242,0x0000000000041691,2019-01-17 02:58:01.850,2019-01-17 02:58:01.850,108,70082.4552106857,-8356.54982948303,70082.4552106857,-8356.54982948303,70082.4552106857,-8356.54982948303,70082.4552106857,-8356.54982948303,19,20,23,10000,25,0.2,0.2
243,0x00000000000416AB,2019-01-17 03:07:22.890,2019-01-17 03:07:22.890,109,70082.4552106857,-8356.54982948303,70082.4552106857,-8356.54982948303,70082.4552106857,-8356.54982948303,70082.4552106857,-8356.54982948303,18,20,23,10000,25,0.2,0.2
244,0x00000000000416C5,2019-01-17 03:22:39.127,2019-01-17 03:22:39.127,110,70082.4552106857,-8356.54982948303,70082.4552106857,-8356.54982948303,70082.4552106857,-8356.54982948303,70082.4552106857,-8356.54982948303,20,20,23,10000,25,0.2,0.2
245,0x00000000000416DF,2019-01-17 03:34:59.867,2019-01-17 03:34:59.867,111,70082.4552106857,-8356.54982948303,70082.4552106857,-8356.54982948303,70082.4552106857,-8356.54982948303,70082.4552106857,-8356.54982948303,16,20,23,10000,25,0.2,0.2
246,0x00000000000416F9,2019-01-17 03:45:20.437,2019-01-17 03:45:20.437,112,70082.4552106857,-8356.54982948303,70082.4552106857,-8356.54982948303,70082.4552106857,-8356.54982948303,70082.4552106857,-8356.54982948303,19,20,23,10000,25,0.2,0.2
247,0x0000000000041714,2019-01-17 03:58:43.137,2019-01-17 03:58:43.137,113,70082.4552106857,-8356.54982948303,70082.4552106857,-8356.54982948303,70082.4552106857,-8356.54982948303,70082.4552106857,-8356.54982948303,17,20,23,10000,25,0.2,0.2
248,0x000000000004172E,2019-01-17 04:19:20.733,2019-01-17 04:19:20.733,114,70082.4552106857,-8356.54982948303,70082.4552106857,-8356.54982948303,70082.4552106857,-8356.54982948303,70082.4552106857,-8356.54982948303,24,20,23,10000,25,0.2,0.2
249,0x0000000000041748,2019-01-17 04:30:28.323,2019-01-17 04:30:28.323,115,70082.4552106857,-8356.54982948303,70082.4552106857,-8356.54982948303,70082.4552106857,-8356.54982948303,70082.4552106857,-8356.54982948303,17,20,23,10000,25,0.2,0.2
250,0x0000000000041762,2019-01-17 04:44:11.233,2019-01-17 04:44:11.233,116,70082.4552106857,-8356.54982948303,70082.4552106857,-8356.54982948303,70082.4552106857,-8356.54982948303,70082.4552106857,-8356.54982948303,18,20,23,10000,25,0.2,0.2
251,0x000000000004177C,2019-01-17 05:13:27.290,2019-01-17 05:13:27.290,117,70082.4552106857,-8356.54982948303,70082.4552106857,-8356.54982948303,70082.4552106857,-8356.54982948303,70082.4552106857,-8356.54982948303,16,20,23,10000,25,0.2,0.2
252,0x0000000000041796,2019-01-17 05:26:51.850,2019-01-17 05:26:51.850,118,70082.4552106857,-8356.54982948303,70082.4552106857,-8356.54982948303,70082.4552106857,-8356.54982948303,70082.4552106857,-8356.54982948303,16,20,23,10000,25,0.2,0.2
253,0x00000000000417B0,2019-01-17 05:33:46.243,2019-01-17 05:33:46.243,119,70082.4552106857,-8356.54982948303,70082.4552106857,-8356.54982948303,70082.4552106857,-8356.54982948303,70082.4552106857,-8356.54982948303,19,20,23,10000,25,0.2,0.2
254,0x00000000000417CA,2019-01-17 05:43:59.530,2019-01-17 05:43:59.530,120,70082.4552106857,-8356.54982948303,70082.4552106857,-8356.54982948303,70082.4552106857,-8356.54982948303,70082.4552106857,-8356.54982948303,21,20,23,10000,25,0.2,0.2
255,0x00000000000417E4,2019-01-17 05:52:30.740,2019-01-17 05:52:30.740,121,70082.4552106857,-8356.54982948303,70082.4552106857,-8356.54982948303,70082.4552106857,-8356.54982948303,70082.4552106857,-8356.54982948303,16,20,23,10000,25,0.2,0.2
256,0x00000000000417FE,2019-01-17 06:00:30.170,2019-01-17 06:00:30.170,122,70082.4552106857,-8356.54982948303,70082.4552106857,-8356.54982948303,70082.4552106857,-8356.54982948303,70082.4552106857,-8356.54982948303,21,20,23,10000,25,0.2,0.2
257,0x0000000000041819,2019-01-17 06:09:25.500,2019-01-17 06:09:25.500,123,70082.4552106857,-8356.54982948303,70082.4552106857,-8356.54982948303,70082.4552106857,-8356.54982948303,70082.4552106857,-8356.54982948303,18,21,23,10000,25,0.2,0.2
258,0x0000000000041833,2019-01-17 06:19:16.353,2019-01-17 06:19:16.353,124,-1.79769313486232E+308,-1.79769313486232E+308,70082.4552106857,-8356.54982948303,70082.4552106857,-8356.54982948303,70082.4552106857,-8356.54982948303,10,21,23,10000,25,0.2,0.2
259,0x000000000004184D,2019-01-17 06:28:54.510,2019-01-17 06:28:54.510,125,-1.79769313486232E+308,-1.79769313486232E+308,70082.4552106857,-8356.54982948303,70082.4552106857,-8356.54982948303,70082.4552106857,-8356.54982948303,5,21,23,10000,25,0.2,0.2
260,0x0000000000041867,2019-01-17 06:34:57.830,2019-01-17 06:34:57.830,126,-1.79769313486232E+308,-1.79769313486232E+308,70082.4552106857,-8356.54982948303,70082.4552106857,-8356.54982948303,70082.4552106857,-8356.54982948303,10,21,23,10000,25,0.2,0.2
261,0x0000000000041881,2019-01-17 06:54:32.350,2019-01-17 06:54:32.350,127,-1.79769313486232E+308,-1.79769313486232E+308,70082.4552106857,-8356.54982948303,70082.4552106857,-8356.54982948303,77824.2429929972,-9984.33736228943,9,21,23,10000,25,0.2,0.2
262,0x000000000004189B,2019-01-17 07:29:06.157,2019-01-17 07:29:06.157,128,-1.79769313486232E+308,-1.79769313486232E+308,70082.4552106857,-8356.54982948303,70082.4552106857,-8356.54982948303,70082.4552106857,-8356.54982948303,7,21,23,10000,25,0.2,0.2
263,0x00000000000418B5,2019-01-17 07:44:55.000,2019-01-17 07:44:55.000,129,-1.79769313486232E+308,-1.79769313486232E+308,70082.4552106857,-8356.54982948303,70082.4552106857,-8356.54982948303,70082.4552106857,-8356.54982948303,5,21,23,10000,25,0.2,0.2
264,0x00000000000418CF,2019-01-17 07:54:46.790,2019-01-17 07:54:46.790,130,70082.4552106857,-8356.54982948303,70082.4552106857,-8356.54982948303,70082.4552106857,-8356.54982948303,158361.494286299,-9985.43727254868,20,23,23,10000,25,0.2,0.2
265,0x00000000000418E9,2019-01-17 08:09:46.560,2019-01-17 08:09:46.560,131,-1.79769313486232E+308,-1.79769313486232E+308,9723.31466674805,-9827.27009677887,9723.31466674805,-9827.27009677887,70082.4552106857,-8356.54982948303,7,23,23,10000,25,0.2,0.2
266,0x0000000000041904,2019-01-17 08:19:34.663,2019-01-17 08:19:34.663,132,-1.79769313486232E+308,-1.79769313486232E+308,54121.675866127,-9999.2003455162,60219.0954432487,-9982.7800617218,158361.494286299,-9985.43727254868,5,23,23,10000,25,0.2,0.2
267,0x000000000004191E,2019-01-17 08:31:08.790,2019-01-17 08:31:08.790,133,70082.4552106857,-8356.54982948303,70082.4552106857,-8356.54982948303,222234.196943045,-8809.58973884583,158361.494286299,-9985.43727254868,13,23,23,10000,25,0.2,0.2
268,0x0000000000041938,2019-01-17 08:40:00.887,2019-01-17 08:40:00.887,134,-1.79769313486232E+308,-1.79769313486232E+308,70082.4552106857,-8356.54982948303,70082.4552106857,-8356.54982948303,70082.4552106857,-8356.54982948303,6,23,23,10000,25,0.2,0.2
269,0x0000000000041952,2019-01-17 08:47:50.917,2019-01-17 08:47:50.917,135,-1.79769313486232E+308,-1.79769313486232E+308,70082.4552106857,-8356.54982948303,70082.4552106857,-8356.54982948303,158361.494286299,-9985.43727254868,6,23,23,10000,25,0.2,0.2
270,0x000000000004196C,2019-01-17 08:57:21.480,2019-01-17 08:57:21.480,136,-1.79769313486232E+308,-1.79769313486232E+308,70082.4552106857,-8356.54982948303,70082.4552106857,-8356.54982948303,158361.494286299,-9985.43727254868,3,23,23,10000,25,0.2,0.2
271,0x0000000000041986,2019-01-17 09:11:49.020,2019-01-17 09:11:49.020,137,-1.79769313486232E+308,-1.79769313486232E+308,70082.4552106857,-8356.54982948303,70082.4552106857,-8356.54982948303,70082.4552106857,-8356.54982948303,1,23,23,10000,25,0.2,0.2
272,0x00000000000419A0,2019-01-17 09:23:12.110,2019-01-17 09:23:12.110,138,-1.79769313486232E+308,-1.79769313486232E+308,70082.4552106857,-8356.54982948303,70082.4552106857,-8356.54982948303,70082.4552106857,-8356.54982948303,7,23,23,10000,25,0.2,0.2
273,0x00000000000419BA,2019-01-17 09:54:47.237,2019-01-17 09:54:47.237,139,-1.79769313486232E+308,-1.79769313486232E+308,70082.4552106857,-8356.54982948303,70082.4552106857,-8356.54982948303,70082.4552106857,-8356.54982948303,6,23,23,10000,25,0.2,0.2
274,0x00000000000419D4,2019-01-17 10:09:18.820,2019-01-17 10:09:18.820,140,-1.79769313486232E+308,-1.79769313486232E+308,70082.4552106857,-8356.54982948303,70082.4552106857,-8356.54982948303,158361.494286299,-9985.43727254868,7,23,23,10000,25,0.2,0.2
275,0x00000000000419EE,2019-01-17 10:24:13.810,2019-01-17 10:24:13.810,141,15283.7075424194,3037.29990959167,70082.4552106857,-8356.54982948303,70082.4552106857,-8356.54982948303,70082.4552106857,-8356.54982948303,12,23,23,10000,25,0.2,0.2
276,0x0000000000041A09,2019-01-17 10:44:15.590,2019-01-17 10:44:15.590,142,-1.79769313486232E+308,-1.79769313486232E+308,70082.4552106857,-8356.54982948303,70082.4552106857,-8356.54982948303,70082.4552106857,-8356.54982948303,4,23,23,10000,25,0.2,0.2
277,0x0000000000041A23,2019-01-17 10:55:18.887,2019-01-17 10:55:18.887,143,-1.79769313486232E+308,-1.79769313486232E+308,70082.4552106857,-8356.54982948303,70082.4552106857,-8356.54982948303,70082.4552106857,-8356.54982948303,6,23,23,10000,25,0.2,0.2
278,0x0000000000041A3D,2019-01-17 11:06:39.357,2019-01-17 11:06:39.357,144,70082.4552106857,-8356.54982948303,70082.4552106857,-8356.54982948303,70082.4552106857,-8356.54982948303,70082.4552106857,-8356.54982948303,11,23,23,10000,25,0.2,0.2
279,0x0000000000041A57,2019-01-17 11:23:08.657,2019-01-17 11:23:08.657,145,-1.79769313486232E+308,-1.79769313486232E+308,70082.4552106857,-8356.54982948303,70082.4552106857,-8356.54982948303,70082.4552106857,-8356.54982948303,7,23,23,10000,25,0.2,0.2
280,0x0000000000041A71,2019-01-17 11:39:08.380,2019-01-17 11:39:08.380,146,-1.79769313486232E+308,-1.79769313486232E+308,70082.4552106857,-8356.54982948303,70082.4552106857,-8356.54982948303,70082.5168418884,-8372.1898355484,8,23,23,10000,25,0.2,0.2
281,0x0000000000041A8B,2019-01-17 11:56:34.467,2019-01-17 11:56:34.467,147,-1.79769313486232E+308,-1.79769313486232E+308,70082.5168418884,-8356.54982948303,70840.2389705181,-8406.79984760284,70840.2389705181,-8406.79984760284,5,23,23,10000,25,0.2,0.2
282,0x0000000000041AA5,2019-01-17 12:11:02.557,2019-01-17 12:11:02.557,148,19402.3361910582,-4210.94681978226,70355.7904257774,-8406.79984760284,887615.972819328,-9565.578540802,997241.553085446,-8782.81932544708,12,23,23,10000,25,0.2,0.2
283,0x0000000000041ABF,2019-01-17 12:24:47.033,2019-01-17 12:24:47.033,149,-1.79769313486232E+308,-1.79769313486232E+308,70082.4552106857,-8356.54982948303,111186.953973413,-8971.02934980392,-1.79769313486232E+308,-1.79769313486232E+308,5,23,23,10000,25,0.2,0.2
284,0x0000000000041AD9,2019-01-17 12:50:44.523,2019-01-17 12:50:44.523,150,-1.79769313486232E+308,-1.79769313486232E+308,111186.953973413,-8971.02934980392,111186.953973413,-8971.02934980392,111186.953973413,-8971.02934980392,11,23,23,10000,25,0.2,0.2
285,0x0000000000041AF3,2019-01-17 13:14:19.507,2019-01-17 13:14:19.507,151,23803.5794677734,-8291.49987030029,70082.4552106857,-8356.54982948303,68344.3541475534,-9927.75961399078,111186.953973413,-8971.02934980392,13,23,23,10000,25,0.2,0.2
286,0x0000000000041B0E,2019-01-17 13:36:31.777,2019-01-17 13:36:31.777,152,111186.953973413,-8971.02934980392,100491.406963348,-8904.52913999558,562855.95839715,-9993.16895914078,111186.953973413,-8971.02934980392,14,23,23,10000,25,0.2,0.2
287,0x0000000000041B28,2019-01-17 13:53:53.057,2019-01-17 13:53:53.057,153,-1.79769313486232E+308,-1.79769313486232E+308,82061.7694891691,-9491.51942920685,33272.1111476421,-9994.30925703049,513338.859933734,-9991.5876660347,9,23,23,10000,25,0.2,0.2
288,0x0000000000041B42,2019-01-17 14:25:57.987,2019-01-17 14:25:57.987,154,-1.79769313486232E+308,-1.79769313486232E+308,70082.4552106857,-8356.54982948303,29203.8640311956,-9539.72946882248,70082.4552106857,-8356.54982948303,7,23,23,10000,25,0.2,0.2
289,0x0000000000041B5C,2019-01-17 14:43:19.610,2019-01-17 14:43:19.610,155,101229.204452515,-2714.33979797363,70082.4552106857,-8356.54982948303,40861.326443553,-8681.29927253723,70082.4552106857,-8356.54982948303,13,23,23,10000,25,0.2,0.2
290,0x0000000000041B76,2019-01-17 14:56:27.997,2019-01-17 14:56:27.997,156,69812.9047958851,-8377.40936899185,69812.9047958851,-8377.40936899185,21761.9341087341,-9539.72946882248,111186.953973413,-8971.02934980392,17,23,23,10000,25,0.2,0.2
291,0x0000000000041B90,2019-01-17 15:24:14.637,2019-01-17 15:24:14.637,157,29203.8640311956,-9539.72946882248,29203.8640311956,-9539.72946882248,21761.9341087341,-9539.72946882248,111186.953973413,-8971.02934980392,18,23,23,10000,25,0.2,0.2
292,0x0000000000041BAA,2019-01-17 16:00:19.200,2019-01-17 16:00:19.200,158,-1.79769313486232E+308,-1.79769313486232E+308,29203.8640311956,-9539.72946882248,29203.8640311956,-9539.72946882248,111186.953973413,-8971.02934980392,12,23,23,10000,25,0.2,0.2
293,0x0000000000041BC4,2019-01-17 16:35:27.630,2019-01-17 16:35:27.630,159,-1.79769313486232E+308,-1.79769313486232E+308,70082.4552106857,-8356.54982948303,29203.8640311956,-9539.72946882248,70082.4552106857,-8356.54982948303,7,23,23,10000,25,0.2,0.2
294,0x0000000000041BDE,2019-01-17 17:01:00.553,2019-01-17 17:01:00.553,160,70082.5168418884,-8281.62986946106,70082.4552106857,-8356.54982948303,29203.8640311956,-9539.72946882248,70082.5168418884,-8281.62986946106,14,23,23,10000,25,0.2,0.2
295,0x0000000000041BF8,2019-01-17 17:27:25.100,2019-01-17 17:27:25.100,161,20049.3975753784,-8280.7798705101,70082.4552106857,-8356.54982948303,29372.4947676659,-9563.09945297241,70082.4552106857,-8356.54982948303,11,23,23,10000,25,0.2,0.2
296,0x0000000000041C13,2019-01-17 18:02:52.797,2019-01-17 18:02:52.797,162,70082.4552106857,-8356.54982948303,70082.4552106857,-8356.54982948303,29203.8640311956,-9539.72946882248,111186.953973413,-8971.02934980392,16,23,23,10000,25,0.2,0.2
297,0x0000000000041C2D,2019-01-17 18:15:39.893,2019-01-17 18:15:39.893,163,70082.5168418884,-8281.62986946106,70082.4552106857,-8356.54982948303,70082.4552106857,-8356.54982948303,70082.4552106857,-8356.54982948303,13,23,23,10000,25,0.2,0.2
298,0x0000000000041C47,2019-01-17 18:29:06.853,2019-01-17 18:29:06.853,164,70082.4552106857,-8356.54982948303,70082.4552106857,-8356.54982948303,70082.4552106857,-8356.54982948303,70082.4552106857,-8356.54982948303,20,23,23,10000,25,0.2,0.2
299,0x0000000000041C61,2019-01-17 18:43:02.593,2019-01-17 18:43:02.593,165,70082.4552106857,-8356.54982948303,70082.4552106857,-8356.54982948303,76022.2860221863,-8356.54982948303,76033.7389297485,-8365.16995096207,17,23,23,10000,25,0.2,0.2
300,0x0000000000041C7B,2019-01-17 19:00:20.303,2019-01-17 19:00:20.303,166,-6202.42313373089,-3574.81254482269,-6829.62052369118,-7541.61468839645,19332.4362397194,-9086.69026994705,76033.7389297485,-8365.16995096207,14,23,23,10000,25,0.2,0.2
301,0x0000000000041C95,2019-01-17 19:15:52.573,2019-01-17 19:15:52.573,167,-1.79769313486232E+308,-1.79769313486232E+308,-9983.44814670086,-6950.58505296707,70082.4552106857,-8356.54982948303,92430.4887315035,-8609.0489487648,9,23,23,10000,25,0.2,0.2
302,0x0000000000041CAF,2019-01-17 19:28:21.383,2019-01-17 19:28:21.383,168,-2830.2837703228,-4011.89060592651,70082.4552106857,-8356.54982948303,33832.2554049492,-9086.69026994705,70082.4552106857,-8356.54982948303,11,23,23,10000,25,0.2,0.2
303,0x0000000000041CC9,2019-01-17 19:37:56.707,2019-01-17 19:37:56.707,169,70082.5168418884,-8281.62986946106,70082.4552106857,-8356.54982948303,70082.4552106857,-8356.54982948303,70082.4552106857,-8356.54982948303,10,23,23,10000,25,0.2,0.2
304,0x0000000000041CE3,2019-01-17 19:45:38.167,2019-01-17 19:45:38.167,170,70082.4552106857,-8356.54982948303,70082.4552106857,-8356.54982948303,70082.4552106857,-8356.54982948303,70082.4552106857,-8356.54982948303,15,23,23,10000,25,0.2,0.2
305,0x0000000000041CFD,2019-01-17 19:53:05.600,2019-01-17 19:53:05.600,171,70082.4552106857,-8356.54982948303,70082.4552106857,-8356.54982948303,76022.2860221863,-8356.54982948303,70082.4552106857,-8356.54982948303,16,23,23,10000,25,0.2,0.2
306,0x0000000000041D18,2019-01-17 20:01:30.153,2019-01-17 20:01:30.153,172,70082.4552106857,-8356.54982948303,70082.4552106857,-8356.54982948303,70082.4552106857,-8356.54982948303,70082.4552106857,-8356.54982948303,14,23,23,10000,25,0.2,0.2
307,0x0000000000041D32,2019-01-17 20:09:08.140,2019-01-17 20:09:08.140,173,70082.4552106857,-8356.54982948303,70082.4552106857,-8356.54982948303,70082.4552106857,-8356.54982948303,70082.4552106857,-8356.54982948303,16,23,23,10000,25,0.2,0.2
308,0x0000000000041D4C,2019-01-17 20:15:09.863,2019-01-17 20:15:09.863,174,70082.4552106857,-8356.54982948303,70082.4552106857,-8356.54982948303,70082.4552106857,-8356.54982948303,70082.4552106857,-8356.54982948303,13,23,23,10000,25,0.2,0.2
309,0x0000000000041D66,2019-01-17 20:19:38.947,2019-01-17 20:19:38.947,175,70082.4552106857,-8356.54982948303,70082.4552106857,-8356.54982948303,70082.4552106857,-8356.54982948303,70082.4552106857,-8356.54982948303,12,23,23,10000,25,0.2,0.2
310,0x0000000000041D80,2019-01-17 20:28:28.397,2019-01-17 20:28:28.397,176,70082.4552106857,-8356.54982948303,70082.4552106857,-8356.54982948303,70082.4552106857,-8356.54982948303,70082.4552106857,-8356.54982948303,16,23,23,10000,25,0.2,0.2
311,0x0000000000041D9A,2019-01-17 20:37:12.520,2019-01-17 20:37:12.520,177,70082.4552106857,-8356.54982948303,70082.4552106857,-8356.54982948303,90901.1305053234,-8500.80998659134,70082.4552106857,-8356.54982948303,21,23,23,10000,25,0.2,0.2
312,0x0000000000041DB4,2019-01-17 20:51:13.627,2019-01-17 20:51:13.627,178,-1.79769313486232E+308,-1.79769313486232E+308,70082.4552106857,-8356.54982948303,75160.5023421049,-8676.71953868866,70082.4552106857,-8356.54982948303,8,23,23,10000,25,0.2,0.2
313,0x0000000000041DCE,2019-01-17 21:00:12.653,2019-01-17 21:00:12.653,179,256429.474425554,-6169.16002655029,70082.4552106857,-8356.54982948303,70082.4552106857,-8356.54982948303,70082.4552106857,-8356.54982948303,10,23,23,10000,25,0.2,0.2
314,0x0000000000041DE8,2019-01-17 21:08:23.270,2019-01-17 21:08:23.270,180,9477.56340646744,-229.521660804749,70082.4552106857,-8356.54982948303,70082.4552106857,-8356.54982948303,70082.4552106857,-8356.54982948303,10,23,23,10000,25,0.2,0.2
315,0x0000000000041E03,2019-01-17 21:20:47.730,2019-01-17 21:20:47.730,181,-1.79769313486232E+308,-1.79769313486232E+308,70082.4552106857,-8356.54982948303,70082.4552106857,-8356.54982948303,70082.4552106857,-8356.54982948303,10,23,23,10000,25,0.2,0.2
316,0x0000000000041E1D,2019-01-17 21:26:51.687,2019-01-17 21:26:51.687,182,-1.79769313486232E+308,-1.79769313486232E+308,70082.4552106857,-8356.54982948303,70082.4552106857,-8356.54982948303,70082.4552106857,-8356.54982948303,11,23,23,10000,25,0.2,0.2
317,0x0000000000041E37,2019-01-17 21:37:31.890,2019-01-17 21:37:31.890,183,48267.5767230988,-8236.13981628418,70082.4552106857,-8356.54982948303,70082.4552106857,-8356.54982948303,70082.4552106857,-8356.54982948303,14,23,23,10000,25,0.2,0.2
318,0x0000000000041E51,2019-01-17 21:49:27.223,2019-01-17 21:49:27.223,184,70082.4552106857,-8356.54982948303,70082.4552106857,-8356.54982948303,64591.6558437347,-8286.45979404449,70082.4552106857,-8356.54982948303,14,23,23,10000,25,0.2,0.2
319,0x0000000000041E6B,2019-01-17 22:22:52.030,2019-01-17 22:22:52.030,185,-1.79769313486232E+308,-1.79769313486232E+308,70082.4552106857,-8356.54982948303,70082.4552106857,-8356.54982948303,70082.4552106857,-8356.54982948303,7,23,23,10000,25,0.2,0.2
320,0x0000000000041E85,2019-01-17 22:35:47.157,2019-01-17 22:35:47.157,186,-1.79769313486232E+308,-1.79769313486232E+308,70082.4552106857,-8356.54982948303,70082.4552106857,-8356.54982948303,70082.4552106857,-8356.54982948303,8,23,23,10000,25,0.2,0.2
321,0x0000000000041E9F,2019-01-17 22:54:30.860,2019-01-17 22:54:30.860,187,70082.4552106857,-8356.54982948303,70082.4552106857,-8356.54982948303,70082.4552106857,-8356.54982948303,70082.4552106857,-8356.54982948303,14,23,23,10000,25,0.2,0.2
322,0x0000000000041EB9,2019-01-17 23:07:07.420,2019-01-17 23:07:07.420,188,70082.4552106857,-8356.54982948303,70082.4552106857,-8356.54982948303,70082.4552106857,-8356.54982948303,70082.4552106857,-8356.54982948303,14,23,23,10000,25,0.2,0.2
323,0x0000000000041ED3,2019-01-17 23:26:13.183,2019-01-17 23:26:13.183,189,-1.79769313486232E+308,-1.79769313486232E+308,70082.4552106857,-8356.54982948303,70082.4552106857,-8356.54982948303,70082.4552106857,-8356.54982948303,9,23,23,10000,25,0.2,0.2
324,0x0000000000041EED,2019-01-17 23:47:13.957,2019-01-17 23:47:13.957,190,70082.4552106857,-8356.54982948303,70082.4552106857,-8356.54982948303,59358.6613881588,-6763.38022232056,70082.4552106857,-8356.54982948303,16,23,23,10000,25,0.2,0.2
325,0x0000000000041F08,2019-01-18 00:01:46.003,2019-01-18 00:01:46.003,191,-1.79769313486232E+308,-1.79769313486232E+308,70082.4552106857,-8356.54982948303,113060.078867435,-8176.07693195343,113060.078867435,-8176.07693195343,10,23,23,10000,25,0.2,0.2
326,0x0000000000041F22,2019-01-18 00:24:51.673,2019-01-18 00:24:51.673,192,-1.79769313486232E+308,-1.79769313486232E+308,70082.4552106857,-8356.54982948303,60530.2680487633,-8578.46740913391,70082.4552106857,-8356.54982948303,9,23,23,10000,25,0.2,0.2
327,0x0000000000041F3C,2019-01-18 00:37:33.810,2019-01-18 00:37:33.810,193,-1.79769313486232E+308,-1.79769313486232E+308,70082.4552106857,-8356.54982948303,70082.4552106857,-8356.54982948303,70082.4552106857,-8356.54982948303,7,23,23,10000,25,0.2,0.2
328,0x0000000000041F56,2019-01-18 01:18:56.040,2019-01-18 01:18:56.040,194,-1.79769313486232E+308,-1.79769313486232E+308,70082.4552106857,-8356.54982948303,70082.4552106857,-8356.54982948303,70082.4552106857,-8356.54982948303,9,23,23,10000,25,0.2,0.2
329,0x0000000000041F70,2019-01-18 02:16:20.487,2019-01-18 02:16:20.487,195,70082.4552106857,-8356.54982948303,70082.4552106857,-8356.54982948303,70082.4552106857,-8356.54982948303,70082.4552106857,-8356.54982948303,10,23,23,10000,25,0.2,0.2
330,0x0000000000041F8A,2019-01-18 02:30:16.123,2019-01-18 02:30:16.123,196,70082.5168418884,-8333.72047042847,70082.4552106857,-8356.54982948303,201291.671041489,-8537.22967529297,201291.671041489,-8537.22967529297,12,23,23,10000,25,0.2,0.2
331,0x0000000000041FA4,2019-01-18 02:42:50.730,2019-01-18 02:42:50.730,197,70082.5168418884,-8356.54982948303,70082.4552106857,-8356.54982948303,175781.585667133,-8462.07969856262,201291.671041489,-8537.22967529297,15,23,23,10000,25,0.2,0.2
332,0x0000000000041FBE,2019-01-18 02:53:12.227,2019-01-18 02:53:12.227,198,56181.7873306274,-7741.29017162323,70082.4552106857,-8356.54982948303,216607.71944046,-8537.22967529297,201291.671041489,-8537.22967529297,12,23,23,10000,25,0.2,0.2
333,0x0000000000041FD8,2019-01-18 03:05:03.643,2019-01-18 03:05:03.643,199,-1.79769313486232E+308,-1.79769313486232E+308,70082.5168418884,-8356.54982948303,70082.4552106857,-8356.54982948303,201291.671041489,-8537.22967529297,12,23,23,10000,25,0.2,0.2
334,0x0000000000041FF2,2019-01-18 03:16:25.323,2019-01-18 03:16:25.323,200,219810.828634262,-8537.22967529297,70082.5168418884,-8356.54982948303,201291.671041489,-8537.22967529297,201291.671041489,-8537.22967529297,16,23,23,10000,25,0.2,0.2
335,0x000000000004200D,2019-01-18 03:23:29.460,2019-01-18 03:23:29.460,201,106751.044822693,-8455.16005134583,219810.828634262,-8537.22967529297,219810.828634262,-8537.22967529297,201291.671041489,-8537.22967529297,14,23,23,10000,25,0.2,0.2
336,0x0000000000042027,2019-01-18 03:33:40.137,2019-01-18 03:33:40.137,202,70082.4552106857,-8356.54982948303,70082.4552106857,-8356.54982948303,201291.671041489,-8537.22967529297,201291.671041489,-8537.22967529297,18,23,23,10000,25,0.2,0.2
337,0x0000000000042041,2019-01-18 03:43:37.887,2019-01-18 03:43:37.887,203,-1.79769313486232E+308,-1.79769313486232E+308,70082.4552106857,-8356.54982948303,168234.377457142,-8414.15964317322,201291.671041489,-8537.22967529297,11,23,23,10000,25,0.2,0.2
338,0x000000000004205B,2019-01-18 03:58:58.440,2019-01-18 03:58:58.440,204,70082.5168418884,-8356.54982948303,70082.4552106857,-8356.54982948303,201291.671041489,-8537.22967529297,201291.671041489,-8537.22967529297,14,23,23,10000,25,0.2,0.2
339,0x0000000000042075,2019-01-18 04:05:42.193,2019-01-18 04:05:42.193,205,70082.4552106857,-8356.54982948303,70082.4552106857,-8356.54982948303,70082.4552106857,-8356.54982948303,70082.4552106857,-8356.54982948303,20,23,23,10000,25,0.2,0.2
340,0x000000000004208F,2019-01-18 04:15:19.030,2019-01-18 04:15:19.030,206,70082.4552106857,-8356.54982948303,70082.4552106857,-8356.54982948303,70082.4552106857,-8356.54982948303,70082.4552106857,-8356.54982948303,19,23,23,10000,25,0.2,0.2
341,0x00000000000420A9,2019-01-18 04:24:11.877,2019-01-18 04:24:11.877,207,70082.4552106857,-8356.54982948303,70082.4552106857,-8356.54982948303,70082.4552106857,-8356.54982948303,70082.4552106857,-8356.54982948303,16,23,23,10000,25,0.2,0.2
342,0x00000000000420C3,2019-01-18 05:09:57.683,2019-01-18 05:09:57.683,208,70082.4552106857,-8356.54982948303,70082.4552106857,-8356.54982948303,70082.4552106857,-8356.54982948303,70082.4552106857,-8356.54982948303,15,23,23,10000,25,0.2,0.2
343,0x00000000000420DD,2019-01-18 05:22:49.940,2019-01-18 05:22:49.940,209,-1.79769313486232E+308,-1.79769313486232E+308,70082.4552106857,-8356.54982948303,70082.4552106857,-8356.54982948303,70082.4552106857,-8356.54982948303,11,23,23,10000,25,0.2,0.2
344,0x00000000000420F7,2019-01-18 05:31:08.903,2019-01-18 05:31:08.903,210,-1.79769313486232E+308,-1.79769313486232E+308,70082.4552106857,-8356.54982948303,70082.4552106857,-8356.54982948303,70082.4552106857,-8356.54982948303,9,23,23,10000,25,0.2,0.2
345,0x0000000000042112,2019-01-18 05:43:18.637,2019-01-18 05:43:18.637,211,-1.79769313486232E+308,-1.79769313486232E+308,70082.4552106857,-8356.54982948303,70082.4552106857,-8356.54982948303,70082.4552106857,-8356.54982948303,7,23,23,10000,25,0.2,0.2
346,0x000000000004212C,2019-01-18 05:54:22.433,2019-01-18 05:54:22.433,212,-1.79769313486232E+308,-1.79769313486232E+308,70082.4552106857,-8356.54982948303,70082.4552106857,-8356.54982948303,70082.4552106857,-8356.54982948303,6,23,23,10000,25,0.2,0.2
347,0x0000000000042146,2019-01-18 06:02:00.577,2019-01-18 06:02:00.577,213,-1.79769313486232E+308,-1.79769313486232E+308,70082.4552106857,-8356.54982948303,10983.8449686766,-8231.30961751938,70082.4552106857,-8356.54982948303,9,23,23,10000,25,0.2,0.2
348,0x0000000000042160,2019-01-18 06:06:18.740,2019-01-18 06:06:18.740,214,-1.79769313486232E+308,-1.79769313486232E+308,23362.7321910858,3782.18859100342,70082.4552106857,-8356.54982948303,70082.4552106857,-8356.54982948303,11,23,23,10000,25,0.2,0.2
349,0x000000000004217A,2019-01-18 06:12:30.303,2019-01-18 06:12:30.303,215,-1.79769313486232E+308,-1.79769313486232E+308,70082.4552106857,-8356.54982948303,70082.4552106857,-8356.54982948303,70082.4552106857,-8356.54982948303,9,23,23,10000,25,0.2,0.2
350,0x0000000000042194,2019-01-18 06:15:50.917,2019-01-18 06:15:50.917,216,70082.4552106857,-8356.54982948303,70082.4552106857,-8356.54982948303,70082.4552106857,-8356.54982948303,70082.4552106857,-8356.54982948303,13,23,23,10000,25,0.2,0.2
351,0x00000000000421AE,2019-01-18 06:25:42.800,2019-01-18 06:25:42.800,217,-1.79769313486232E+308,-1.79769313486232E+308,70082.4552106857,-8356.54982948303,70082.4552106857,-8356.54982948303,70082.4552106857,-8356.54982948303,5,23,23,10000,25,0.2,0.2
352,0x00000000000421C8,2019-01-18 06:39:01.823,2019-01-18 06:39:01.823,218,-1.79769313486232E+308,-1.79769313486232E+308,70082.4552106857,-8356.54982948303,70082.4552106857,-8356.54982948303,70082.4552106857,-8356.54982948303,11,23,23,10000,25,0.2,0.2
353,0x00000000000421E2,2019-01-18 06:43:46.740,2019-01-18 06:43:46.740,219,70082.4552106857,-8082.25028038025,70082.4552106857,-8356.54982948303,103379.472508788,-9482.25972938538,70082.4552106857,-8356.54982948303,13,23,23,10000,25,0.2,0.2
354,0x00000000000421FC,2019-01-18 06:49:36.800,2019-01-18 06:49:36.800,220,-1.79769313486232E+308,-1.79769313486232E+308,70082.4552106857,-8356.54982948303,70082.4552106857,-8356.54982948303,117817.378122568,-9998.28796958923,11,23,23,10000,25,0.2,0.2
355,0x0000000000042217,2019-01-18 06:55:52.987,2019-01-18 06:55:52.987,221,-1.79769313486232E+308,-1.79769313486232E+308,70082.4552106857,-8356.54982948303,70082.4552106857,-8356.54982948303,117817.378122568,-9998.28796958923,9,23,23,10000,25,0.2,0.2
356,0x0000000000042231,2019-01-18 07:01:44.753,2019-01-18 07:01:44.753,222,117817.378122568,-9998.28796958923,70082.4552106857,-8356.54982948303,70082.4552106857,-8356.54982948303,117817.378122568,-9998.28796958923,10,23,23,10000,25,0.2,0.2
357,0x000000000004224B,2019-01-18 07:14:35.727,2019-01-18 07:14:35.727,223,-1.79769313486232E+308,-1.79769313486232E+308,70082.4552106857,-8356.54982948303,62991.2332750559,-8368.82996463776,117817.378122568,-9998.28796958923,8,23,23,10000,25,0.2,0.2
358,0x0000000000042265,2019-01-18 07:24:49.313,2019-01-18 07:24:49.313,224,-1.79769313486232E+308,-1.79769313486232E+308,70082.4552106857,-8356.54982948303,70082.4552106857,-8356.54982948303,70082.4552106857,-8356.54982948303,11,23,23,10000,25,0.2,0.2
359,0x000000000004227F,2019-01-18 07:33:06.087,2019-01-18 07:33:06.087,225,70082.4552106857,-8356.54982948303,70082.4552106857,-8356.54982948303,70082.4552106857,-8356.54982948303,70082.4552106857,-8356.54982948303,14,23,23,10000,25,0.2,0.2
360,0x0000000000042299,2019-01-18 07:38:49.177,2019-01-18 07:38:49.177,226,-1.79769313486232E+308,-1.79769313486232E+308,68784.6492881775,-8303.39982700348,70082.4552106857,-8356.54982948303,68784.6492881775,-8303.39982700348,11,23,23,10000,25,0.2,0.2
361,0x00000000000422B3,2019-01-18 07:46:20.533,2019-01-18 07:46:20.533,227,70082.4552106857,-8356.54982948303,70082.4552106857,-8356.54982948303,68784.6492881775,-8303.39982700348,70082.4552106857,-8356.54982948303,15,23,23,10000,25,0.2,0.2
362,0x00000000000422CD,2019-01-18 07:53:56.223,2019-01-18 07:53:56.223,228,70082.4552106857,-8356.54982948303,70082.4552106857,-8356.54982948303,70082.4552106857,-8356.54982948303,70082.4552106857,-8356.54982948303,14,23,23,10000,25,0.2,0.2
363,0x00000000000422E7,2019-01-18 07:59:47.810,2019-01-18 07:59:47.810,229,-1.79769313486232E+308,-1.79769313486232E+308,70082.4552106857,-8356.54982948303,70082.4552106857,-8356.54982948303,70082.4552106857,-8356.54982948303,11,23,23,10000,25,0.2,0.2
364,0x0000000000042302,2019-01-18 08:08:49.883,2019-01-18 08:08:49.883,230,-1.79769313486232E+308,-1.79769313486232E+308,70082.4552106857,-8356.54982948303,70082.4552106857,-8356.54982948303,70082.4552106857,-8356.54982948303,11,23,23,10000,25,0.2,0.2
365,0x000000000004231C,2019-01-18 08:15:50.293,2019-01-18 08:15:50.293,231,70082.4552106857,-8356.54982948303,70082.4552106857,-8356.54982948303,70082.4552106857,-8356.54982948303,70082.4552106857,-8356.54982948303,14,23,23,10000,25,0.2,0.2
366,0x0000000000042336,2019-01-18 08:23:02.230,2019-01-18 08:23:02.230,232,-1.79769313486232E+308,-1.79769313486232E+308,70082.4552106857,-8356.54982948303,70082.4552106857,-8356.54982948303,70082.4552106857,-8356.54982948303,9,23,23,10000,25,0.2,0.2
367,0x0000000000042350,2019-01-18 08:29:06.760,2019-01-18 08:29:06.760,233,-1.79769313486232E+308,-1.79769313486232E+308,70082.4552106857,-8356.54982948303,70082.4552106857,-8356.54982948303,70082.4552106857,-8356.54982948303,3,23,23,10000,25,0.2,0.2
368,0x000000000004236A,2019-01-18 08:36:26.300,2019-01-18 08:36:26.300,234,-1.79769313486232E+308,-1.79769313486232E+308,70082.4552106857,-8356.54982948303,70082.4552106857,-8356.54982948303,70082.4552106857,-8356.54982948303,12,23,23,10000,25,0.2,0.2
369,0x0000000000042384,2019-01-18 08:40:56.200,2019-01-18 08:40:56.200,235,-1.79769313486232E+308,-1.79769313486232E+308,70082.4552106857,-8356.54982948303,70082.4552106857,-8356.54982948303,70082.4552106857,-8356.54982948303,8,23,23,10000,25,0.2,0.2
370,0x000000000004239E,2019-01-18 08:48:04.930,2019-01-18 08:48:04.930,236,-1.79769313486232E+308,-1.79769313486232E+308,70082.4552106857,-8356.54982948303,70082.4552106857,-8356.54982948303,70082.4552106857,-8356.54982948303,11,23,23,10000,25,0.2,0.2
371,0x00000000000423B8,2019-01-18 08:54:45.297,2019-01-18 08:54:45.297,237,70082.4552106857,-8356.54982948303,70082.4552106857,-8356.54982948303,70082.4552106857,-8356.54982948303,70082.4552106857,-8356.54982948303,16,23,23,10000,25,0.2,0.2
372,0x00000000000423D2,2019-01-18 08:58:50.107,2019-01-18 08:58:50.107,238,-1.79769313486232E+308,-1.79769313486232E+308,70082.4552106857,-8356.54982948303,70082.4552106857,-8356.54982948303,70082.4552106857,-8356.54982948303,11,23,23,10000,25,0.2,0.2
373,0x00000000000423EC,2019-01-18 09:16:25.593,2019-01-18 09:16:25.593,239,-1.79769313486232E+308,-1.79769313486232E+308,70082.4552106857,-8356.54982948303,70082.4552106857,-8356.54982948303,70082.4552106857,-8356.54982948303,11,23,23,10000,25,0.2,0.2
374,0x0000000000042407,2019-01-18 09:52:23.330,2019-01-18 09:52:23.330,240,70082.4552106857,-8356.54982948303,70082.4552106857,-8356.54982948303,69505.6152844429,-8576.54946613312,70082.4552106857,-8356.54982948303,13,23,23,10000,25,0.2,0.2
375,0x0000000000042421,2019-01-18 10:01:47.970,2019-01-18 10:01:47.970,241,-1.79769313486232E+308,-1.79769313486232E+308,70082.4552106857,-8356.54982948303,70082.4552106857,-8356.54982948303,70082.4552106857,-8356.54982948303,11,23,23,10000,25,0.2,0.2
376,0x000000000004243B,2019-01-18 10:22:54.817,2019-01-18 10:22:54.817,242,-1.79769313486232E+308,-1.79769313486232E+308,70082.4552106857,-8356.54982948303,70082.4552106857,-8356.54982948303,70082.4552106857,-8356.54982948303,10,23,23,10000,25,0.2,0.2
377,0x0000000000042455,2019-01-18 10:34:54.987,2019-01-18 10:34:54.987,243,-1.79769313486232E+308,-1.79769313486232E+308,70082.4552106857,-8356.54982948303,70082.4552106857,-8356.54982948303,70082.4552106857,-8356.54982948303,12,23,23,10000,25,0.2,0.2
378,0x000000000004246F,2019-01-18 10:50:39.113,2019-01-18 10:50:39.113,244,70082.5168418884,-8356.54982948303,70082.5168418884,-8356.54982948303,70082.5168418884,-8356.54982948303,70356.300989151,-8356.54982948303,13,23,23,10000,25,0.2,0.2
379,0x0000000000042489,2019-01-18 10:57:36.580,2019-01-18 10:57:36.580,245,-1.79769313486232E+308,-1.79769313486232E+308,6303.56332349777,-4290.4449801445,70082.5168418884,-8356.54982948303,6303.56332349777,-4290.4449801445,11,23,23,10000,25,0.2,0.2
380,0x00000000000424A3,2019-01-18 11:11:04.167,2019-01-18 11:11:04.167,246,-1.79769313486232E+308,-1.79769313486232E+308,6303.56332349777,-4290.4449801445,70082.4552106857,-8356.54982948303,70082.5168418884,-8356.54982948303,12,23,23,10000,25,0.2,0.2
381,0x00000000000424BD,2019-01-18 11:18:56.417,2019-01-18 11:18:56.417,247,-1.79769313486232E+308,-1.79769313486232E+308,6303.56332349777,-4290.4449801445,70082.5168418884,-8356.54982948303,70082.5168418884,-8356.54982948303,8,23,23,10000,25,0.2,0.2
382,0x00000000000424D7,2019-01-18 11:25:04.860,2019-01-18 11:25:04.860,248,-1.79769313486232E+308,-1.79769313486232E+308,6303.56332349777,-4290.4449801445,70082.5168418884,-8356.54982948303,70082.5168418884,-8356.54982948303,10,23,23,10000,25,0.2,0.2
383,0x00000000000424F1,2019-01-18 11:33:26.830,2019-01-18 11:33:26.830,249,-1.79769313486232E+308,-1.79769313486232E+308,6303.56332349777,-4290.4449801445,70082.5168418884,-8356.54982948303,70082.5168418884,-8356.54982948303,10,23,23,10000,25,0.2,0.2
384,0x000000000004250C,2019-01-18 11:53:41.540,2019-01-18 11:53:41.540,250,-1.79769313486232E+308,-1.79769313486232E+308,6303.56332349777,-4290.4449801445,70082.4552106857,-8356.54982948303,70082.5168418884,-8356.54982948303,11,23,23,10000,25,0.2,0.2
385,0x0000000000042526,2019-01-18 11:59:06.470,2019-01-18 11:59:06.470,251,-1.79769313486232E+308,-1.79769313486232E+308,70082.4552106857,-8356.54982948303,70082.5168418884,-8356.54982948303,70082.4552106857,-8356.54982948303,10,23,23,10000,25,0.2,0.2
386,0x0000000000042540,2019-01-18 12:07:28.563,2019-01-18 12:07:28.563,252,-1.79769313486232E+308,-1.79769313486232E+308,70082.4552106857,-8356.54982948303,70082.4552106857,-8356.54982948303,70082.5168418884,-8356.54982948303,7,23,23,10000,25,0.2,0.2
387,0x000000000004255A,2019-01-18 12:27:37.973,2019-01-18 12:27:37.973,253,-1.79769313486232E+308,-1.79769313486232E+308,70082.4552106857,-8356.54982948303,70082.5168418884,-8356.54982948303,70082.5168418884,-8356.54982948303,9,23,23,10000,25,0.2,0.2
388,0x0000000000042574,2019-01-18 12:54:55.597,2019-01-18 12:54:55.597,254,-1.79769313486232E+308,-1.79769313486232E+308,70082.4552106857,-8356.54982948303,70491.7038815022,-8429.49979162216,70082.5168418884,-8356.54982948303,11,23,23,10000,25,0.2,0.2
389,0x000000000004258E,2019-01-18 13:34:12.810,2019-01-18 13:34:12.810,255,-1.79769313486232E+308,-1.79769313486232E+308,70082.4552106857,-8356.54982948303,70491.7038815022,-8429.49979162216,70082.5168418884,-8356.54982948303,10,23,23,10000,25,0.2,0.2
390,0x00000000000425A8,2019-01-18 13:59:36.200,2019-01-18 13:59:36.200,256,-1.79769313486232E+308,-1.79769313486232E+308,70082.4552106857,-8356.54982948303,70082.5168418884,-8356.54982948303,70082.5168418884,-8356.54982948303,10,23,23,10000,25,0.2,0.2
391,0x00000000000425C2,2019-01-18 14:26:46.463,2019-01-18 14:26:46.463,257,70082.5168418884,-8356.54982948303,6303.56332349777,-4290.4449801445,70082.5168418884,-8356.54982948303,70082.5168418884,-8356.54982948303,13,23,23,10000,25,0.2,0.2
392,0x00000000000425DC,2019-01-18 14:36:49.807,2019-01-18 14:36:49.807,258,-1.79769313486232E+308,-1.79769313486232E+308,6303.56332349777,-4290.4449801445,70082.4552106857,-8356.54982948303,6303.56332349777,-4290.4449801445,12,23,23,10000,25,0.2,0.2
393,0x00000000000425F6,2019-01-18 14:57:19.310,2019-01-18 14:57:19.310,259,-1.79769313486232E+308,-1.79769313486232E+308,-5561.8043410778,-8053.76032686234,70082.4552106857,-8356.54982948303,70082.4552106857,-8356.54982948303,12,23,23,10000,25,0.2,0.2
394,0x0000000000042611,2019-01-18 15:20:51.817,2019-01-18 15:20:51.817,260,-1.79769313486232E+308,-1.79769313486232E+308,4935.00881195068,-6802.9396905899,70082.4552106857,-8356.54982948303,70082.4552106857,-8356.54982948303,9,23,23,10000,25,0.2,0.2
395,0x000000000004262B,2019-01-18 15:40:06.000,2019-01-18 15:40:06.000,261,-1.79769313486232E+308,-1.79769313486232E+308,70082.4552106857,-8356.54982948303,70082.4552106857,-8356.54982948303,70082.4552106857,-8356.54982948303,11,23,23,10000,25,0.2,0.2
396,0x0000000000042645,2019-01-18 16:05:06.097,2019-01-18 16:05:06.097,262,6303.56332349777,-4290.4449801445,6303.56332349777,-4290.4449801445,70082.4552106857,-8356.54982948303,70082.4552106857,-8356.54982948303,21,23,23,10000,25,0.2,0.2
397,0x000000000004265F,2019-01-18 17:03:25.080,2019-01-18 17:03:25.080,263,70082.4552106857,-8356.54982948303,70082.4552106857,-8356.54982948303,70082.4552106857,-8356.54982948303,70082.4552106857,-8356.54982948303,15,23,23,10000,25,0.2,0.2
398,0x0000000000042679,2019-01-18 18:14:51.360,2019-01-18 18:14:51.360,264,70082.4552106857,-8356.54982948303,70082.4552106857,-8356.54982948303,70082.4552106857,-8356.54982948303,70082.4552106857,-8356.54982948303,17,23,23,10000,25,0.2,0.2
399,0x0000000000042693,2019-01-18 19:16:13.957,2019-01-18 19:16:13.957,265,-1.79769313486232E+308,-1.79769313486232E+308,70082.4552106857,-8356.54982948303,70082.4552106857,-8356.54982948303,70082.4552106857,-8356.54982948303,10,23,23,10000,25,0.2,0.2
400,0x00000000000426AD,2019-01-18 19:52:23.473,2019-01-18 19:52:23.473,266,-1.79769313486232E+308,-1.79769313486232E+308,70082.4552106857,-8356.54982948303,70082.4552106857,-8356.54982948303,70082.4552106857,-8356.54982948303,4,23,23,10000,25,0.2,0.2
401,0x00000000000426C7,2019-01-18 20:04:54.167,2019-01-18 20:04:54.167,267,-1.79769313486232E+308,-1.79769313486232E+308,70082.5168418884,-8356.54982948303,70082.5168418884,-8356.54982948303,70082.5168418884,-8356.54982948303,12,23,23,10000,25,0.2,0.2
402,0x00000000000426E1,2019-01-18 20:16:17.903,2019-01-18 20:16:17.903,268,70082.5168418884,-8356.54982948303,70082.5168418884,-8356.54982948303,58144.0958023071,-8247.57030391693,70082.5168418884,-8356.54982948303,13,23,23,10000,25,0.2,0.2

(402 rows affected)

