Id,Create_DTS,Generation,Group_TestScore,EligibleParents_TestScore,TestCase_Best_leIndividuals_TestScore,BestIndividual_TestScore,Test_Sscore_of_Eelite_Individual_with_Maximum_Number_Test_Cases,Elite_Size,Elite_TestCases,Total_TestCases,Opening_Balance,Population_Size,Alternation_Rate,Uniform_Mutation_Rate
404,2019-01-20 20:59:26.943,270,-8356.54982948303,-8356.54982948303,-8247.57030391693,-8356.54982948303,NULL,13,16,23,10000,25,0.2,0.2
403,2019-01-20 18:45:25.853,269,-8356.54982948303,-8356.54982948303,-8247.57030391693,-8356.54982948303,NULL,13,16,23,10000,25,0.2,0.2
402,2019-01-18 20:16:17.903,268,-8356.54982948303,-8356.54982948303,-8247.57030391693,-8356.54982948303,NULL,13,23,23,10000,25,0.2,0.2
401,2019-01-18 20:04:54.167,267,-1.79769313486232E+308,-8356.54982948303,-8356.54982948303,-8356.54982948303,NULL,12,23,23,10000,25,0.2,0.2
400,2019-01-18 19:52:23.473,266,-1.79769313486232E+308,-8356.54982948303,-8356.54982948303,-8356.54982948303,NULL,4,23,23,10000,25,0.2,0.2
399,2019-01-18 19:16:13.957,265,-1.79769313486232E+308,-8356.54982948303,-8356.54982948303,-8356.54982948303,NULL,10,23,23,10000,25,0.2,0.2
398,2019-01-18 18:14:51.360,264,-8356.54982948303,-8356.54982948303,-8356.54982948303,-8356.54982948303,NULL,17,23,23,10000,25,0.2,0.2
397,2019-01-18 17:03:25.080,263,-8356.54982948303,-8356.54982948303,-8356.54982948303,-8356.54982948303,NULL,15,23,23,10000,25,0.2,0.2
396,2019-01-18 16:05:06.097,262,-4290.4449801445,-4290.4449801445,-8356.54982948303,-8356.54982948303,NULL,21,23,23,10000,25,0.2,0.2
395,2019-01-18 15:40:06.000,261,-1.79769313486232E+308,-8356.54982948303,-8356.54982948303,-8356.54982948303,NULL,11,23,23,10000,25,0.2,0.2
394,2019-01-18 15:20:51.817,260,-1.79769313486232E+308,-6802.9396905899,-8356.54982948303,-8356.54982948303,NULL,9,23,23,10000,25,0.2,0.2
393,2019-01-18 14:57:19.310,259,-1.79769313486232E+308,-8053.76032686234,-8356.54982948303,-8356.54982948303,NULL,12,23,23,10000,25,0.2,0.2
392,2019-01-18 14:36:49.807,258,-1.79769313486232E+308,-4290.4449801445,-8356.54982948303,-4290.4449801445,NULL,12,23,23,10000,25,0.2,0.2
391,2019-01-18 14:26:46.463,257,-8356.54982948303,-4290.4449801445,-8356.54982948303,-8356.54982948303,NULL,13,23,23,10000,25,0.2,0.2
390,2019-01-18 13:59:36.200,256,-1.79769313486232E+308,-8356.54982948303,-8356.54982948303,-8356.54982948303,NULL,10,23,23,10000,25,0.2,0.2
389,2019-01-18 13:34:12.810,255,-1.79769313486232E+308,-8356.54982948303,-8429.49979162216,-8356.54982948303,NULL,10,23,23,10000,25,0.2,0.2
388,2019-01-18 12:54:55.597,254,-1.79769313486232E+308,-8356.54982948303,-8429.49979162216,-8356.54982948303,NULL,11,23,23,10000,25,0.2,0.2
387,2019-01-18 12:27:37.973,253,-1.79769313486232E+308,-8356.54982948303,-8356.54982948303,-8356.54982948303,NULL,9,23,23,10000,25,0.2,0.2
386,2019-01-18 12:07:28.563,252,-1.79769313486232E+308,-8356.54982948303,-8356.54982948303,-8356.54982948303,NULL,7,23,23,10000,25,0.2,0.2
385,2019-01-18 11:59:06.470,251,-1.79769313486232E+308,-8356.54982948303,-8356.54982948303,-8356.54982948303,NULL,10,23,23,10000,25,0.2,0.2
384,2019-01-18 11:53:41.540,250,-1.79769313486232E+308,-4290.4449801445,-8356.54982948303,-8356.54982948303,NULL,11,23,23,10000,25,0.2,0.2
383,2019-01-18 11:33:26.830,249,-1.79769313486232E+308,-4290.4449801445,-8356.54982948303,-8356.54982948303,NULL,10,23,23,10000,25,0.2,0.2
382,2019-01-18 11:25:04.860,248,-1.79769313486232E+308,-4290.4449801445,-8356.54982948303,-8356.54982948303,NULL,10,23,23,10000,25,0.2,0.2
381,2019-01-18 11:18:56.417,247,-1.79769313486232E+308,-4290.4449801445,-8356.54982948303,-8356.54982948303,NULL,8,23,23,10000,25,0.2,0.2
380,2019-01-18 11:11:04.167,246,-1.79769313486232E+308,-4290.4449801445,-8356.54982948303,-8356.54982948303,NULL,12,23,23,10000,25,0.2,0.2
379,2019-01-18 10:57:36.580,245,-1.79769313486232E+308,-4290.4449801445,-8356.54982948303,-4290.4449801445,NULL,11,23,23,10000,25,0.2,0.2
378,2019-01-18 10:50:39.113,244,-8356.54982948303,-8356.54982948303,-8356.54982948303,-8356.54982948303,NULL,13,23,23,10000,25,0.2,0.2
377,2019-01-18 10:34:54.987,243,-1.79769313486232E+308,-8356.54982948303,-8356.54982948303,-8356.54982948303,NULL,12,23,23,10000,25,0.2,0.2
376,2019-01-18 10:22:54.817,242,-1.79769313486232E+308,-8356.54982948303,-8356.54982948303,-8356.54982948303,NULL,10,23,23,10000,25,0.2,0.2
375,2019-01-18 10:01:47.970,241,-1.79769313486232E+308,-8356.54982948303,-8356.54982948303,-8356.54982948303,NULL,11,23,23,10000,25,0.2,0.2
374,2019-01-18 09:52:23.330,240,-8356.54982948303,-8356.54982948303,-8576.54946613312,-8356.54982948303,NULL,13,23,23,10000,25,0.2,0.2
373,2019-01-18 09:16:25.593,239,-1.79769313486232E+308,-8356.54982948303,-8356.54982948303,-8356.54982948303,NULL,11,23,23,10000,25,0.2,0.2
372,2019-01-18 08:58:50.107,238,-1.79769313486232E+308,-8356.54982948303,-8356.54982948303,-8356.54982948303,NULL,11,23,23,10000,25,0.2,0.2
371,2019-01-18 08:54:45.297,237,-8356.54982948303,-8356.54982948303,-8356.54982948303,-8356.54982948303,NULL,16,23,23,10000,25,0.2,0.2
370,2019-01-18 08:48:04.930,236,-1.79769313486232E+308,-8356.54982948303,-8356.54982948303,-8356.54982948303,NULL,11,23,23,10000,25,0.2,0.2
369,2019-01-18 08:40:56.200,235,-1.79769313486232E+308,-8356.54982948303,-8356.54982948303,-8356.54982948303,NULL,8,23,23,10000,25,0.2,0.2
368,2019-01-18 08:36:26.300,234,-1.79769313486232E+308,-8356.54982948303,-8356.54982948303,-8356.54982948303,NULL,12,23,23,10000,25,0.2,0.2
367,2019-01-18 08:29:06.760,233,-1.79769313486232E+308,-8356.54982948303,-8356.54982948303,-8356.54982948303,NULL,3,23,23,10000,25,0.2,0.2
366,2019-01-18 08:23:02.230,232,-1.79769313486232E+308,-8356.54982948303,-8356.54982948303,-8356.54982948303,NULL,9,23,23,10000,25,0.2,0.2
365,2019-01-18 08:15:50.293,231,-8356.54982948303,-8356.54982948303,-8356.54982948303,-8356.54982948303,NULL,14,23,23,10000,25,0.2,0.2
364,2019-01-18 08:08:49.883,230,-1.79769313486232E+308,-8356.54982948303,-8356.54982948303,-8356.54982948303,NULL,11,23,23,10000,25,0.2,0.2
363,2019-01-18 07:59:47.810,229,-1.79769313486232E+308,-8356.54982948303,-8356.54982948303,-8356.54982948303,NULL,11,23,23,10000,25,0.2,0.2
362,2019-01-18 07:53:56.223,228,-8356.54982948303,-8356.54982948303,-8356.54982948303,-8356.54982948303,NULL,14,23,23,10000,25,0.2,0.2
361,2019-01-18 07:46:20.533,227,-8356.54982948303,-8356.54982948303,-8303.39982700348,-8356.54982948303,NULL,15,23,23,10000,25,0.2,0.2
360,2019-01-18 07:38:49.177,226,-1.79769313486232E+308,-8303.39982700348,-8356.54982948303,-8303.39982700348,NULL,11,23,23,10000,25,0.2,0.2
359,2019-01-18 07:33:06.087,225,-8356.54982948303,-8356.54982948303,-8356.54982948303,-8356.54982948303,NULL,14,23,23,10000,25,0.2,0.2
358,2019-01-18 07:24:49.313,224,-1.79769313486232E+308,-8356.54982948303,-8356.54982948303,-8356.54982948303,NULL,11,23,23,10000,25,0.2,0.2
357,2019-01-18 07:14:35.727,223,-1.79769313486232E+308,-8356.54982948303,-8368.82996463776,-9998.28796958923,NULL,8,23,23,10000,25,0.2,0.2
356,2019-01-18 07:01:44.753,222,-9998.28796958923,-8356.54982948303,-8356.54982948303,-9998.28796958923,NULL,10,23,23,10000,25,0.2,0.2
355,2019-01-18 06:55:52.987,221,-1.79769313486232E+308,-8356.54982948303,-8356.54982948303,-9998.28796958923,NULL,9,23,23,10000,25,0.2,0.2
354,2019-01-18 06:49:36.800,220,-1.79769313486232E+308,-8356.54982948303,-8356.54982948303,-9998.28796958923,NULL,11,23,23,10000,25,0.2,0.2
353,2019-01-18 06:43:46.740,219,-8082.25028038025,-8356.54982948303,-9482.25972938538,-8356.54982948303,NULL,13,23,23,10000,25,0.2,0.2
352,2019-01-18 06:39:01.823,218,-1.79769313486232E+308,-8356.54982948303,-8356.54982948303,-8356.54982948303,NULL,11,23,23,10000,25,0.2,0.2
351,2019-01-18 06:25:42.800,217,-1.79769313486232E+308,-8356.54982948303,-8356.54982948303,-8356.54982948303,NULL,5,23,23,10000,25,0.2,0.2
350,2019-01-18 06:15:50.917,216,-8356.54982948303,-8356.54982948303,-8356.54982948303,-8356.54982948303,NULL,13,23,23,10000,25,0.2,0.2
349,2019-01-18 06:12:30.303,215,-1.79769313486232E+308,-8356.54982948303,-8356.54982948303,-8356.54982948303,NULL,9,23,23,10000,25,0.2,0.2
348,2019-01-18 06:06:18.740,214,-1.79769313486232E+308,3782.18859100342,-8356.54982948303,-8356.54982948303,NULL,11,23,23,10000,25,0.2,0.2
347,2019-01-18 06:02:00.577,213,-1.79769313486232E+308,-8356.54982948303,-8231.30961751938,-8356.54982948303,NULL,9,23,23,10000,25,0.2,0.2
346,2019-01-18 05:54:22.433,212,-1.79769313486232E+308,-8356.54982948303,-8356.54982948303,-8356.54982948303,NULL,6,23,23,10000,25,0.2,0.2
345,2019-01-18 05:43:18.637,211,-1.79769313486232E+308,-8356.54982948303,-8356.54982948303,-8356.54982948303,NULL,7,23,23,10000,25,0.2,0.2
344,2019-01-18 05:31:08.903,210,-1.79769313486232E+308,-8356.54982948303,-8356.54982948303,-8356.54982948303,NULL,9,23,23,10000,25,0.2,0.2
343,2019-01-18 05:22:49.940,209,-1.79769313486232E+308,-8356.54982948303,-8356.54982948303,-8356.54982948303,NULL,11,23,23,10000,25,0.2,0.2
342,2019-01-18 05:09:57.683,208,-8356.54982948303,-8356.54982948303,-8356.54982948303,-8356.54982948303,NULL,15,23,23,10000,25,0.2,0.2
341,2019-01-18 04:24:11.877,207,-8356.54982948303,-8356.54982948303,-8356.54982948303,-8356.54982948303,NULL,16,23,23,10000,25,0.2,0.2
340,2019-01-18 04:15:19.030,206,-8356.54982948303,-8356.54982948303,-8356.54982948303,-8356.54982948303,NULL,19,23,23,10000,25,0.2,0.2
339,2019-01-18 04:05:42.193,205,-8356.54982948303,-8356.54982948303,-8356.54982948303,-8356.54982948303,NULL,20,23,23,10000,25,0.2,0.2
338,2019-01-18 03:58:58.440,204,-8356.54982948303,-8356.54982948303,-8537.22967529297,-8537.22967529297,NULL,14,23,23,10000,25,0.2,0.2
337,2019-01-18 03:43:37.887,203,-1.79769313486232E+308,-8356.54982948303,-8414.15964317322,-8537.22967529297,NULL,11,23,23,10000,25,0.2,0.2
336,2019-01-18 03:33:40.137,202,-8356.54982948303,-8356.54982948303,-8537.22967529297,-8537.22967529297,NULL,18,23,23,10000,25,0.2,0.2
335,2019-01-18 03:23:29.460,201,-8455.16005134583,-8537.22967529297,-8537.22967529297,-8537.22967529297,NULL,14,23,23,10000,25,0.2,0.2
334,2019-01-18 03:16:25.323,200,-8537.22967529297,-8356.54982948303,-8537.22967529297,-8537.22967529297,NULL,16,23,23,10000,25,0.2,0.2
333,2019-01-18 03:05:03.643,199,-1.79769313486232E+308,-8356.54982948303,-8356.54982948303,-8537.22967529297,NULL,12,23,23,10000,25,0.2,0.2
332,2019-01-18 02:53:12.227,198,-7741.29017162323,-8356.54982948303,-8537.22967529297,-8537.22967529297,NULL,12,23,23,10000,25,0.2,0.2
331,2019-01-18 02:42:50.730,197,-8356.54982948303,-8356.54982948303,-8462.07969856262,-8537.22967529297,NULL,15,23,23,10000,25,0.2,0.2
330,2019-01-18 02:30:16.123,196,-8333.72047042847,-8356.54982948303,-8537.22967529297,-8537.22967529297,NULL,12,23,23,10000,25,0.2,0.2
329,2019-01-18 02:16:20.487,195,-8356.54982948303,-8356.54982948303,-8356.54982948303,-8356.54982948303,NULL,10,23,23,10000,25,0.2,0.2
328,2019-01-18 01:18:56.040,194,-1.79769313486232E+308,-8356.54982948303,-8356.54982948303,-8356.54982948303,NULL,9,23,23,10000,25,0.2,0.2
327,2019-01-18 00:37:33.810,193,-1.79769313486232E+308,-8356.54982948303,-8356.54982948303,-8356.54982948303,NULL,7,23,23,10000,25,0.2,0.2
326,2019-01-18 00:24:51.673,192,-1.79769313486232E+308,-8356.54982948303,-8578.46740913391,-8356.54982948303,NULL,9,23,23,10000,25,0.2,0.2
325,2019-01-18 00:01:46.003,191,-1.79769313486232E+308,-8356.54982948303,-8176.07693195343,-8176.07693195343,NULL,10,23,23,10000,25,0.2,0.2
324,2019-01-17 23:47:13.957,190,-8356.54982948303,-8356.54982948303,-6763.38022232056,-8356.54982948303,NULL,16,23,23,10000,25,0.2,0.2
323,2019-01-17 23:26:13.183,189,-1.79769313486232E+308,-8356.54982948303,-8356.54982948303,-8356.54982948303,NULL,9,23,23,10000,25,0.2,0.2
322,2019-01-17 23:07:07.420,188,-8356.54982948303,-8356.54982948303,-8356.54982948303,-8356.54982948303,NULL,14,23,23,10000,25,0.2,0.2
321,2019-01-17 22:54:30.860,187,-8356.54982948303,-8356.54982948303,-8356.54982948303,-8356.54982948303,NULL,14,23,23,10000,25,0.2,0.2
320,2019-01-17 22:35:47.157,186,-1.79769313486232E+308,-8356.54982948303,-8356.54982948303,-8356.54982948303,NULL,8,23,23,10000,25,0.2,0.2
319,2019-01-17 22:22:52.030,185,-1.79769313486232E+308,-8356.54982948303,-8356.54982948303,-8356.54982948303,NULL,7,23,23,10000,25,0.2,0.2
318,2019-01-17 21:49:27.223,184,-8356.54982948303,-8356.54982948303,-8286.45979404449,-8356.54982948303,NULL,14,23,23,10000,25,0.2,0.2
317,2019-01-17 21:37:31.890,183,-8236.13981628418,-8356.54982948303,-8356.54982948303,-8356.54982948303,NULL,14,23,23,10000,25,0.2,0.2
316,2019-01-17 21:26:51.687,182,-1.79769313486232E+308,-8356.54982948303,-8356.54982948303,-8356.54982948303,NULL,11,23,23,10000,25,0.2,0.2
315,2019-01-17 21:20:47.730,181,-1.79769313486232E+308,-8356.54982948303,-8356.54982948303,-8356.54982948303,NULL,10,23,23,10000,25,0.2,0.2
314,2019-01-17 21:08:23.270,180,-229.521660804749,-8356.54982948303,-8356.54982948303,-8356.54982948303,NULL,10,23,23,10000,25,0.2,0.2
313,2019-01-17 21:00:12.653,179,-6169.16002655029,-8356.54982948303,-8356.54982948303,-8356.54982948303,NULL,10,23,23,10000,25,0.2,0.2
312,2019-01-17 20:51:13.627,178,-1.79769313486232E+308,-8356.54982948303,-8676.71953868866,-8356.54982948303,NULL,8,23,23,10000,25,0.2,0.2
311,2019-01-17 20:37:12.520,177,-8356.54982948303,-8356.54982948303,-8500.80998659134,-8356.54982948303,NULL,21,23,23,10000,25,0.2,0.2
310,2019-01-17 20:28:28.397,176,-8356.54982948303,-8356.54982948303,-8356.54982948303,-8356.54982948303,NULL,16,23,23,10000,25,0.2,0.2
309,2019-01-17 20:19:38.947,175,-8356.54982948303,-8356.54982948303,-8356.54982948303,-8356.54982948303,NULL,12,23,23,10000,25,0.2,0.2
308,2019-01-17 20:15:09.863,174,-8356.54982948303,-8356.54982948303,-8356.54982948303,-8356.54982948303,NULL,13,23,23,10000,25,0.2,0.2
307,2019-01-17 20:09:08.140,173,-8356.54982948303,-8356.54982948303,-8356.54982948303,-8356.54982948303,NULL,16,23,23,10000,25,0.2,0.2
306,2019-01-17 20:01:30.153,172,-8356.54982948303,-8356.54982948303,-8356.54982948303,-8356.54982948303,NULL,14,23,23,10000,25,0.2,0.2
305,2019-01-17 19:53:05.600,171,-8356.54982948303,-8356.54982948303,-8356.54982948303,-8356.54982948303,NULL,16,23,23,10000,25,0.2,0.2
304,2019-01-17 19:45:38.167,170,-8356.54982948303,-8356.54982948303,-8356.54982948303,-8356.54982948303,NULL,15,23,23,10000,25,0.2,0.2
303,2019-01-17 19:37:56.707,169,-8281.62986946106,-8356.54982948303,-8356.54982948303,-8356.54982948303,NULL,10,23,23,10000,25,0.2,0.2
302,2019-01-17 19:28:21.383,168,-4011.89060592651,-8356.54982948303,-9086.69026994705,-8356.54982948303,NULL,11,23,23,10000,25,0.2,0.2
301,2019-01-17 19:15:52.573,167,-1.79769313486232E+308,-6950.58505296707,-8356.54982948303,-8609.0489487648,NULL,9,23,23,10000,25,0.2,0.2
300,2019-01-17 19:00:20.303,166,-3574.81254482269,-7541.61468839645,-9086.69026994705,-8365.16995096207,NULL,14,23,23,10000,25,0.2,0.2
299,2019-01-17 18:43:02.593,165,-8356.54982948303,-8356.54982948303,-8356.54982948303,-8365.16995096207,NULL,17,23,23,10000,25,0.2,0.2
298,2019-01-17 18:29:06.853,164,-8356.54982948303,-8356.54982948303,-8356.54982948303,-8356.54982948303,NULL,20,23,23,10000,25,0.2,0.2
297,2019-01-17 18:15:39.893,163,-8281.62986946106,-8356.54982948303,-8356.54982948303,-8356.54982948303,NULL,13,23,23,10000,25,0.2,0.2
296,2019-01-17 18:02:52.797,162,-8356.54982948303,-8356.54982948303,-9539.72946882248,-8971.02934980392,NULL,16,23,23,10000,25,0.2,0.2
295,2019-01-17 17:27:25.100,161,-8280.7798705101,-8356.54982948303,-9563.09945297241,-8356.54982948303,NULL,11,23,23,10000,25,0.2,0.2
294,2019-01-17 17:01:00.553,160,-8281.62986946106,-8356.54982948303,-9539.72946882248,-8281.62986946106,NULL,14,23,23,10000,25,0.2,0.2
293,2019-01-17 16:35:27.630,159,-1.79769313486232E+308,-8356.54982948303,-9539.72946882248,-8356.54982948303,NULL,7,23,23,10000,25,0.2,0.2
292,2019-01-17 16:00:19.200,158,-1.79769313486232E+308,-9539.72946882248,-9539.72946882248,-8971.02934980392,NULL,12,23,23,10000,25,0.2,0.2
291,2019-01-17 15:24:14.637,157,-9539.72946882248,-9539.72946882248,-9539.72946882248,-8971.02934980392,NULL,18,23,23,10000,25,0.2,0.2
290,2019-01-17 14:56:27.997,156,-8377.40936899185,-8377.40936899185,-9539.72946882248,-8971.02934980392,NULL,17,23,23,10000,25,0.2,0.2
289,2019-01-17 14:43:19.610,155,-2714.33979797363,-8356.54982948303,-8681.29927253723,-8356.54982948303,NULL,13,23,23,10000,25,0.2,0.2
288,2019-01-17 14:25:57.987,154,-1.79769313486232E+308,-8356.54982948303,-9539.72946882248,-8356.54982948303,NULL,7,23,23,10000,25,0.2,0.2
287,2019-01-17 13:53:53.057,153,-1.79769313486232E+308,-9491.51942920685,-9994.30925703049,-9991.5876660347,NULL,9,23,23,10000,25,0.2,0.2
286,2019-01-17 13:36:31.777,152,-8971.02934980392,-8904.52913999558,-9993.16895914078,-8971.02934980392,NULL,14,23,23,10000,25,0.2,0.2
285,2019-01-17 13:14:19.507,151,-8291.49987030029,-8356.54982948303,-9927.75961399078,-8971.02934980392,NULL,13,23,23,10000,25,0.2,0.2
284,2019-01-17 12:50:44.523,150,-1.79769313486232E+308,-8971.02934980392,-8971.02934980392,-8971.02934980392,NULL,11,23,23,10000,25,0.2,0.2
283,2019-01-17 12:24:47.033,149,-1.79769313486232E+308,-8356.54982948303,-8971.02934980392,-1.79769313486232E+308,NULL,5,23,23,10000,25,0.2,0.2
282,2019-01-17 12:11:02.557,148,-4210.94681978226,-8406.79984760284,-9565.578540802,-8782.81932544708,NULL,12,23,23,10000,25,0.2,0.2
281,2019-01-17 11:56:34.467,147,-1.79769313486232E+308,-8356.54982948303,-8406.79984760284,-8406.79984760284,NULL,5,23,23,10000,25,0.2,0.2
280,2019-01-17 11:39:08.380,146,-1.79769313486232E+308,-8356.54982948303,-8356.54982948303,-8372.1898355484,NULL,8,23,23,10000,25,0.2,0.2
279,2019-01-17 11:23:08.657,145,-1.79769313486232E+308,-8356.54982948303,-8356.54982948303,-8356.54982948303,NULL,7,23,23,10000,25,0.2,0.2
278,2019-01-17 11:06:39.357,144,-8356.54982948303,-8356.54982948303,-8356.54982948303,-8356.54982948303,NULL,11,23,23,10000,25,0.2,0.2
277,2019-01-17 10:55:18.887,143,-1.79769313486232E+308,-8356.54982948303,-8356.54982948303,-8356.54982948303,NULL,6,23,23,10000,25,0.2,0.2
276,2019-01-17 10:44:15.590,142,-1.79769313486232E+308,-8356.54982948303,-8356.54982948303,-8356.54982948303,NULL,4,23,23,10000,25,0.2,0.2
275,2019-01-17 10:24:13.810,141,3037.29990959167,-8356.54982948303,-8356.54982948303,-8356.54982948303,NULL,12,23,23,10000,25,0.2,0.2
274,2019-01-17 10:09:18.820,140,-1.79769313486232E+308,-8356.54982948303,-8356.54982948303,-9985.43727254868,NULL,7,23,23,10000,25,0.2,0.2
273,2019-01-17 09:54:47.237,139,-1.79769313486232E+308,-8356.54982948303,-8356.54982948303,-8356.54982948303,NULL,6,23,23,10000,25,0.2,0.2
272,2019-01-17 09:23:12.110,138,-1.79769313486232E+308,-8356.54982948303,-8356.54982948303,-8356.54982948303,NULL,7,23,23,10000,25,0.2,0.2
271,2019-01-17 09:11:49.020,137,-1.79769313486232E+308,-8356.54982948303,-8356.54982948303,-8356.54982948303,NULL,1,23,23,10000,25,0.2,0.2
270,2019-01-17 08:57:21.480,136,-1.79769313486232E+308,-8356.54982948303,-8356.54982948303,-9985.43727254868,NULL,3,23,23,10000,25,0.2,0.2
269,2019-01-17 08:47:50.917,135,-1.79769313486232E+308,-8356.54982948303,-8356.54982948303,-9985.43727254868,NULL,6,23,23,10000,25,0.2,0.2
268,2019-01-17 08:40:00.887,134,-1.79769313486232E+308,-8356.54982948303,-8356.54982948303,-8356.54982948303,NULL,6,23,23,10000,25,0.2,0.2
267,2019-01-17 08:31:08.790,133,-8356.54982948303,-8356.54982948303,-8809.58973884583,-9985.43727254868,NULL,13,23,23,10000,25,0.2,0.2
266,2019-01-17 08:19:34.663,132,-1.79769313486232E+308,-9999.2003455162,-9982.7800617218,-9985.43727254868,NULL,5,23,23,10000,25,0.2,0.2
265,2019-01-17 08:09:46.560,131,-1.79769313486232E+308,-9827.27009677887,-9827.27009677887,-8356.54982948303,NULL,7,23,23,10000,25,0.2,0.2
264,2019-01-17 07:54:46.790,130,-8356.54982948303,-8356.54982948303,-8356.54982948303,-9985.43727254868,NULL,20,23,23,10000,25,0.2,0.2
263,2019-01-17 07:44:55.000,129,-1.79769313486232E+308,-8356.54982948303,-8356.54982948303,-8356.54982948303,NULL,5,21,23,10000,25,0.2,0.2
262,2019-01-17 07:29:06.157,128,-1.79769313486232E+308,-8356.54982948303,-8356.54982948303,-8356.54982948303,NULL,7,21,23,10000,25,0.2,0.2
261,2019-01-17 06:54:32.350,127,-1.79769313486232E+308,-8356.54982948303,-8356.54982948303,-9984.33736228943,NULL,9,21,23,10000,25,0.2,0.2
260,2019-01-17 06:34:57.830,126,-1.79769313486232E+308,-8356.54982948303,-8356.54982948303,-8356.54982948303,NULL,10,21,23,10000,25,0.2,0.2
259,2019-01-17 06:28:54.510,125,-1.79769313486232E+308,-8356.54982948303,-8356.54982948303,-8356.54982948303,NULL,5,21,23,10000,25,0.2,0.2
258,2019-01-17 06:19:16.353,124,-1.79769313486232E+308,-8356.54982948303,-8356.54982948303,-8356.54982948303,NULL,10,21,23,10000,25,0.2,0.2
257,2019-01-17 06:09:25.500,123,-8356.54982948303,-8356.54982948303,-8356.54982948303,-8356.54982948303,NULL,18,21,23,10000,25,0.2,0.2
256,2019-01-17 06:00:30.170,122,-8356.54982948303,-8356.54982948303,-8356.54982948303,-8356.54982948303,NULL,21,20,23,10000,25,0.2,0.2
255,2019-01-17 05:52:30.740,121,-8356.54982948303,-8356.54982948303,-8356.54982948303,-8356.54982948303,NULL,16,20,23,10000,25,0.2,0.2
254,2019-01-17 05:43:59.530,120,-8356.54982948303,-8356.54982948303,-8356.54982948303,-8356.54982948303,NULL,21,20,23,10000,25,0.2,0.2
253,2019-01-17 05:33:46.243,119,-8356.54982948303,-8356.54982948303,-8356.54982948303,-8356.54982948303,NULL,19,20,23,10000,25,0.2,0.2
252,2019-01-17 05:26:51.850,118,-8356.54982948303,-8356.54982948303,-8356.54982948303,-8356.54982948303,NULL,16,20,23,10000,25,0.2,0.2
251,2019-01-17 05:13:27.290,117,-8356.54982948303,-8356.54982948303,-8356.54982948303,-8356.54982948303,NULL,16,20,23,10000,25,0.2,0.2
250,2019-01-17 04:44:11.233,116,-8356.54982948303,-8356.54982948303,-8356.54982948303,-8356.54982948303,NULL,18,20,23,10000,25,0.2,0.2
249,2019-01-17 04:30:28.323,115,-8356.54982948303,-8356.54982948303,-8356.54982948303,-8356.54982948303,NULL,17,20,23,10000,25,0.2,0.2
248,2019-01-17 04:19:20.733,114,-8356.54982948303,-8356.54982948303,-8356.54982948303,-8356.54982948303,NULL,24,20,23,10000,25,0.2,0.2
247,2019-01-17 03:58:43.137,113,-8356.54982948303,-8356.54982948303,-8356.54982948303,-8356.54982948303,NULL,17,20,23,10000,25,0.2,0.2
246,2019-01-17 03:45:20.437,112,-8356.54982948303,-8356.54982948303,-8356.54982948303,-8356.54982948303,NULL,19,20,23,10000,25,0.2,0.2
245,2019-01-17 03:34:59.867,111,-8356.54982948303,-8356.54982948303,-8356.54982948303,-8356.54982948303,NULL,16,20,23,10000,25,0.2,0.2
244,2019-01-17 03:22:39.127,110,-8356.54982948303,-8356.54982948303,-8356.54982948303,-8356.54982948303,NULL,20,20,23,10000,25,0.2,0.2
243,2019-01-17 03:07:22.890,109,-8356.54982948303,-8356.54982948303,-8356.54982948303,-8356.54982948303,NULL,18,20,23,10000,25,0.2,0.2
242,2019-01-17 02:58:01.850,108,-8356.54982948303,-8356.54982948303,-8356.54982948303,-8356.54982948303,NULL,19,20,23,10000,25,0.2,0.2
241,2019-01-17 02:44:42.630,107,-8313.89959144592,-8356.54982948303,-8530.06974172592,-8356.54982948303,NULL,13,20,23,10000,25,0.2,0.2
240,2019-01-17 02:34:18.433,106,-8525.70979309082,-8356.54982948303,-8442.28972291946,-8356.54982948303,NULL,12,20,23,10000,25,0.2,0.2
239,2019-01-17 02:15:13.453,105,-1.79769313486232E+308,-8442.28972291946,-9987.48357248306,-8356.54982948303,NULL,10,20,23,10000,25,0.2,0.2
238,2019-01-17 02:02:38.810,104,-7919.39118909836,-8631.25060272217,-9989.95150279999,-9999.10232877731,NULL,12,20,23,10000,25,0.2,0.2
237,2019-01-17 01:48:14.443,103,-1.79769313486232E+308,-8356.54982948303,-8356.54982948303,-8356.54982948303,NULL,12,20,23,10000,25,0.2,0.2
236,2019-01-17 00:55:42.870,102,-8324.76010322571,-7756.14105892181,-8356.54982948303,-8356.54982948303,NULL,12,19,23,10000,25,0.2,0.2
235,2019-01-17 00:37:09.563,101,-8635.40992164612,-8635.40992164612,-8716.36043930054,-8716.36043930054,NULL,14,18,23,10000,25,0.2,0.2
234,2019-01-17 00:14:43.100,100,-1.79769313486232E+308,-8716.36043930054,-8716.36043930054,-8716.36043930054,NULL,9,18,23,10000,25,0.2,0.2
233,2019-01-16 23:21:54.980,99,-8687.69051074982,-8687.69051074982,-8716.36043930054,-8716.36043930054,NULL,19,18,23,10000,25,0.2,0.2
232,2019-01-16 22:34:28.710,98,-1.79769313486232E+308,-8687.69051074982,-8356.54982948303,-8356.54982948303,NULL,8,18,23,10000,25,0.2,0.2
231,2019-01-16 22:04:11.677,97,-8356.54982948303,-8356.54982948303,-8397.2798371315,-8356.54982948303,NULL,14,15,23,10000,25,0.2,0.2
230,2019-01-16 21:31:38.623,96,-1.79769313486232E+308,-8356.54982948303,-8356.54982948303,-8356.54982948303,NULL,5,15,23,10000,25,0.2,0.2
229,2019-01-16 21:21:23.363,95,-1.79769313486232E+308,-8356.54982948303,-8356.54982948303,-8356.54982948303,NULL,6,15,23,10000,25,0.2,0.2
228,2019-01-16 20:36:20.480,94,-1.79769313486232E+308,-1.79769313486232E+308,-8356.54982948303,-1.79769313486232E+308,NULL,3,23,23,10000,25,0.2,0.2
227,2019-01-16 07:12:56.057,93,-8356.54982948303,-8356.54982948303,-5418.01881361008,-5418.01881361008,NULL,13,23,23,10000,25,0.2,0.2
226,2019-01-16 06:49:11.977,92,-1.79769313486232E+308,-8356.54982948303,-9406.12992048264,-8356.54982948303,NULL,7,23,23,10000,25,0.2,0.2
225,2019-01-16 06:30:23.107,91,-1.79769313486232E+308,-8356.54982948303,-6156.15836763382,-8356.54982948303,NULL,12,23,23,10000,25,0.2,0.2
224,2019-01-16 06:22:14.727,90,-1.79769313486232E+308,-9611.8971323967,-8356.54982948303,-8356.54982948303,NULL,8,23,23,10000,25,0.2,0.2
223,2019-01-16 06:11:12.767,89,-1.79769313486232E+308,-8356.54982948303,-8356.54982948303,-8356.54982948303,NULL,8,23,23,10000,25,0.2,0.2
222,2019-01-16 06:04:16.183,88,-1.79769313486232E+308,-8356.54982948303,-8356.54982948303,-8356.54982948303,NULL,11,23,23,10000,25,0.2,0.2
221,2019-01-16 05:55:05.333,87,-8090.91984176636,-8356.54982948303,-8090.91984176636,-8356.54982948303,NULL,14,23,23,10000,25,0.2,0.2
220,2019-01-16 05:46:25.707,86,-1.79769313486232E+308,-8356.54982948303,-8783.66842508316,-8356.54982948303,NULL,7,23,23,10000,25,0.2,0.2
219,2019-01-16 05:40:24.587,85,-8356.54982948303,-8356.54982948303,-8356.54982948303,-8356.54982948303,NULL,13,23,23,10000,25,0.2,0.2
218,2019-01-16 05:34:03.157,84,-1.79769313486232E+308,-8356.54982948303,-8356.54982948303,-8356.54982948303,NULL,9,23,23,10000,25,0.2,0.2
217,2019-01-16 05:27:51.733,83,-1.79769313486232E+308,-8356.54982948303,-8356.54982948303,-8356.54982948303,NULL,10,23,23,10000,25,0.2,0.2
216,2019-01-16 05:22:01.300,82,-1.79769313486232E+308,-8356.54982948303,-8356.54982948303,-8356.54982948303,NULL,9,23,23,10000,25,0.2,0.2
215,2019-01-16 05:13:52.403,81,-1.79769313486232E+308,-8356.54982948303,-8356.54982948303,-8356.54982948303,NULL,9,23,23,10000,25,0.2,0.2
214,2019-01-16 04:54:17.220,80,-1.79769313486232E+308,-8356.54982948303,-8356.54982948303,-8356.54982948303,NULL,5,23,23,10000,25,0.2,0.2
213,2019-01-16 04:27:31.270,79,-1.79769313486232E+308,-8356.54982948303,-8522.3098783493,-8356.54982948303,NULL,8,23,23,10000,25,0.2,0.2
212,2019-01-16 03:47:36.180,78,-1.79769313486232E+308,-8356.54982948303,-8522.3098783493,-8356.54982948303,NULL,10,23,23,10000,25,0.2,0.2
211,2019-01-16 02:54:32.627,77,-1.79769313486232E+308,-8356.54982948303,-8522.3098783493,-8356.54982948303,NULL,10,23,23,10000,25,0.2,0.2
210,2019-01-16 01:53:44.080,76,-1.79769313486232E+308,-8356.54982948303,-8356.54982948303,-8356.54982948303,NULL,11,23,23,10000,25,0.2,0.2
209,2019-01-16 01:19:38.343,75,-1.79769313486232E+308,-8356.54982948303,-8356.54982948303,-8356.54982948303,NULL,8,23,23,10000,25,0.2,0.2
208,2019-01-16 00:21:57.873,74,-1.79769313486232E+308,-1.79769313486232E+308,-8815.60853481293,-8356.54982948303,NULL,4,23,23,10000,25,0.2,0.2
207,2019-01-15 23:31:01.450,73,-1.79769313486232E+308,-8356.54982948303,-8356.54982948303,-8356.54982948303,NULL,11,23,23,10000,25,0.2,0.2
206,2019-01-15 22:59:01.817,72,-1.79769313486232E+308,-8322.54010391235,-8322.54010391235,-8356.54982948303,NULL,10,23,23,10000,25,0.2,0.2
205,2019-01-15 22:22:20.123,71,-1.79769313486232E+308,-1.79769313486232E+308,-8224.70992660522,-8356.54982948303,NULL,6,23,23,10000,25,0.2,0.2
204,2019-01-15 21:43:41.583,70,-1.79769313486232E+308,-8356.54982948303,-8169.25023841858,-3593.47964477539,NULL,10,23,23,10000,25,0.2,0.2
203,2019-01-14 20:36:18.797,69,-1.79769313486232E+308,-8356.54982948303,-8704.74999713898,-8356.54982948303,NULL,11,0,23,10000,25,0.2,0.2
202,2019-01-14 19:39:10.943,68,-8356.54982948303,-8356.54982948303,-8760.75003671646,-8356.54982948303,NULL,15,0,23,10000,25,0.2,0.2
201,2019-01-14 18:26:08.373,67,-1.79769313486232E+308,-8356.54982948303,-8529.60847187042,-8356.54982948303,NULL,10,0,23,10000,25,0.2,0.2
200,2019-01-14 17:24:54.930,66,-1.79769313486232E+308,-8356.54982948303,-8815.60853481293,-8356.54982948303,NULL,8,0,23,10000,25,0.2,0.2
199,2019-01-14 16:08:15.193,65,-2736.29362249374,-8356.54982948303,-8427.44981098175,-8356.54982948303,NULL,10,0,23,10000,25,0.2,0.2
198,2019-01-14 15:09:14.610,64,-1.79769313486232E+308,-8246.23838043213,-8246.23838043213,-8356.54982948303,NULL,12,0,23,10000,25,0.2,0.2
197,2019-01-14 14:13:15.077,63,-8336.38047218323,-2252.08222007751,-8451.02939462662,-8356.54982948303,NULL,12,0,23,10000,25,0.2,0.2
196,2019-01-14 13:17:19.480,62,-1.79769313486232E+308,-2252.08222007751,-8356.54982948303,-8356.54982948303,NULL,8,0,23,10000,25,0.2,0.2
195,2019-01-14 11:57:53.467,61,-1.79769313486232E+308,-8282.8598690033,-8356.54982948303,-8356.54982948303,NULL,9,0,23,10000,25,0.2,0.2
194,2019-01-14 10:52:55.193,60,-1.79769313486232E+308,-8032.76988315582,-8844.75996828079,-8356.54982948303,NULL,9,0,23,10000,25,0.2,0.2
193,2019-01-14 09:39:19.827,59,-1.79769313486232E+308,-8356.54982948303,-8356.54982948303,-8356.54982948303,NULL,11,0,23,10000,25,0.2,0.2
192,2019-01-14 08:29:32.143,58,-1.79769313486232E+308,-8282.8598690033,-8356.54982948303,-8356.54982948303,NULL,11,0,23,10000,25,0.2,0.2
191,2019-01-14 07:44:18.233,57,-1.79769313486232E+308,-2252.08222007751,-2252.08222007751,-8356.54982948303,NULL,7,0,23,10000,25,0.2,0.2
190,2019-01-14 06:35:15.580,56,-8282.8598690033,-8356.54982948303,-8844.75996828079,-8356.54982948303,NULL,13,0,23,10000,25,0.2,0.2
189,2019-01-14 05:22:48.350,55,-1.79769313486232E+308,-8772.27144956589,-8362.35969161987,-8356.54982948303,NULL,9,0,23,10000,25,0.2,0.2
188,2019-01-14 04:17:55.610,54,-8356.54982948303,-8356.54982948303,-8356.54982948303,-8356.54982948303,NULL,14,0,23,10000,25,0.2,0.2
187,2019-01-14 03:54:57.147,53,-1.79769313486232E+308,-8356.54982948303,-8356.54982948303,-8356.54982948303,NULL,7,0,23,10000,25,0.2,0.2
186,2019-01-14 03:32:15.323,52,-8356.54982948303,-8356.54982948303,-8356.54982948303,-8356.54982948303,NULL,15,0,23,10000,25,0.2,0.2
185,2019-01-14 03:19:31.553,51,-1.79769313486232E+308,-8356.54982948303,-9779.74715709686,-8356.54982948303,NULL,10,0,23,10000,25,0.2,0.2
184,2019-01-14 03:04:09.180,50,-1.79769313486232E+308,-8356.54982948303,-7839.99980735779,-8356.54982948303,NULL,8,0,23,10000,25,0.2,0.2
183,2019-01-14 02:31:10.177,49,-1.79769313486232E+308,-8356.54982948303,-8356.54982948303,-8356.54982948303,NULL,10,0,23,10000,25,0.2,0.2
182,2019-01-14 01:48:35.270,48,-1.79769313486232E+308,-8121.27975273132,-8874.92867469788,-9329.30064725876,NULL,8,0,23,10000,25,0.2,0.2
181,2019-01-14 01:16:02.377,47,-8356.54982948303,-8356.54982948303,-9329.30064725876,-9329.30064725876,NULL,15,0,23,10000,25,0.2,0.2
180,2019-01-14 00:54:37.070,46,-8356.54982948303,-8356.54982948303,-8356.54982948303,-8356.54982948303,NULL,17,0,23,10000,25,0.2,0.2
179,2019-01-14 00:08:43.610,45,-8356.54982948303,-8356.54982948303,-8356.54982948303,-8356.54982948303,NULL,14,0,23,10000,25,0.2,0.2
178,2019-01-13 23:37:29.423,44,-9198.75935983658,-9198.75935983658,-9052.91988897324,-8356.54982948303,NULL,18,0,23,10000,25,0.2,0.2
177,2019-01-13 22:53:59.710,43,-8356.54982948303,-8356.54982948303,-8356.54982948303,-8356.54982948303,NULL,13,0,23,10000,25,0.2,0.2
176,2019-01-13 22:31:08.477,42,-8356.54982948303,-8356.54982948303,-8356.54982948303,-8356.54982948303,NULL,17,0,23,10000,25,0.2,0.2
175,2019-01-13 21:53:54.160,41,-1.79769313486232E+308,-8356.54982948303,-8356.54982948303,-8356.54982948303,NULL,6,0,23,10000,25,0.2,0.2
174,2019-01-13 21:42:05.090,40,-1.79769313486232E+308,-9989.59857273102,-8308.66998672485,-8356.54982948303,NULL,6,0,23,10000,25,0.2,0.2
173,2019-01-13 21:34:40.150,39,-8311.44959068298,-8356.54982948303,-8356.54982948303,-8356.54982948303,NULL,10,0,23,10000,25,0.2,0.2
172,2019-01-13 21:20:56.057,38,-1.79769313486232E+308,-8311.08959197998,-8356.54982948303,-8356.54982948303,NULL,6,0,23,10000,25,0.2,0.2
171,2019-01-13 21:00:15.823,37,-1.79769313486232E+308,-8329.51005744934,-8356.54982948303,-8356.54982948303,NULL,6,0,23,10000,25,0.2,0.2
170,2019-01-13 20:28:44.153,36,-8356.54982948303,-8356.54982948303,-8356.54982948303,-8356.54982948303,NULL,19,0,23,10000,25,0.2,0.2
169,2019-01-13 20:13:47.020,35,-8356.54982948303,-8356.54982948303,-8356.54982948303,-8356.54982948303,NULL,19,0,23,10000,25,0.2,0.2
168,2019-01-13 20:08:50.063,34,-8356.54982948303,-8356.54982948303,-8356.54982948303,-8356.54982948303,NULL,16,0,23,10000,25,0.2,0.2
167,2019-01-13 20:03:31.190,33,-8356.54982948303,-8356.54982948303,-9750.38996887207,-8356.54982948303,NULL,13,0,23,10000,25,0.2,0.2
166,2019-01-13 19:57:41.447,32,-8356.54982948303,-8356.54982948303,-8356.54982948303,-9750.38996887207,NULL,15,0,23,10000,25,0.2,0.2
165,2019-01-13 19:48:16.120,31,-1.79769313486232E+308,-8356.54982948303,-8356.54982948303,-9750.38996887207,NULL,8,0,23,10000,25,0.2,0.2
164,2019-01-13 19:43:20.163,30,-1.79769313486232E+308,-9750.38996887207,-9750.38996887207,-9750.38996887207,NULL,10,0,23,10000,25,0.2,0.2
163,2019-01-13 19:32:28.537,29,-8356.54982948303,-8356.54982948303,-8356.54982948303,-8356.54982948303,NULL,16,0,23,10000,25,0.2,0.2
162,2019-01-13 19:20:29.377,28,-1.79769313486232E+308,-8356.54982948303,-8356.54982948303,-9750.38996887207,NULL,12,0,23,10000,25,0.2,0.2
161,2019-01-13 19:04:52.180,27,-1.79769313486232E+308,-8356.54982948303,-8948.76012611389,-8356.54982948303,NULL,12,0,23,10000,25,0.2,0.2
160,2019-01-13 18:58:11.807,26,-8356.54982948303,-8356.54982948303,-8884.03993988037,-8356.54982948303,NULL,19,0,23,10000,25,0.2,0.2
159,2019-01-13 18:41:29.540,25,-1.79769313486232E+308,-8356.54982948303,-9750.38996887207,5179.07149982452,NULL,12,0,23,10000,25,0.2,0.2
158,2019-01-13 18:02:39.177,24,-1.79769313486232E+308,-8356.54982948303,-8356.54982948303,-9750.38996887207,NULL,10,0,23,10000,25,0.2,0.2
157,2019-01-13 17:49:12.180,23,-1.79769313486232E+308,-9336.17036867142,-8356.54982948303,-8270.35017967224,NULL,10,0,23,10000,25,0.2,0.2
156,2019-01-13 17:37:52.130,22,-8356.54982948303,-8356.54982948303,-9467.95997810364,-9750.38996887207,NULL,16,0,23,10000,25,0.2,0.2
155,2019-01-13 17:18:50.077,21,-1.79769313486232E+308,-8356.54982948303,-8752.86921882629,-9994.22662830353,NULL,11,0,23,10000,25,0.2,0.2
154,2019-01-13 17:02:10.283,20,-1.79769313486232E+308,-8356.54982948303,-8356.54982948303,-8356.54982948303,NULL,7,0,23,10000,25,0.2,0.2
153,2019-01-13 16:37:23.710,19,-1.79769313486232E+308,-1.79769313486232E+308,-8356.54982948303,-8356.54982948303,NULL,3,0,23,10000,25,0.2,0.2
152,2019-01-13 16:23:41.170,18,-8356.54982948303,-8356.54982948303,-8356.54982948303,-8356.54982948303,NULL,13,0,23,10000,25,0.2,0.2
151,2019-01-13 16:10:39.467,17,-8356.54982948303,-8356.54982948303,-8356.54982948303,-8356.54982948303,NULL,13,0,23,10000,25,0.2,0.2
150,2019-01-13 16:03:16.863,16,-8356.54982948303,-8356.54982948303,-8356.54982948303,-8356.54982948303,NULL,10,0,23,10000,25,0.2,0.2
149,2019-01-13 15:53:12.293,15,-1.79769313486232E+308,-8356.54982948303,-8356.54982948303,-8356.54982948303,NULL,9,0,23,10000,25,0.2,0.2
148,2019-01-13 15:21:25.340,14,-8356.54982948303,-8356.54982948303,-8356.54982948303,-8356.54982948303,NULL,9,0,23,10000,25,0.2,0.2
147,2019-01-13 15:09:51.880,13,-8356.54982948303,-8356.54982948303,-8356.54982948303,-8356.54982948303,NULL,12,0,23,10000,25,0.2,0.2
146,2019-01-13 14:56:55.507,12,-8356.54982948303,-8356.54982948303,-8356.54982948303,-8356.54982948303,NULL,11,0,23,10000,25,0.2,0.2
145,2019-01-13 14:27:58.260,11,-1.79769313486232E+308,-8356.54982948303,-8356.54982948303,-8356.54982948303,NULL,8,0,23,10000,25,0.2,0.2
144,2019-01-13 14:21:28.640,10,-1.79769313486232E+308,-8356.54982948303,-8356.54982948303,-8356.54982948303,NULL,12,0,23,10000,25,0.2,0.2
143,2019-01-13 14:09:13.157,9,-1.79769313486232E+308,-8356.54982948303,-8356.54982948303,-8356.54982948303,NULL,8,0,23,10000,25,0.2,0.2
142,2019-01-13 13:59:07.850,8,-1.79769313486232E+308,-8356.54982948303,-8356.54982948303,-8356.54982948303,NULL,11,0,23,10000,25,0.2,0.2
141,2019-01-13 13:53:36.623,7,-8356.54982948303,-8356.54982948303,-8356.54982948303,-8356.54982948303,NULL,12,0,23,10000,25,0.2,0.2
140,2019-01-13 13:45:21.490,6,-8356.54982948303,-8356.54982948303,-8356.54982948303,-8356.54982948303,NULL,16,0,23,10000,25,0.2,0.2
139,2019-01-13 13:37:33.487,5,-8356.54982948303,-8356.54982948303,-8356.54982948303,-9988.19019365311,NULL,14,0,23,10000,25,0.2,0.2
138,2019-01-13 13:26:03.330,4,-8356.54982948303,-8356.54982948303,-8356.54982948303,-8343.8097205162,NULL,15,0,23,10000,25,0.2,0.2
137,2019-01-13 13:15:48.667,3,-1.79769313486232E+308,-9988.19019365311,-8356.54982948303,-9988.19019365311,NULL,9,0,23,10000,25,0.2,0.2
136,2019-01-13 13:00:03.780,2,-9995.11259698868,-8356.54982948303,-9693.02202558517,-9988.19019365311,NULL,14,0,23,10000,25,0.2,0.2
135,2019-01-13 12:31:12.097,1,-1.79769313486232E+308,-8356.54982948303,-8356.54982948303,-9988.19019365311,NULL,8,0,23,10000,25,0.2,0.2
134,2019-01-13 11:45:24.760,0,-1.79769313486232E+308,-8468.45976257324,-8356.54982948303,-9857.0701675415,NULL,5,0,23,10000,25,0.2,0.2
133,2019-01-13 10:39:29.893,133,-8356.54982948303,-8356.54982948303,-8356.54982948303,-8356.54982948303,NULL,22,0,23,10000,25,0.2,0.2
132,2019-01-13 10:37:45.023,132,-8356.54982948303,-8356.54982948303,-8356.54982948303,-8356.54982948303,NULL,21,0,23,10000,25,0.2,0.2
131,2019-01-13 10:36:02.163,131,-8356.54982948303,-8356.54982948303,-8356.54982948303,-8356.54982948303,NULL,23,0,23,10000,25,0.2,0.2
130,2019-01-13 10:34:17.340,130,-8356.54982948303,-8356.54982948303,-8356.54982948303,-8356.54982948303,NULL,21,0,23,10000,25,0.2,0.2
129,2019-01-13 10:32:33.517,129,-8356.54982948303,-8356.54982948303,-8356.54982948303,-8356.54982948303,NULL,22,0,23,10000,25,0.2,0.2
128,2019-01-13 10:30:50.253,128,-8356.54982948303,-8356.54982948303,-8356.54982948303,-8356.54982948303,NULL,21,0,23,10000,25,0.2,0.2
127,2019-01-13 10:29:08.243,127,-8356.54982948303,-8356.54982948303,-8356.54982948303,-8356.54982948303,NULL,21,0,23,10000,25,0.2,0.2
126,2019-01-13 10:27:25.837,126,-8356.54982948303,-8356.54982948303,-8356.54982948303,-8356.54982948303,NULL,18,0,23,10000,25,0.2,0.2
125,2019-01-13 10:25:48.310,125,-8356.54982948303,-8356.54982948303,-8356.54982948303,-8356.54982948303,NULL,20,0,23,10000,25,0.2,0.2
124,2019-01-13 10:24:05.150,124,-8356.54982948303,-8356.54982948303,-8356.54982948303,-8356.54982948303,NULL,20,0,23,10000,25,0.2,0.2
123,2019-01-13 10:22:24.190,123,-8356.54982948303,-8356.54982948303,-8356.54982948303,-8356.54982948303,NULL,23,0,23,10000,25,0.2,0.2
122,2019-01-13 10:20:39.657,122,-8356.54982948303,-8356.54982948303,-8356.54982948303,-8356.54982948303,NULL,22,0,23,10000,25,0.2,0.2
121,2019-01-13 10:18:57.020,121,-8356.54982948303,-8356.54982948303,-8356.54982948303,-8356.54982948303,NULL,21,0,23,10000,25,0.2,0.2
120,2019-01-13 10:17:13.540,120,-8356.54982948303,-8356.54982948303,-8356.54982948303,-8356.54982948303,NULL,19,0,23,10000,25,0.2,0.2
119,2019-01-13 10:15:33.067,119,-8356.54982948303,-8356.54982948303,-8356.54982948303,-8356.54982948303,NULL,24,0,23,10000,25,0.2,0.2
118,2019-01-13 10:13:48.763,118,-8356.54982948303,-8356.54982948303,-8356.54982948303,-8356.54982948303,NULL,20,0,23,10000,25,0.2,0.2
117,2019-01-13 10:12:08.777,117,-8356.54982948303,-8356.54982948303,-8356.54982948303,-8356.54982948303,NULL,20,0,23,10000,25,0.2,0.2
116,2019-01-13 10:10:28.337,116,-8356.54982948303,-8356.54982948303,-8356.54982948303,-8356.54982948303,NULL,23,0,23,10000,25,0.2,0.2
115,2019-01-13 10:08:45.197,115,-8356.54982948303,-8356.54982948303,-8356.54982948303,-8356.54982948303,NULL,22,0,23,10000,25,0.2,0.2
114,2019-01-13 10:07:00.257,114,-8356.54982948303,-8356.54982948303,-8356.54982948303,-8356.54982948303,NULL,23,0,23,10000,25,0.2,0.2
113,2019-01-13 10:05:17.053,113,-8356.54982948303,-8356.54982948303,-8356.54982948303,-8356.54982948303,NULL,19,0,23,10000,25,0.2,0.2
112,2019-01-13 10:03:35.310,112,-8356.54982948303,-8356.54982948303,-8356.54982948303,-8356.54982948303,NULL,24,0,23,10000,25,0.2,0.2
111,2019-01-13 10:01:52.280,111,-8356.54982948303,-8356.54982948303,-8356.54982948303,-8356.54982948303,NULL,23,0,23,10000,25,0.2,0.2
110,2019-01-13 10:00:05.593,110,-8356.54982948303,-8356.54982948303,-8356.54982948303,-8356.54982948303,NULL,23,0,23,10000,25,0.2,0.2
109,2019-01-13 09:58:20.580,109,-8356.54982948303,-8356.54982948303,-8356.54982948303,-8356.54982948303,NULL,23,0,23,10000,25,0.2,0.2
108,2019-01-13 09:56:34.630,108,-8356.54982948303,-8356.54982948303,-8356.54982948303,-8356.54982948303,NULL,22,0,23,10000,25,0.2,0.2
107,2019-01-13 09:54:51.490,107,-8356.54982948303,-8356.54982948303,-8356.54982948303,-8356.54982948303,NULL,25,0,23,10000,25,0.2,0.2
106,2019-01-13 09:53:04.500,106,-8356.54982948303,-8356.54982948303,-8356.54982948303,-8356.54982948303,NULL,21,0,23,10000,25,0.2,0.2
105,2019-01-13 09:51:21.373,105,-8356.54982948303,-8356.54982948303,-8356.54982948303,-8356.54982948303,NULL,22,0,23,10000,25,0.2,0.2
104,2019-01-13 09:49:38.400,104,-8356.54982948303,-8356.54982948303,-8356.54982948303,-8356.54982948303,NULL,19,0,23,10000,25,0.2,0.2
103,2019-01-13 09:47:57.230,103,-8356.54982948303,-8356.54982948303,-8356.54982948303,-8356.54982948303,NULL,21,0,23,10000,25,0.2,0.2
102,2019-01-13 09:46:15.000,102,-8356.54982948303,-8356.54982948303,-8356.54982948303,-8356.54982948303,NULL,22,0,23,10000,25,0.2,0.2
101,2019-01-13 09:44:32.110,101,-8356.54982948303,-8356.54982948303,-8356.54982948303,-8356.54982948303,NULL,18,0,23,10000,25,0.2,0.2
100,2019-01-13 09:41:33.227,100,-8356.54982948303,-8356.54982948303,-8356.54982948303,-8356.54982948303,NULL,18,0,23,10000,25,0.2,0.2
99,2019-01-13 09:38:43.427,99,-8356.54982948303,-8356.54982948303,-8356.54982948303,-8356.54982948303,NULL,17,0,23,10000,25,0.2,0.2
98,2019-01-13 09:35:57.277,98,-8356.54982948303,-8356.54982948303,-8356.54982948303,-8356.54982948303,NULL,15,0,23,10000,25,0.2,0.2
97,2019-01-13 09:33:09.093,97,-8356.54982948303,-8356.54982948303,-8356.54982948303,-8356.54982948303,NULL,19,0,23,10000,25,0.2,0.2
96,2019-01-13 09:30:09.640,96,-8356.54982948303,-8356.54982948303,-8356.54982948303,-8356.54982948303,NULL,13,0,23,10000,25,0.2,0.2
95,2019-01-13 09:27:31.697,95,-8356.54982948303,-8356.54982948303,-8356.54982948303,-8356.54982948303,NULL,17,0,23,10000,25,0.2,0.2
94,2019-01-13 09:24:51.577,94,-8356.54982948303,-8356.54982948303,-8356.54982948303,-8356.54982948303,NULL,16,0,23,10000,25,0.2,0.2
93,2019-01-13 09:22:10.053,93,-8356.54982948303,-8356.54982948303,-8356.54982948303,-8356.54982948303,NULL,15,0,23,10000,25,0.2,0.2
92,2019-01-13 09:19:26.857,92,-8356.54982948303,-8356.54982948303,-8356.54982948303,-8356.54982948303,NULL,15,0,23,10000,25,0.2,0.2
91,2019-01-13 09:17:00.290,91,-8356.54982948303,-8356.54982948303,-8356.54982948303,-8356.54982948303,NULL,19,0,23,10000,25,0.2,0.2
90,2019-01-13 09:14:47.223,90,-8356.54982948303,-8356.54982948303,-8356.54982948303,-8356.54982948303,NULL,14,0,23,10000,25,0.2,0.2
89,2019-01-13 09:12:33.563,89,-8356.54982948303,-8356.54982948303,-8356.54982948303,-8356.54982948303,NULL,17,0,23,10000,25,0.2,0.2
88,2019-01-13 09:10:22.580,88,-8356.54982948303,-8356.54982948303,-8356.54982948303,-8356.54982948303,NULL,19,0,23,10000,25,0.2,0.2
87,2019-01-13 09:08:07.603,87,-8356.54982948303,-8356.54982948303,-8356.54982948303,-8356.54982948303,NULL,16,0,23,10000,25,0.2,0.2
86,2019-01-13 09:05:56.797,86,-8356.54982948303,-8356.54982948303,-8356.54982948303,-8356.54982948303,NULL,20,0,23,10000,25,0.2,0.2
85,2019-01-13 09:03:39.370,85,-8356.54982948303,-8356.54982948303,-8356.54982948303,-8356.54982948303,NULL,18,0,23,10000,25,0.2,0.2
84,2019-01-13 09:00:19.590,84,-8356.54982948303,-8356.54982948303,-8356.54982948303,-8356.54982948303,NULL,16,0,23,10000,25,0.2,0.2
83,2019-01-13 08:56:23.870,83,-8356.54982948303,-8356.54982948303,-8356.54982948303,-8356.54982948303,NULL,21,0,23,10000,25,0.2,0.2
82,2019-01-13 08:53:40.537,82,-8356.54982948303,-8356.54982948303,-8356.54982948303,-8356.54982948303,NULL,14,0,23,10000,25,0.2,0.2
81,2019-01-13 08:51:08.790,81,-8356.54982948303,-8356.54982948303,-8356.54982948303,-8356.54982948303,NULL,17,0,23,10000,25,0.2,0.2
80,2019-01-13 08:48:31.080,80,-8356.54982948303,-8356.54982948303,-8356.54982948303,-8356.54982948303,NULL,13,0,23,10000,25,0.2,0.2
79,2019-01-13 08:46:20.640,79,-8356.54982948303,-8356.54982948303,-8356.54982948303,-8356.54982948303,NULL,18,0,23,10000,25,0.2,0.2
78,2019-01-13 08:43:42.297,78,-8356.54982948303,-8356.54982948303,-8356.54982948303,-8356.54982948303,NULL,18,0,23,10000,25,0.2,0.2
77,2019-01-13 08:41:04.357,77,-8356.54982948303,-8356.54982948303,-8356.54982948303,-8356.54982948303,NULL,20,0,23,10000,25,0.2,0.2
76,2019-01-13 08:38:28.710,76,-8356.54982948303,-8356.54982948303,-8356.54982948303,-8356.54982948303,NULL,13,0,23,10000,25,0.2,0.2
75,2019-01-13 08:36:08.130,75,-8356.54982948303,-8356.54982948303,-8356.54982948303,-8356.54982948303,NULL,16,0,23,10000,25,0.2,0.2
74,2019-01-13 08:33:35.907,74,-8356.54982948303,-8356.54982948303,-8356.54982948303,-8356.54982948303,NULL,17,0,23,10000,25,0.2,0.2
73,2019-01-13 08:31:00.840,73,-8356.54982948303,-8356.54982948303,-8356.54982948303,-8356.54982948303,NULL,14,0,23,10000,25,0.2,0.2
72,2019-01-13 08:24:46.370,72,-8356.54982948303,-8356.54982948303,-8356.54982948303,-8356.54982948303,NULL,20,0,23,10000,25,0.2,0.2
71,2019-01-13 08:22:01.597,71,-8356.54982948303,-8356.54982948303,-8356.54982948303,-8356.54982948303,NULL,18,0,23,10000,25,0.2,0.2
70,2019-01-13 08:19:33.700,70,-8356.54982948303,-8356.54982948303,-8356.54982948303,-8356.54982948303,NULL,14,0,23,10000,25,0.2,0.2
69,2019-01-13 08:17:03.563,69,-8356.54982948303,-8356.54982948303,-8356.54982948303,-8356.54982948303,NULL,15,0,23,10000,25,0.2,0.2
68,2019-01-13 08:14:39.070,68,-8356.54982948303,-8356.54982948303,-8356.54982948303,-8356.54982948303,NULL,14,0,23,10000,25,0.2,0.2
67,2019-01-13 08:12:01.603,67,-8356.54982948303,-8356.54982948303,-8356.54982948303,-8356.54982948303,NULL,20,0,23,10000,25,0.2,0.2
66,2019-01-13 08:09:43.670,66,-8356.54982948303,-8356.54982948303,-8356.54982948303,-8356.54982948303,NULL,22,0,23,10000,25,0.2,0.2
65,2019-01-13 08:07:21.190,65,-8356.54982948303,-8356.54982948303,-8356.54982948303,-8356.54982948303,NULL,21,0,23,10000,25,0.2,0.2
64,2019-01-13 08:04:59.217,64,-8356.54982948303,-8356.54982948303,-8356.54982948303,-8356.54982948303,NULL,17,0,23,10000,25,0.2,0.2
63,2019-01-13 08:02:43.917,63,-8356.54982948303,-8356.54982948303,-8356.54982948303,-8356.54982948303,NULL,20,0,23,10000,25,0.2,0.2
62,2019-01-13 08:00:24.363,62,-8356.54982948303,-8356.54982948303,-8356.54982948303,-8356.54982948303,NULL,22,0,23,10000,25,0.2,0.2
61,2019-01-13 07:58:00.880,61,-8356.54982948303,-8356.54982948303,-8356.54982948303,-8356.54982948303,NULL,14,0,23,10000,25,0.2,0.2
60,2019-01-13 07:55:45.797,60,-8356.54982948303,-8356.54982948303,-8356.54982948303,-8356.54982948303,NULL,19,0,23,10000,25,0.2,0.2
59,2019-01-13 07:53:30.673,59,-8356.54982948303,-8356.54982948303,-8356.54982948303,-8356.54982948303,NULL,20,0,23,10000,25,0.2,0.2
58,2019-01-13 07:48:40.793,58,-8356.54982948303,-8356.54982948303,-8356.54982948303,-8356.54982948303,NULL,21,0,23,10000,25,0.2,0.2
57,2019-01-13 07:46:18.430,57,-8356.54982948303,-8356.54982948303,-8356.54982948303,-8356.54982948303,NULL,19,0,23,10000,25,0.2,0.2
56,2019-01-13 07:43:57.070,56,-8356.54982948303,-8356.54982948303,-8356.54982948303,-8356.54982948303,NULL,20,0,23,10000,25,0.2,0.2
55,2019-01-13 07:41:39.777,55,-8356.54982948303,-8356.54982948303,-8356.54982948303,-8356.54982948303,NULL,20,0,23,10000,25,0.2,0.2
54,2019-01-13 07:39:18.790,54,-8356.54982948303,-8356.54982948303,-8356.54982948303,-8356.54982948303,NULL,19,0,23,10000,25,0.2,0.2
53,2019-01-13 07:36:59.813,53,-8356.54982948303,-8356.54982948303,-8356.54982948303,-8356.54982948303,NULL,18,0,23,10000,25,0.2,0.2
52,2019-01-13 07:34:45.657,52,-8356.54982948303,-8356.54982948303,-8356.54982948303,-8356.54982948303,NULL,18,0,23,10000,25,0.2,0.2
51,2019-01-13 07:31:25.170,51,-8356.54982948303,-8356.54982948303,-8356.54982948303,-8356.54982948303,NULL,17,0,23,10000,25,0.2,0.2
50,2019-01-13 07:29:15.100,50,-8356.54982948303,-8356.54982948303,-8356.54982948303,-8356.54982948303,NULL,19,0,23,10000,25,0.2,0.2
49,2019-01-13 07:26:56.783,49,-8356.54982948303,-8356.54982948303,-8356.54982948303,-8356.54982948303,NULL,20,0,23,10000,25,0.2,0.2
48,2019-01-13 07:24:46.473,48,-8356.54982948303,-8356.54982948303,-8356.54982948303,-8356.54982948303,NULL,16,0,23,10000,25,0.2,0.2
47,2019-01-13 07:22:40.823,47,-8356.54982948303,-8356.54982948303,-8356.54982948303,-8356.54982948303,NULL,21,0,23,10000,25,0.2,0.2
46,2019-01-13 07:16:49.790,46,-8356.54982948303,-8356.54982948303,-8356.54982948303,-8356.54982948303,NULL,14,0,23,10000,25,0.2,0.2
45,2019-01-13 07:10:56.167,45,-8356.54982948303,-8356.54982948303,-8356.54982948303,-8356.54982948303,NULL,22,0,23,10000,25,0.2,0.2
44,2019-01-13 07:05:18.547,44,-8356.54982948303,-8356.54982948303,-8356.54982948303,-8356.54982948303,NULL,22,0,23,10000,25,0.2,0.2
43,2019-01-13 07:00:14.417,43,-8356.54982948303,-8356.54982948303,-8356.54982948303,-8356.54982948303,NULL,24,0,23,10000,25,0.2,0.2
42,2019-01-13 06:51:24.660,42,-8356.54982948303,-8356.54982948303,-8356.54982948303,-8356.54982948303,NULL,18,0,23,10000,25,0.2,0.2
41,2019-01-13 06:39:54.583,41,-8356.54982948303,-8356.54982948303,-8356.54982948303,-8356.54982948303,NULL,16,0,23,10000,25,0.2,0.2
40,2019-01-13 06:26:28.650,40,-8356.54982948303,-8356.54982948303,-8356.54982948303,-8356.54982948303,NULL,22,0,23,10000,25,0.2,0.2
39,2019-01-13 06:11:53.407,39,-8356.54982948303,-8356.54982948303,-8356.54982948303,-8356.54982948303,NULL,15,0,23,10000,25,0.2,0.2
38,2019-01-13 06:04:03.973,38,-1.79769313486232E+308,-8356.54982948303,-8356.54982948303,-8356.54982948303,NULL,11,0,23,10000,25,0.2,0.2
37,2019-01-13 05:57:32.077,37,-1.79769313486232E+308,-8356.54982948303,-8356.54982948303,-8356.54982948303,NULL,10,0,23,10000,25,0.2,0.2
36,2019-01-13 05:48:40.040,36,-8356.54982948303,-8356.54982948303,-8356.54982948303,-8356.54982948303,NULL,13,0,23,10000,25,0.2,0.2
35,2019-01-13 05:44:03.567,35,-1.79769313486232E+308,-8356.54982948303,-8356.54982948303,-8356.54982948303,NULL,11,0,23,10000,25,0.2,0.2
34,2019-01-13 05:35:51.313,34,-1.79769313486232E+308,-8356.54982948303,-8356.54982948303,-8356.54982948303,NULL,8,0,23,10000,25,0.2,0.2
33,2019-01-13 05:29:13.353,33,-1.79769313486232E+308,-1.79769313486232E+308,-8356.54982948303,-8356.54982948303,NULL,6,0,23,10000,25,0.2,0.2
32,2019-01-13 05:21:42.343,32,-1.79769313486232E+308,-8356.54982948303,-8356.54982948303,-8356.54982948303,NULL,9,0,23,10000,25,0.2,0.2
31,2019-01-13 05:13:03.317,31,-5326.60999965668,-8356.54982948303,-8356.54982948303,-8356.54982948303,NULL,12,0,23,10000,25,0.2,0.2
30,2019-01-13 05:04:52.437,30,-8356.54982948303,-8356.54982948303,-8356.54982948303,-8356.54982948303,NULL,14,0,23,10000,25,0.2,0.2
29,2019-01-13 04:59:42.153,29,-8356.54982948303,-8356.54982948303,-8356.54982948303,-8356.54982948303,NULL,15,0,23,10000,25,0.2,0.2
28,2019-01-13 04:54:38.833,28,-1.79769313486232E+308,-8356.54982948303,-8356.54982948303,-8356.54982948303,NULL,9,0,23,10000,25,0.2,0.2
27,2019-01-13 04:42:02.563,27,-8356.54982948303,-8356.54982948303,-8356.54982948303,-8356.54982948303,NULL,14,0,23,10000,25,0.2,0.2
26,2019-01-13 04:36:00.480,26,-1.79769313486232E+308,-8356.54982948303,-8356.54982948303,-8356.54982948303,NULL,12,0,23,10000,25,0.2,0.2
25,2019-01-13 04:30:41.157,25,-1.79769313486232E+308,-8356.54982948303,-8356.54982948303,-8356.54982948303,NULL,8,0,23,10000,25,0.2,0.2
24,2019-01-13 04:22:45.223,24,-1.79769313486232E+308,-8356.54982948303,-8356.54982948303,-8356.54982948303,NULL,11,0,23,10000,25,0.2,0.2
23,2019-01-13 04:13:03.097,23,-1.79769313486232E+308,-8356.54982948303,-8356.54982948303,-8356.54982948303,NULL,12,0,23,10000,25,0.2,0.2
22,2019-01-13 04:08:15.633,22,-1.79769313486232E+308,-8356.54982948303,-8356.54982948303,-8356.54982948303,NULL,10,0,23,10000,25,0.2,0.2
21,2019-01-13 04:03:27.080,21,-8356.54982948303,-8356.54982948303,-8356.54982948303,-8356.54982948303,NULL,12,0,23,10000,25,0.2,0.2
20,2019-01-13 04:00:03.610,20,-1.79769313486232E+308,-8356.54982948303,-8356.54982948303,-8356.54982948303,NULL,6,0,23,10000,25,0.2,0.2
19,2019-01-13 03:55:57.560,19,-1.79769313486232E+308,-8356.54982948303,-8356.54982948303,-8356.54982948303,NULL,10,0,23,10000,25,0.2,0.2
18,2019-01-13 02:48:14.560,18,-1.79769313486232E+308,-8356.54982948303,-8356.54982948303,-8356.54982948303,NULL,11,0,23,10000,25,0.2,0.2
17,2019-01-13 02:35:20.497,17,-8356.54982948303,-8356.54982948303,-8356.54982948303,-8356.54982948303,NULL,17,0,23,10000,25,0.2,0.2
16,2019-01-13 02:32:16.210,16,-8356.54982948303,-8356.54982948303,-8356.54982948303,-8356.54982948303,NULL,13,0,23,10000,25,0.2,0.2
15,2019-01-13 02:29:13.750,15,-8356.54982948303,-8356.54982948303,-8356.54982948303,-8356.54982948303,NULL,14,0,23,10000,25,0.2,0.2
14,2019-01-13 02:24:22.680,14,-8356.54982948303,-8356.54982948303,-8356.54982948303,-8356.54982948303,NULL,12,0,23,10000,25,0.2,0.2
13,2019-01-13 02:17:44.380,13,-1.79769313486232E+308,-8356.54982948303,-8356.54982948303,-8356.54982948303,NULL,9,0,23,10000,25,0.2,0.2
12,2019-01-13 02:09:36.530,12,-1.79769313486232E+308,-8356.54982948303,-8356.54982948303,-8356.54982948303,NULL,9,0,23,10000,25,0.2,0.2
11,2019-01-13 02:00:30.267,11,-1.79769313486232E+308,-8356.54982948303,-8356.54982948303,-8356.54982948303,NULL,3,0,23,10000,25,0.2,0.2
10,2019-01-13 01:51:38.903,10,-1.79769313486232E+308,-8356.54982948303,-8356.54982948303,-8356.54982948303,NULL,10,0,23,10000,25,0.2,0.2
9,2019-01-13 01:43:05.187,9,-1.79769313486232E+308,-8356.54982948303,-8356.54982948303,-8356.54982948303,NULL,10,0,23,10000,25,0.2,0.2
8,2019-01-13 01:36:47.157,8,-1.79769313486232E+308,-8356.54982948303,-8356.54982948303,-8356.54982948303,NULL,9,0,23,10000,25,0.2,0.2
7,2019-01-13 01:30:00.900,7,-1.79769313486232E+308,-8356.54982948303,-8356.54982948303,-8356.54982948303,NULL,11,0,23,10000,25,0.2,0.2
6,2019-01-13 01:23:48.393,6,-8356.54982948303,-8356.54982948303,-8356.54982948303,-8356.54982948303,NULL,13,0,23,10000,25,0.2,0.2
5,2019-01-13 01:16:42.000,5,-8356.54982948303,-8356.54982948303,-8356.54982948303,-8356.54982948303,NULL,14,0,23,10000,25,0.2,0.2
4,2019-01-13 01:09:38.400,4,-8356.54982948303,-8356.54982948303,-8356.54982948303,-8356.54982948303,NULL,13,0,23,10000,25,0.2,0.2
3,2019-01-13 00:43:44.533,3,-1.79769313486232E+308,-5545.55935287476,-9993.3412899971,-8356.54982948303,NULL,8,0,23,10000,25,0.2,0.2
2,2019-01-13 00:29:27.577,2,-1.79769313486232E+308,-1.79769313486232E+308,-8357.03984355927,3886.71130037308,NULL,3,0,23,10000,25,0.2,0.2
1,2019-01-13 00:05:12.473,1,-1.79769313486232E+308,-8782.56973791122,-9055.63129615784,-8356.54982948303,NULL,4,0,23,10000,25,0.2,0.2

(404 rows affected)

